27 Feb 2024 12:10:07,253 INFO com.sismics.util.jpa.EMF.getEntityManagerProperties(EMF.java:67) Configuring EntityManager from hibernate.properties 
27 Feb 2024 12:10:07,620 INFO com.sismics.util.jpa.DbOpenHelper.open(DbOpenHelper.java:57) Opening database and executing incremental updates 
27 Feb 2024 12:10:07,621 INFO com.sismics.util.jpa.DbOpenHelper.open(DbOpenHelper.java:83) Unable to get database version: Table T_CONFIG not found 
27 Feb 2024 12:10:07,621 INFO com.sismics.util.jpa.DbOpenHelper.open(DbOpenHelper.java:98) Executing initial schema creation script 
27 Feb 2024 12:10:07,623 INFO com.sismics.util.jpa.DbOpenHelper.executeAllScript(DbOpenHelper.java:142) Executing script: dbupdate-000-0.sql 
27 Feb 2024 12:10:07,666 INFO com.sismics.util.jpa.DbOpenHelper.executeAllScript(DbOpenHelper.java:142) Executing script: dbupdate-000-1.sql 
27 Feb 2024 12:10:07,672 INFO com.sismics.util.jpa.DbOpenHelper.open(DbOpenHelper.java:106) Found database version 0, new version is 27, executing database incremental update scripts 
27 Feb 2024 12:10:07,673 INFO com.sismics.util.jpa.DbOpenHelper.executeAllScript(DbOpenHelper.java:142) Executing script: dbupdate-001-0.sql 
27 Feb 2024 12:10:07,697 INFO com.sismics.util.jpa.DbOpenHelper.executeAllScript(DbOpenHelper.java:142) Executing script: dbupdate-002-0.sql 
27 Feb 2024 12:10:07,702 INFO com.sismics.util.jpa.DbOpenHelper.executeAllScript(DbOpenHelper.java:142) Executing script: dbupdate-003-0.sql 
27 Feb 2024 12:10:07,706 INFO com.sismics.util.jpa.DbOpenHelper.executeAllScript(DbOpenHelper.java:142) Executing script: dbupdate-004-0.sql 
27 Feb 2024 12:10:07,719 INFO com.sismics.util.jpa.DbOpenHelper.executeAllScript(DbOpenHelper.java:142) Executing script: dbupdate-005-0.sql 
27 Feb 2024 12:10:07,721 INFO com.sismics.util.jpa.DbOpenHelper.executeAllScript(DbOpenHelper.java:142) Executing script: dbupdate-006-0.sql 
27 Feb 2024 12:10:07,826 INFO com.sismics.util.jpa.DbOpenHelper.executeAllScript(DbOpenHelper.java:142) Executing script: dbupdate-007-0.sql 
27 Feb 2024 12:10:07,829 INFO com.sismics.util.jpa.DbOpenHelper.executeAllScript(DbOpenHelper.java:142) Executing script: dbupdate-008-0.sql 
27 Feb 2024 12:10:07,835 INFO com.sismics.util.jpa.DbOpenHelper.executeAllScript(DbOpenHelper.java:142) Executing script: dbupdate-009-0.sql 
27 Feb 2024 12:10:07,840 INFO com.sismics.util.jpa.DbOpenHelper.executeAllScript(DbOpenHelper.java:142) Executing script: dbupdate-010-0.sql 
27 Feb 2024 12:10:07,842 INFO com.sismics.util.jpa.DbOpenHelper.executeAllScript(DbOpenHelper.java:142) Executing script: dbupdate-011-0.sql 
27 Feb 2024 12:10:07,849 INFO com.sismics.util.jpa.DbOpenHelper.executeAllScript(DbOpenHelper.java:142) Executing script: dbupdate-012-0.sql 
27 Feb 2024 12:10:07,856 INFO com.sismics.util.jpa.DbOpenHelper.executeAllScript(DbOpenHelper.java:142) Executing script: dbupdate-013-0.sql 
27 Feb 2024 12:10:07,859 INFO com.sismics.util.jpa.DbOpenHelper.executeAllScript(DbOpenHelper.java:142) Executing script: dbupdate-014-0.sql 
27 Feb 2024 12:10:07,865 INFO com.sismics.util.jpa.DbOpenHelper.executeAllScript(DbOpenHelper.java:142) Executing script: dbupdate-015-0.sql 
27 Feb 2024 12:10:07,874 INFO com.sismics.util.jpa.DbOpenHelper.executeAllScript(DbOpenHelper.java:142) Executing script: dbupdate-016-0.sql 
27 Feb 2024 12:10:07,876 INFO com.sismics.util.jpa.DbOpenHelper.executeAllScript(DbOpenHelper.java:142) Executing script: dbupdate-017-0.sql 
27 Feb 2024 12:10:07,880 INFO com.sismics.util.jpa.DbOpenHelper.executeAllScript(DbOpenHelper.java:142) Executing script: dbupdate-018-0.sql 
27 Feb 2024 12:10:07,909 INFO com.sismics.util.jpa.DbOpenHelper.executeAllScript(DbOpenHelper.java:142) Executing script: dbupdate-019-0.sql 
27 Feb 2024 12:10:07,914 INFO com.sismics.util.jpa.DbOpenHelper.executeAllScript(DbOpenHelper.java:142) Executing script: dbupdate-020-0.sql 
27 Feb 2024 12:10:07,919 INFO com.sismics.util.jpa.DbOpenHelper.executeAllScript(DbOpenHelper.java:142) Executing script: dbupdate-021-0.sql 
27 Feb 2024 12:10:07,932 INFO com.sismics.util.jpa.DbOpenHelper.executeAllScript(DbOpenHelper.java:142) Executing script: dbupdate-022-0.sql 
27 Feb 2024 12:10:07,939 INFO com.sismics.util.jpa.DbOpenHelper.executeAllScript(DbOpenHelper.java:142) Executing script: dbupdate-023-0.sql 
27 Feb 2024 12:10:07,944 INFO com.sismics.util.jpa.DbOpenHelper.executeAllScript(DbOpenHelper.java:142) Executing script: dbupdate-024-0.sql 
27 Feb 2024 12:10:07,950 INFO com.sismics.util.jpa.DbOpenHelper.executeAllScript(DbOpenHelper.java:142) Executing script: dbupdate-025-0.sql 
27 Feb 2024 12:10:07,952 INFO com.sismics.util.jpa.DbOpenHelper.executeAllScript(DbOpenHelper.java:142) Executing script: dbupdate-026-0.sql 
27 Feb 2024 12:10:07,954 INFO com.sismics.util.jpa.DbOpenHelper.executeAllScript(DbOpenHelper.java:142) Executing script: dbupdate-027-0.sql 
27 Feb 2024 12:10:07,955 INFO com.sismics.util.jpa.DbOpenHelper.open(DbOpenHelper.java:108) Database upgrade complete 
27 Feb 2024 12:10:07,956 INFO com.sismics.util.jpa.EMF.getEntityManagerProperties(EMF.java:67) Configuring EntityManager from hibernate.properties 
27 Feb 2024 12:10:09,041 INFO com.sismics.util.ClasspathScanner.findClasses(ClasspathScanner.java:48) Found 1 classes for IndexingHandler 
27 Feb 2024 12:10:09,071 INFO com.sismics.docs.core.util.indexing.LuceneIndexingHandler.initLucene(LuceneIndexingHandler.java:115) Using RAM Lucene storage 
27 Feb 2024 12:10:09,130 INFO com.sismics.docs.core.service.FileService.startUp(FileService.java:39) File service starting up 
27 Feb 2024 12:10:09,136 INFO com.sismics.docs.core.service.InboxService.startUp(InboxService.java:55) Inbox service starting up 
27 Feb 2024 12:10:42,757 INFO com.sismics.util.ClasspathScanner.findClasses(ClasspathScanner.java:48) Found 2 classes for AuthenticationHandler 
27 Feb 2024 12:12:55,648 INFO com.sismics.docs.core.util.FileUtil.startProcessingFile(FileUtil.java:221) Processing started for file: 6a6cdd21-efcf-41af-be43-ca1b9006e14b 
27 Feb 2024 12:12:55,657 INFO com.sismics.docs.core.listener.async.FileProcessingAsyncListener.on(FileProcessingAsyncListener.java:53) File created event: FileCreatedAsyncEvent{fileId=6a6cdd21-efcf-41af-be43-ca1b9006e14b, language=null} 
27 Feb 2024 12:12:55,782 INFO com.sismics.util.ClasspathScanner.findClasses(ClasspathScanner.java:48) Found 7 classes for FormatHandler 
27 Feb 2024 12:12:56,340 INFO com.sismics.docs.core.listener.async.FileProcessingAsyncListener.extractContent(FileProcessingAsyncListener.java:176) Start extracting content from: File{id=6a6cdd21-efcf-41af-be43-ca1b9006e14b, name=09ec6b72465275671515adae9a31e1e.jpg} 
27 Feb 2024 12:12:56,340 INFO com.sismics.docs.core.listener.async.FileProcessingAsyncListener.extractContent(FileProcessingAsyncListener.java:182) File content extracted in 0ms: 6a6cdd21-efcf-41af-be43-ca1b9006e14b 
27 Feb 2024 12:12:56,451 INFO com.sismics.docs.core.util.FileUtil.endProcessingFile(FileUtil.java:231) Processing ended for file: 6a6cdd21-efcf-41af-be43-ca1b9006e14b 
27 Feb 2024 12:13:53,584 INFO com.sismics.docs.core.service.InboxService.shutDown(InboxService.java:60) Inbox service shutting down 
27 Feb 2024 12:13:53,586 INFO com.sismics.docs.core.service.FileService.shutDown(FileService.java:44) File service shutting down 
12 Mar 2024 10:58:32,603 INFO com.sismics.util.jpa.EMF.getEntityManagerProperties(EMF.java:67) Configuring EntityManager from hibernate.properties 
12 Mar 2024 10:58:33,130 INFO com.sismics.util.jpa.DbOpenHelper.open(DbOpenHelper.java:57) Opening database and executing incremental updates 
12 Mar 2024 10:58:33,131 INFO com.sismics.util.jpa.DbOpenHelper.open(DbOpenHelper.java:83) Unable to get database version: Table T_CONFIG not found 
12 Mar 2024 10:58:33,131 INFO com.sismics.util.jpa.DbOpenHelper.open(DbOpenHelper.java:98) Executing initial schema creation script 
12 Mar 2024 10:58:33,135 INFO com.sismics.util.jpa.DbOpenHelper.executeAllScript(DbOpenHelper.java:142) Executing script: dbupdate-000-0.sql 
12 Mar 2024 10:58:33,207 INFO com.sismics.util.jpa.DbOpenHelper.executeAllScript(DbOpenHelper.java:142) Executing script: dbupdate-000-1.sql 
12 Mar 2024 10:58:33,214 INFO com.sismics.util.jpa.DbOpenHelper.open(DbOpenHelper.java:106) Found database version 0, new version is 27, executing database incremental update scripts 
12 Mar 2024 10:58:33,216 INFO com.sismics.util.jpa.DbOpenHelper.executeAllScript(DbOpenHelper.java:142) Executing script: dbupdate-001-0.sql 
12 Mar 2024 10:58:33,253 INFO com.sismics.util.jpa.DbOpenHelper.executeAllScript(DbOpenHelper.java:142) Executing script: dbupdate-002-0.sql 
12 Mar 2024 10:58:33,261 INFO com.sismics.util.jpa.DbOpenHelper.executeAllScript(DbOpenHelper.java:142) Executing script: dbupdate-003-0.sql 
12 Mar 2024 10:58:33,269 INFO com.sismics.util.jpa.DbOpenHelper.executeAllScript(DbOpenHelper.java:142) Executing script: dbupdate-004-0.sql 
12 Mar 2024 10:58:33,287 INFO com.sismics.util.jpa.DbOpenHelper.executeAllScript(DbOpenHelper.java:142) Executing script: dbupdate-005-0.sql 
12 Mar 2024 10:58:33,291 INFO com.sismics.util.jpa.DbOpenHelper.executeAllScript(DbOpenHelper.java:142) Executing script: dbupdate-006-0.sql 
12 Mar 2024 10:58:33,397 INFO com.sismics.util.jpa.DbOpenHelper.executeAllScript(DbOpenHelper.java:142) Executing script: dbupdate-007-0.sql 
12 Mar 2024 10:58:33,402 INFO com.sismics.util.jpa.DbOpenHelper.executeAllScript(DbOpenHelper.java:142) Executing script: dbupdate-008-0.sql 
12 Mar 2024 10:58:33,406 INFO com.sismics.util.jpa.DbOpenHelper.executeAllScript(DbOpenHelper.java:142) Executing script: dbupdate-009-0.sql 
12 Mar 2024 10:58:33,411 INFO com.sismics.util.jpa.DbOpenHelper.executeAllScript(DbOpenHelper.java:142) Executing script: dbupdate-010-0.sql 
12 Mar 2024 10:58:33,415 INFO com.sismics.util.jpa.DbOpenHelper.executeAllScript(DbOpenHelper.java:142) Executing script: dbupdate-011-0.sql 
12 Mar 2024 10:58:33,419 INFO com.sismics.util.jpa.DbOpenHelper.executeAllScript(DbOpenHelper.java:142) Executing script: dbupdate-012-0.sql 
12 Mar 2024 10:58:33,423 INFO com.sismics.util.jpa.DbOpenHelper.executeAllScript(DbOpenHelper.java:142) Executing script: dbupdate-013-0.sql 
12 Mar 2024 10:58:33,426 INFO com.sismics.util.jpa.DbOpenHelper.executeAllScript(DbOpenHelper.java:142) Executing script: dbupdate-014-0.sql 
12 Mar 2024 10:58:33,429 INFO com.sismics.util.jpa.DbOpenHelper.executeAllScript(DbOpenHelper.java:142) Executing script: dbupdate-015-0.sql 
12 Mar 2024 10:58:33,439 INFO com.sismics.util.jpa.DbOpenHelper.executeAllScript(DbOpenHelper.java:142) Executing script: dbupdate-016-0.sql 
12 Mar 2024 10:58:33,441 INFO com.sismics.util.jpa.DbOpenHelper.executeAllScript(DbOpenHelper.java:142) Executing script: dbupdate-017-0.sql 
12 Mar 2024 10:58:33,443 INFO com.sismics.util.jpa.DbOpenHelper.executeAllScript(DbOpenHelper.java:142) Executing script: dbupdate-018-0.sql 
12 Mar 2024 10:58:33,465 INFO com.sismics.util.jpa.DbOpenHelper.executeAllScript(DbOpenHelper.java:142) Executing script: dbupdate-019-0.sql 
12 Mar 2024 10:58:33,469 INFO com.sismics.util.jpa.DbOpenHelper.executeAllScript(DbOpenHelper.java:142) Executing script: dbupdate-020-0.sql 
12 Mar 2024 10:58:33,474 INFO com.sismics.util.jpa.DbOpenHelper.executeAllScript(DbOpenHelper.java:142) Executing script: dbupdate-021-0.sql 
12 Mar 2024 10:58:33,479 INFO com.sismics.util.jpa.DbOpenHelper.executeAllScript(DbOpenHelper.java:142) Executing script: dbupdate-022-0.sql 
12 Mar 2024 10:58:33,485 INFO com.sismics.util.jpa.DbOpenHelper.executeAllScript(DbOpenHelper.java:142) Executing script: dbupdate-023-0.sql 
12 Mar 2024 10:58:33,490 INFO com.sismics.util.jpa.DbOpenHelper.executeAllScript(DbOpenHelper.java:142) Executing script: dbupdate-024-0.sql 
12 Mar 2024 10:58:33,494 INFO com.sismics.util.jpa.DbOpenHelper.executeAllScript(DbOpenHelper.java:142) Executing script: dbupdate-025-0.sql 
12 Mar 2024 10:58:33,495 INFO com.sismics.util.jpa.DbOpenHelper.executeAllScript(DbOpenHelper.java:142) Executing script: dbupdate-026-0.sql 
12 Mar 2024 10:58:33,496 INFO com.sismics.util.jpa.DbOpenHelper.executeAllScript(DbOpenHelper.java:142) Executing script: dbupdate-027-0.sql 
12 Mar 2024 10:58:33,496 INFO com.sismics.util.jpa.DbOpenHelper.open(DbOpenHelper.java:108) Database upgrade complete 
12 Mar 2024 10:58:33,497 INFO com.sismics.util.jpa.EMF.getEntityManagerProperties(EMF.java:67) Configuring EntityManager from hibernate.properties 
12 Mar 2024 10:58:34,690 INFO com.sismics.util.ClasspathScanner.findClasses(ClasspathScanner.java:48) Found 1 classes for IndexingHandler 
12 Mar 2024 10:58:34,774 INFO com.sismics.docs.core.util.indexing.LuceneIndexingHandler.initLucene(LuceneIndexingHandler.java:115) Using RAM Lucene storage 
12 Mar 2024 10:58:34,879 INFO com.sismics.docs.core.service.FileService.startUp(FileService.java:39) File service starting up 
12 Mar 2024 10:58:34,886 INFO com.sismics.docs.core.service.InboxService.startUp(InboxService.java:55) Inbox service starting up 
12 Mar 2024 10:58:49,837 INFO com.sismics.docs.core.service.InboxService.shutDown(InboxService.java:60) Inbox service shutting down 
12 Mar 2024 10:58:49,838 INFO com.sismics.docs.core.service.FileService.shutDown(FileService.java:44) File service shutting down 
12 Mar 2024 10:59:11,301 INFO com.sismics.util.jpa.EMF.getEntityManagerProperties(EMF.java:67) Configuring EntityManager from hibernate.properties 
12 Mar 2024 10:59:11,729 INFO com.sismics.util.jpa.DbOpenHelper.open(DbOpenHelper.java:57) Opening database and executing incremental updates 
12 Mar 2024 10:59:11,730 INFO com.sismics.util.jpa.DbOpenHelper.open(DbOpenHelper.java:83) Unable to get database version: Table T_CONFIG not found 
12 Mar 2024 10:59:11,730 INFO com.sismics.util.jpa.DbOpenHelper.open(DbOpenHelper.java:98) Executing initial schema creation script 
12 Mar 2024 10:59:11,734 INFO com.sismics.util.jpa.DbOpenHelper.executeAllScript(DbOpenHelper.java:142) Executing script: dbupdate-000-0.sql 
12 Mar 2024 10:59:11,847 INFO com.sismics.util.jpa.DbOpenHelper.executeAllScript(DbOpenHelper.java:142) Executing script: dbupdate-000-1.sql 
12 Mar 2024 10:59:11,853 INFO com.sismics.util.jpa.DbOpenHelper.open(DbOpenHelper.java:106) Found database version 0, new version is 27, executing database incremental update scripts 
12 Mar 2024 10:59:11,855 INFO com.sismics.util.jpa.DbOpenHelper.executeAllScript(DbOpenHelper.java:142) Executing script: dbupdate-001-0.sql 
12 Mar 2024 10:59:11,888 INFO com.sismics.util.jpa.DbOpenHelper.executeAllScript(DbOpenHelper.java:142) Executing script: dbupdate-002-0.sql 
12 Mar 2024 10:59:11,892 INFO com.sismics.util.jpa.DbOpenHelper.executeAllScript(DbOpenHelper.java:142) Executing script: dbupdate-003-0.sql 
12 Mar 2024 10:59:11,897 INFO com.sismics.util.jpa.DbOpenHelper.executeAllScript(DbOpenHelper.java:142) Executing script: dbupdate-004-0.sql 
12 Mar 2024 10:59:11,909 INFO com.sismics.util.jpa.DbOpenHelper.executeAllScript(DbOpenHelper.java:142) Executing script: dbupdate-005-0.sql 
12 Mar 2024 10:59:11,911 INFO com.sismics.util.jpa.DbOpenHelper.executeAllScript(DbOpenHelper.java:142) Executing script: dbupdate-006-0.sql 
12 Mar 2024 10:59:12,028 INFO com.sismics.util.jpa.DbOpenHelper.executeAllScript(DbOpenHelper.java:142) Executing script: dbupdate-007-0.sql 
12 Mar 2024 10:59:12,033 INFO com.sismics.util.jpa.DbOpenHelper.executeAllScript(DbOpenHelper.java:142) Executing script: dbupdate-008-0.sql 
12 Mar 2024 10:59:12,039 INFO com.sismics.util.jpa.DbOpenHelper.executeAllScript(DbOpenHelper.java:142) Executing script: dbupdate-009-0.sql 
12 Mar 2024 10:59:12,047 INFO com.sismics.util.jpa.DbOpenHelper.executeAllScript(DbOpenHelper.java:142) Executing script: dbupdate-010-0.sql 
12 Mar 2024 10:59:12,049 INFO com.sismics.util.jpa.DbOpenHelper.executeAllScript(DbOpenHelper.java:142) Executing script: dbupdate-011-0.sql 
12 Mar 2024 10:59:12,052 INFO com.sismics.util.jpa.DbOpenHelper.executeAllScript(DbOpenHelper.java:142) Executing script: dbupdate-012-0.sql 
12 Mar 2024 10:59:12,058 INFO com.sismics.util.jpa.DbOpenHelper.executeAllScript(DbOpenHelper.java:142) Executing script: dbupdate-013-0.sql 
12 Mar 2024 10:59:12,060 INFO com.sismics.util.jpa.DbOpenHelper.executeAllScript(DbOpenHelper.java:142) Executing script: dbupdate-014-0.sql 
12 Mar 2024 10:59:12,066 INFO com.sismics.util.jpa.DbOpenHelper.executeAllScript(DbOpenHelper.java:142) Executing script: dbupdate-015-0.sql 
12 Mar 2024 10:59:12,083 INFO com.sismics.util.jpa.DbOpenHelper.executeAllScript(DbOpenHelper.java:142) Executing script: dbupdate-016-0.sql 
12 Mar 2024 10:59:12,085 INFO com.sismics.util.jpa.DbOpenHelper.executeAllScript(DbOpenHelper.java:142) Executing script: dbupdate-017-0.sql 
12 Mar 2024 10:59:12,087 INFO com.sismics.util.jpa.DbOpenHelper.executeAllScript(DbOpenHelper.java:142) Executing script: dbupdate-018-0.sql 
12 Mar 2024 10:59:12,106 INFO com.sismics.util.jpa.DbOpenHelper.executeAllScript(DbOpenHelper.java:142) Executing script: dbupdate-019-0.sql 
12 Mar 2024 10:59:12,108 INFO com.sismics.util.jpa.DbOpenHelper.executeAllScript(DbOpenHelper.java:142) Executing script: dbupdate-020-0.sql 
12 Mar 2024 10:59:12,109 INFO com.sismics.util.jpa.DbOpenHelper.executeAllScript(DbOpenHelper.java:142) Executing script: dbupdate-021-0.sql 
12 Mar 2024 10:59:12,113 INFO com.sismics.util.jpa.DbOpenHelper.executeAllScript(DbOpenHelper.java:142) Executing script: dbupdate-022-0.sql 
12 Mar 2024 10:59:12,118 INFO com.sismics.util.jpa.DbOpenHelper.executeAllScript(DbOpenHelper.java:142) Executing script: dbupdate-023-0.sql 
12 Mar 2024 10:59:12,120 INFO com.sismics.util.jpa.DbOpenHelper.executeAllScript(DbOpenHelper.java:142) Executing script: dbupdate-024-0.sql 
12 Mar 2024 10:59:12,125 INFO com.sismics.util.jpa.DbOpenHelper.executeAllScript(DbOpenHelper.java:142) Executing script: dbupdate-025-0.sql 
12 Mar 2024 10:59:12,127 INFO com.sismics.util.jpa.DbOpenHelper.executeAllScript(DbOpenHelper.java:142) Executing script: dbupdate-026-0.sql 
12 Mar 2024 10:59:12,127 INFO com.sismics.util.jpa.DbOpenHelper.executeAllScript(DbOpenHelper.java:142) Executing script: dbupdate-027-0.sql 
12 Mar 2024 10:59:12,128 INFO com.sismics.util.jpa.DbOpenHelper.open(DbOpenHelper.java:108) Database upgrade complete 
12 Mar 2024 10:59:12,128 INFO com.sismics.util.jpa.EMF.getEntityManagerProperties(EMF.java:67) Configuring EntityManager from hibernate.properties 
12 Mar 2024 10:59:13,283 INFO com.sismics.util.ClasspathScanner.findClasses(ClasspathScanner.java:48) Found 1 classes for IndexingHandler 
12 Mar 2024 10:59:13,358 INFO com.sismics.docs.core.util.indexing.LuceneIndexingHandler.initLucene(LuceneIndexingHandler.java:115) Using RAM Lucene storage 
12 Mar 2024 10:59:13,431 INFO com.sismics.docs.core.service.FileService.startUp(FileService.java:39) File service starting up 
12 Mar 2024 10:59:13,438 INFO com.sismics.docs.core.service.InboxService.startUp(InboxService.java:55) Inbox service starting up 
12 Mar 2024 10:59:50,269 INFO com.sismics.docs.core.service.InboxService.shutDown(InboxService.java:60) Inbox service shutting down 
12 Mar 2024 10:59:50,269 INFO com.sismics.docs.core.service.FileService.shutDown(FileService.java:44) File service shutting down 
12 Mar 2024 11:04:04,001 INFO com.sismics.util.jpa.EMF.getEntityManagerProperties(EMF.java:67) Configuring EntityManager from hibernate.properties 
12 Mar 2024 11:04:04,474 INFO com.sismics.util.jpa.DbOpenHelper.open(DbOpenHelper.java:57) Opening database and executing incremental updates 
12 Mar 2024 11:04:04,475 INFO com.sismics.util.jpa.DbOpenHelper.open(DbOpenHelper.java:83) Unable to get database version: Table T_CONFIG not found 
12 Mar 2024 11:04:04,475 INFO com.sismics.util.jpa.DbOpenHelper.open(DbOpenHelper.java:98) Executing initial schema creation script 
12 Mar 2024 11:04:04,479 INFO com.sismics.util.jpa.DbOpenHelper.executeAllScript(DbOpenHelper.java:142) Executing script: dbupdate-000-0.sql 
12 Mar 2024 11:04:04,552 INFO com.sismics.util.jpa.DbOpenHelper.executeAllScript(DbOpenHelper.java:142) Executing script: dbupdate-000-1.sql 
12 Mar 2024 11:04:04,560 INFO com.sismics.util.jpa.DbOpenHelper.open(DbOpenHelper.java:106) Found database version 0, new version is 27, executing database incremental update scripts 
12 Mar 2024 11:04:04,563 INFO com.sismics.util.jpa.DbOpenHelper.executeAllScript(DbOpenHelper.java:142) Executing script: dbupdate-001-0.sql 
12 Mar 2024 11:04:04,592 INFO com.sismics.util.jpa.DbOpenHelper.executeAllScript(DbOpenHelper.java:142) Executing script: dbupdate-002-0.sql 
12 Mar 2024 11:04:04,598 INFO com.sismics.util.jpa.DbOpenHelper.executeAllScript(DbOpenHelper.java:142) Executing script: dbupdate-003-0.sql 
12 Mar 2024 11:04:04,606 INFO com.sismics.util.jpa.DbOpenHelper.executeAllScript(DbOpenHelper.java:142) Executing script: dbupdate-004-0.sql 
12 Mar 2024 11:04:04,622 INFO com.sismics.util.jpa.DbOpenHelper.executeAllScript(DbOpenHelper.java:142) Executing script: dbupdate-005-0.sql 
12 Mar 2024 11:04:04,626 INFO com.sismics.util.jpa.DbOpenHelper.executeAllScript(DbOpenHelper.java:142) Executing script: dbupdate-006-0.sql 
12 Mar 2024 11:04:04,732 INFO com.sismics.util.jpa.DbOpenHelper.executeAllScript(DbOpenHelper.java:142) Executing script: dbupdate-007-0.sql 
12 Mar 2024 11:04:04,736 INFO com.sismics.util.jpa.DbOpenHelper.executeAllScript(DbOpenHelper.java:142) Executing script: dbupdate-008-0.sql 
12 Mar 2024 11:04:04,744 INFO com.sismics.util.jpa.DbOpenHelper.executeAllScript(DbOpenHelper.java:142) Executing script: dbupdate-009-0.sql 
12 Mar 2024 11:04:04,749 INFO com.sismics.util.jpa.DbOpenHelper.executeAllScript(DbOpenHelper.java:142) Executing script: dbupdate-010-0.sql 
12 Mar 2024 11:04:04,752 INFO com.sismics.util.jpa.DbOpenHelper.executeAllScript(DbOpenHelper.java:142) Executing script: dbupdate-011-0.sql 
12 Mar 2024 11:04:04,756 INFO com.sismics.util.jpa.DbOpenHelper.executeAllScript(DbOpenHelper.java:142) Executing script: dbupdate-012-0.sql 
12 Mar 2024 11:04:04,763 INFO com.sismics.util.jpa.DbOpenHelper.executeAllScript(DbOpenHelper.java:142) Executing script: dbupdate-013-0.sql 
12 Mar 2024 11:04:04,766 INFO com.sismics.util.jpa.DbOpenHelper.executeAllScript(DbOpenHelper.java:142) Executing script: dbupdate-014-0.sql 
12 Mar 2024 11:04:04,771 INFO com.sismics.util.jpa.DbOpenHelper.executeAllScript(DbOpenHelper.java:142) Executing script: dbupdate-015-0.sql 
12 Mar 2024 11:04:04,787 INFO com.sismics.util.jpa.DbOpenHelper.executeAllScript(DbOpenHelper.java:142) Executing script: dbupdate-016-0.sql 
12 Mar 2024 11:04:04,791 INFO com.sismics.util.jpa.DbOpenHelper.executeAllScript(DbOpenHelper.java:142) Executing script: dbupdate-017-0.sql 
12 Mar 2024 11:04:04,796 INFO com.sismics.util.jpa.DbOpenHelper.executeAllScript(DbOpenHelper.java:142) Executing script: dbupdate-018-0.sql 
12 Mar 2024 11:04:04,828 INFO com.sismics.util.jpa.DbOpenHelper.executeAllScript(DbOpenHelper.java:142) Executing script: dbupdate-019-0.sql 
12 Mar 2024 11:04:04,832 INFO com.sismics.util.jpa.DbOpenHelper.executeAllScript(DbOpenHelper.java:142) Executing script: dbupdate-020-0.sql 
12 Mar 2024 11:04:04,836 INFO com.sismics.util.jpa.DbOpenHelper.executeAllScript(DbOpenHelper.java:142) Executing script: dbupdate-021-0.sql 
12 Mar 2024 11:04:04,844 INFO com.sismics.util.jpa.DbOpenHelper.executeAllScript(DbOpenHelper.java:142) Executing script: dbupdate-022-0.sql 
12 Mar 2024 11:04:04,853 INFO com.sismics.util.jpa.DbOpenHelper.executeAllScript(DbOpenHelper.java:142) Executing script: dbupdate-023-0.sql 
12 Mar 2024 11:04:04,858 INFO com.sismics.util.jpa.DbOpenHelper.executeAllScript(DbOpenHelper.java:142) Executing script: dbupdate-024-0.sql 
12 Mar 2024 11:04:04,865 INFO com.sismics.util.jpa.DbOpenHelper.executeAllScript(DbOpenHelper.java:142) Executing script: dbupdate-025-0.sql 
12 Mar 2024 11:04:04,866 INFO com.sismics.util.jpa.DbOpenHelper.executeAllScript(DbOpenHelper.java:142) Executing script: dbupdate-026-0.sql 
12 Mar 2024 11:04:04,868 INFO com.sismics.util.jpa.DbOpenHelper.executeAllScript(DbOpenHelper.java:142) Executing script: dbupdate-027-0.sql 
12 Mar 2024 11:04:04,869 INFO com.sismics.util.jpa.DbOpenHelper.open(DbOpenHelper.java:108) Database upgrade complete 
12 Mar 2024 11:04:04,869 INFO com.sismics.util.jpa.EMF.getEntityManagerProperties(EMF.java:67) Configuring EntityManager from hibernate.properties 
12 Mar 2024 11:04:06,332 INFO com.sismics.util.ClasspathScanner.findClasses(ClasspathScanner.java:48) Found 1 classes for IndexingHandler 
12 Mar 2024 11:04:06,395 INFO com.sismics.docs.core.util.indexing.LuceneIndexingHandler.initLucene(LuceneIndexingHandler.java:115) Using RAM Lucene storage 
12 Mar 2024 11:04:06,463 INFO com.sismics.docs.core.service.FileService.startUp(FileService.java:39) File service starting up 
12 Mar 2024 11:04:06,469 INFO com.sismics.docs.core.service.InboxService.startUp(InboxService.java:55) Inbox service starting up 
12 Mar 2024 11:04:28,485 INFO com.sismics.docs.core.service.InboxService.shutDown(InboxService.java:60) Inbox service shutting down 
12 Mar 2024 11:04:28,485 INFO com.sismics.docs.core.service.FileService.shutDown(FileService.java:44) File service shutting down 
12 Mar 2024 11:05:24,986 INFO com.sismics.util.jpa.EMF.getEntityManagerProperties(EMF.java:67) Configuring EntityManager from hibernate.properties 
12 Mar 2024 11:05:25,573 INFO com.sismics.util.jpa.DbOpenHelper.open(DbOpenHelper.java:57) Opening database and executing incremental updates 
12 Mar 2024 11:05:25,574 INFO com.sismics.util.jpa.DbOpenHelper.open(DbOpenHelper.java:83) Unable to get database version: Table T_CONFIG not found 
12 Mar 2024 11:05:25,575 INFO com.sismics.util.jpa.DbOpenHelper.open(DbOpenHelper.java:98) Executing initial schema creation script 
12 Mar 2024 11:05:25,578 INFO com.sismics.util.jpa.DbOpenHelper.executeAllScript(DbOpenHelper.java:142) Executing script: dbupdate-000-0.sql 
12 Mar 2024 11:05:25,631 INFO com.sismics.util.jpa.DbOpenHelper.executeAllScript(DbOpenHelper.java:142) Executing script: dbupdate-000-1.sql 
12 Mar 2024 11:05:25,636 INFO com.sismics.util.jpa.DbOpenHelper.open(DbOpenHelper.java:106) Found database version 0, new version is 27, executing database incremental update scripts 
12 Mar 2024 11:05:25,640 INFO com.sismics.util.jpa.DbOpenHelper.executeAllScript(DbOpenHelper.java:142) Executing script: dbupdate-001-0.sql 
12 Mar 2024 11:05:25,668 INFO com.sismics.util.jpa.DbOpenHelper.executeAllScript(DbOpenHelper.java:142) Executing script: dbupdate-002-0.sql 
12 Mar 2024 11:05:25,674 INFO com.sismics.util.jpa.DbOpenHelper.executeAllScript(DbOpenHelper.java:142) Executing script: dbupdate-003-0.sql 
12 Mar 2024 11:05:25,680 INFO com.sismics.util.jpa.DbOpenHelper.executeAllScript(DbOpenHelper.java:142) Executing script: dbupdate-004-0.sql 
12 Mar 2024 11:05:25,715 INFO com.sismics.util.jpa.DbOpenHelper.executeAllScript(DbOpenHelper.java:142) Executing script: dbupdate-005-0.sql 
12 Mar 2024 11:05:25,729 INFO com.sismics.util.jpa.DbOpenHelper.executeAllScript(DbOpenHelper.java:142) Executing script: dbupdate-006-0.sql 
12 Mar 2024 11:05:25,920 INFO com.sismics.util.jpa.DbOpenHelper.executeAllScript(DbOpenHelper.java:142) Executing script: dbupdate-007-0.sql 
12 Mar 2024 11:05:25,927 INFO com.sismics.util.jpa.DbOpenHelper.executeAllScript(DbOpenHelper.java:142) Executing script: dbupdate-008-0.sql 
12 Mar 2024 11:05:25,932 INFO com.sismics.util.jpa.DbOpenHelper.executeAllScript(DbOpenHelper.java:142) Executing script: dbupdate-009-0.sql 
12 Mar 2024 11:05:25,939 INFO com.sismics.util.jpa.DbOpenHelper.executeAllScript(DbOpenHelper.java:142) Executing script: dbupdate-010-0.sql 
12 Mar 2024 11:05:25,943 INFO com.sismics.util.jpa.DbOpenHelper.executeAllScript(DbOpenHelper.java:142) Executing script: dbupdate-011-0.sql 
12 Mar 2024 11:05:25,949 INFO com.sismics.util.jpa.DbOpenHelper.executeAllScript(DbOpenHelper.java:142) Executing script: dbupdate-012-0.sql 
12 Mar 2024 11:05:25,953 INFO com.sismics.util.jpa.DbOpenHelper.executeAllScript(DbOpenHelper.java:142) Executing script: dbupdate-013-0.sql 
12 Mar 2024 11:05:25,957 INFO com.sismics.util.jpa.DbOpenHelper.executeAllScript(DbOpenHelper.java:142) Executing script: dbupdate-014-0.sql 
12 Mar 2024 11:05:25,965 INFO com.sismics.util.jpa.DbOpenHelper.executeAllScript(DbOpenHelper.java:142) Executing script: dbupdate-015-0.sql 
12 Mar 2024 11:05:25,981 INFO com.sismics.util.jpa.DbOpenHelper.executeAllScript(DbOpenHelper.java:142) Executing script: dbupdate-016-0.sql 
12 Mar 2024 11:05:25,984 INFO com.sismics.util.jpa.DbOpenHelper.executeAllScript(DbOpenHelper.java:142) Executing script: dbupdate-017-0.sql 
12 Mar 2024 11:05:25,989 INFO com.sismics.util.jpa.DbOpenHelper.executeAllScript(DbOpenHelper.java:142) Executing script: dbupdate-018-0.sql 
12 Mar 2024 11:05:26,018 INFO com.sismics.util.jpa.DbOpenHelper.executeAllScript(DbOpenHelper.java:142) Executing script: dbupdate-019-0.sql 
12 Mar 2024 11:05:26,024 INFO com.sismics.util.jpa.DbOpenHelper.executeAllScript(DbOpenHelper.java:142) Executing script: dbupdate-020-0.sql 
12 Mar 2024 11:05:26,030 INFO com.sismics.util.jpa.DbOpenHelper.executeAllScript(DbOpenHelper.java:142) Executing script: dbupdate-021-0.sql 
12 Mar 2024 11:05:26,043 INFO com.sismics.util.jpa.DbOpenHelper.executeAllScript(DbOpenHelper.java:142) Executing script: dbupdate-022-0.sql 
12 Mar 2024 11:05:26,068 INFO com.sismics.util.jpa.DbOpenHelper.executeAllScript(DbOpenHelper.java:142) Executing script: dbupdate-023-0.sql 
12 Mar 2024 11:05:26,075 INFO com.sismics.util.jpa.DbOpenHelper.executeAllScript(DbOpenHelper.java:142) Executing script: dbupdate-024-0.sql 
12 Mar 2024 11:05:26,082 INFO com.sismics.util.jpa.DbOpenHelper.executeAllScript(DbOpenHelper.java:142) Executing script: dbupdate-025-0.sql 
12 Mar 2024 11:05:26,085 INFO com.sismics.util.jpa.DbOpenHelper.executeAllScript(DbOpenHelper.java:142) Executing script: dbupdate-026-0.sql 
12 Mar 2024 11:05:26,087 INFO com.sismics.util.jpa.DbOpenHelper.executeAllScript(DbOpenHelper.java:142) Executing script: dbupdate-027-0.sql 
12 Mar 2024 11:05:26,088 INFO com.sismics.util.jpa.DbOpenHelper.open(DbOpenHelper.java:108) Database upgrade complete 
12 Mar 2024 11:05:26,089 INFO com.sismics.util.jpa.EMF.getEntityManagerProperties(EMF.java:67) Configuring EntityManager from hibernate.properties 
12 Mar 2024 11:05:27,321 INFO com.sismics.util.ClasspathScanner.findClasses(ClasspathScanner.java:48) Found 1 classes for IndexingHandler 
12 Mar 2024 11:05:27,352 INFO com.sismics.docs.core.util.indexing.LuceneIndexingHandler.initLucene(LuceneIndexingHandler.java:115) Using RAM Lucene storage 
12 Mar 2024 11:05:27,414 INFO com.sismics.docs.core.service.FileService.startUp(FileService.java:39) File service starting up 
12 Mar 2024 11:05:27,420 INFO com.sismics.docs.core.service.InboxService.startUp(InboxService.java:55) Inbox service starting up 
12 Mar 2024 11:05:35,319 INFO com.sismics.docs.core.service.InboxService.shutDown(InboxService.java:60) Inbox service shutting down 
12 Mar 2024 11:05:35,320 INFO com.sismics.docs.core.service.FileService.shutDown(FileService.java:44) File service shutting down 
