#
# There is insufficient memory for the Java Runtime Environment to continue.
# Native memory allocation (mmap) failed to map 53477376 bytes for Failed to commit area from 0x0000000713e00000 to 0x0000000717100000 of length 53477376.
# Possible reasons:
#   The system is out of physical RAM or swap space
#   The process is running with CompressedOops enabled, and the Java Heap may be blocking the growth of the native heap
# Possible solutions:
#   Reduce memory load on the system
#   Increase physical memory or swap space
#   Check if swap backing store is full
#   Decrease Java heap size (-Xmx/-Xms)
#   Decrease number of Java threads
#   Decrease Java thread stack sizes (-Xss)
#   Set larger code cache with -XX:ReservedCodeCacheSize=
#   JVM is running with Zero Based Compressed Oops mode in which the Java heap is
#     placed in the first 32GB address space. The Java Heap base address is the
#     maximum limit for the native heap growth. Please use -XX:HeapBaseMinAddress
#     to set the Java Heap base and to place the Java Heap above 32GB virtual address.
# This output file may be truncated or incomplete.
#
#  Out of Memory Error (./src/hotspot/os/windows/os_windows.cpp:3386), pid=15508, tid=54740
#
# JRE version: OpenJDK Runtime Environment Microsoft-40648 (11.0.16.1+1) (build 11.0.16.1+1-LTS)
# Java VM: OpenJDK 64-Bit Server VM Microsoft-40648 (11.0.16.1+1-LTS, mixed mode, tiered, compressed oops, g1 gc, windows-amd64)
# No core dump will be written. Minidumps are not enabled by default on client versions of Windows
#

---------------  S U M M A R Y ------------

Command Line: jenkins.war --httpPort=8080

Host: 12th Gen Intel(R) Core(TM) i9-12900H, 20 cores, 15G,  Windows 11 , 64 bit Build 22621 (10.0.22621.3374)
Time: Tue May  7 10:09:09 2024  Windows 11 , 64 bit Build 22621 (10.0.22621.3374) elapsed time: 2.373861 seconds (0d 0h 0m 2s)

---------------  T H R E A D  ---------------

Current thread (0x000001a734238800):  VMThread "VM Thread" [stack: 0x0000003cb9a00000,0x0000003cb9b00000] [id=54740]

Stack: [0x0000003cb9a00000,0x0000003cb9b00000]
[error occurred during error reporting (printing stack bounds), id 0xc0000005, EXCEPTION_ACCESS_VIOLATION (0xc0000005) at pc=0x000001a71756112d]

Native frames: (J=compiled Java code, j=interpreted, Vv=VM code, C=native code)
V  [jvm.dll+0x62652a]
V  [jvm.dll+0x7b3249]
V  [jvm.dll+0x7b4938]
V  [jvm.dll+0x7b4f75]
V  [jvm.dll+0x7b4f2b]
V  [jvm.dll+0x6258b7]
V  [jvm.dll+0x625fc8]
C  [ntdll.dll+0xa440f]
C  [ntdll.dll+0x1e466]
C  [ntdll.dll+0xa33fe]
C  0x000001a71756112d

VM_Operation (0x0000003cbd9faf30): CollectForMetadataAllocation, mode: safepoint, requested by thread 0x000001a73828b800


---------------  P R O C E S S  ---------------

Threads class SMR info:
_java_thread_list=0x000001a736d11c10, length=75, elements={
0x000001a734260000, 0x000001a734269000, 0x000001a7342d0000, 0x000001a7342d1000,
0x000001a7342d2800, 0x000001a7342d6000, 0x000001a7342db800, 0x000001a7342df800,
0x000001a7342d8000, 0x000001a73447b800, 0x000001a7342dd000, 0x000001a7342de000,
0x000001a7342da800, 0x000001a7342d9800, 0x000001a734bc9000, 0x000001a735665000,
0x000001a734ad3800, 0x000001a7354ff000, 0x000001a735563000, 0x000001a734dfc000,
0x000001a73554d800, 0x000001a734dfd000, 0x000001a7353c4000, 0x000001a7353c5000,
0x000001a73598d000, 0x000001a737064000, 0x000001a737063000, 0x000001a73705e800,
0x000001a737062800, 0x000001a73705f000, 0x000001a737061800, 0x000001a737060000,
0x000001a737065000, 0x000001a737061000, 0x000001a73827f000, 0x000001a738281800,
0x000001a738283000, 0x000001a73827e800, 0x000001a738282800, 0x000001a738280800,
0x000001a738284000, 0x000001a738285000, 0x000001a738280000, 0x000001a738289000,
0x000001a73828b800, 0x000001a73828a800, 0x000001a738287000, 0x000001a738289800,
0x000001a738285800, 0x000001a738286800, 0x000001a73828c000, 0x000001a73828d000,
0x000001a738288000, 0x000001a736f7e000, 0x000001a736f7d800, 0x000001a736f80800,
0x000001a736f80000, 0x000001a736f81800, 0x000001a736f7f000, 0x000001a736f82000,
0x000001a736f7c800, 0x000001a736f83000, 0x000001a736f88000, 0x000001a736f84000,
0x000001a736f89000, 0x000001a736f89800, 0x000001a736f8a800, 0x000001a736f86800,
0x000001a736f85800, 0x000001a736f87000, 0x000001a736f84800, 0x000001a736f8b000,
0x000001a736dd8800, 0x000001a736dd7800, 0x000001a736dd9000
}

Java Threads: ( => current thread )
  0x000001a734260000 JavaThread "Reference Handler" daemon [_thread_blocked, id=51664, stack(0x0000003cb9b00000,0x0000003cb9c00000)]
  0x000001a734269000 JavaThread "Finalizer" daemon [_thread_blocked, id=26652, stack(0x0000003cb9c00000,0x0000003cb9d00000)]
  0x000001a7342d0000 JavaThread "Signal Dispatcher" daemon [_thread_blocked, id=58616, stack(0x0000003cb9d00000,0x0000003cb9e00000)]
  0x000001a7342d1000 JavaThread "Attach Listener" daemon [_thread_blocked, id=42048, stack(0x0000003cb9e00000,0x0000003cb9f00000)]
  0x000001a7342d2800 JavaThread "Service Thread" daemon [_thread_blocked, id=75812, stack(0x0000003cb9f00000,0x0000003cba000000)]
  0x000001a7342d6000 JavaThread "C2 CompilerThread0" daemon [_thread_blocked, id=77360, stack(0x0000003cba000000,0x0000003cba100000)]
  0x000001a7342db800 JavaThread "C1 CompilerThread0" daemon [_thread_blocked, id=14124, stack(0x0000003cba100000,0x0000003cba200000)]
  0x000001a7342df800 JavaThread "Sweeper thread" daemon [_thread_blocked, id=72264, stack(0x0000003cba200000,0x0000003cba300000)]
  0x000001a7342d8000 JavaThread "C1 CompilerThread1" daemon [_thread_blocked, id=58648, stack(0x0000003cba300000,0x0000003cba400000)]
  0x000001a73447b800 JavaThread "Common-Cleaner" daemon [_thread_blocked, id=78424, stack(0x0000003cba500000,0x0000003cba600000)]
  0x000001a7342dd000 JavaThread "C1 CompilerThread2" daemon [_thread_blocked, id=24096, stack(0x0000003cba600000,0x0000003cba700000)]
  0x000001a7342de000 JavaThread "C1 CompilerThread3" daemon [_thread_blocked, id=78704, stack(0x0000003cba700000,0x0000003cba800000)]
  0x000001a7342da800 JavaThread "C2 CompilerThread1" daemon [_thread_blocked, id=66804, stack(0x0000003cba800000,0x0000003cba900000)]
  0x000001a7342d9800 JavaThread "C2 CompilerThread2" daemon [_thread_blocked, id=16256, stack(0x0000003cba900000,0x0000003cbaa00000)]
  0x000001a734bc9000 JavaThread "C2 CompilerThread3" daemon [_thread_blocked, id=78144, stack(0x0000003cbaa00000,0x0000003cbab00000)]
  0x000001a735665000 JavaThread "Jetty (winstone)-22" [_thread_in_native, id=47812, stack(0x0000003cbb000000,0x0000003cbb100000)]
  0x000001a734ad3800 JavaThread "Jetty (winstone)-23" [_thread_in_native, id=77344, stack(0x0000003cbb100000,0x0000003cbb200000)]
  0x000001a7354ff000 JavaThread "Jetty (winstone)-24" [_thread_in_native, id=72204, stack(0x0000003cbb200000,0x0000003cbb300000)]
  0x000001a735563000 JavaThread "Jetty (winstone)-25" [_thread_in_native, id=74224, stack(0x0000003cbb300000,0x0000003cbb400000)]
  0x000001a734dfc000 JavaThread "Jetty (winstone)-26" [_thread_in_native, id=20572, stack(0x0000003cbb400000,0x0000003cbb500000)]
  0x000001a73554d800 JavaThread "Jetty (winstone)-27" [_thread_in_native, id=47000, stack(0x0000003cbb500000,0x0000003cbb600000)]
  0x000001a734dfd000 JavaThread "Jetty (winstone)-28" [_thread_in_native, id=16964, stack(0x0000003cbb600000,0x0000003cbb700000)]
  0x000001a7353c4000 JavaThread "Jetty (winstone)-29" [_thread_in_native, id=72248, stack(0x0000003cbb700000,0x0000003cbb800000)]
  0x000001a7353c5000 JavaThread "Scheduler-1944201789-1" [_thread_blocked, id=58604, stack(0x0000003cbb800000,0x0000003cbb900000)]
  0x000001a73598d000 JavaThread "Session-HouseKeeper-545b995e-1" [_thread_blocked, id=78272, stack(0x0000003cbb900000,0x0000003cbba00000)]
  0x000001a737064000 JavaThread "Java2D Disposer" daemon [_thread_blocked, id=20720, stack(0x0000003cbc700000,0x0000003cbc800000)]
  0x000001a737063000 JavaThread "Jenkins initialization thread" [_thread_blocked, id=77992, stack(0x0000003cbc800000,0x0000003cbc900000)]
  0x000001a73705e800 JavaThread "Jetty (winstone)-34" [_thread_in_native, id=77964, stack(0x0000003cbc900000,0x0000003cbca00000)]
  0x000001a737062800 JavaThread "Jetty (winstone)-35" [_thread_in_native, id=65592, stack(0x0000003cbca00000,0x0000003cbcb00000)]
  0x000001a73705f000 JavaThread "Jetty (winstone)-36-acceptor-0@5969a4de-ServerConnector@2898ac89{HTTP/1.1, (http/1.1)}{0.0.0.0:8080}" [_thread_in_native, id=48988, stack(0x0000003cbcb00000,0x0000003cbcc00000)]
  0x000001a737061800 JavaThread "Jetty (winstone)-37-acceptor-1@40fe3d40-ServerConnector@2898ac89{HTTP/1.1, (http/1.1)}{0.0.0.0:8080}" [_thread_blocked, id=49648, stack(0x0000003cbcc00000,0x0000003cbcd00000)]
  0x000001a737060000 JavaThread "LauncherControlThread[ControlPort=-1]" [_thread_blocked, id=57748, stack(0x0000003cbcd00000,0x0000003cbce00000)]
  0x000001a737065000 JavaThread "DestroyJavaVM" [_thread_blocked, id=7484, stack(0x0000003cb9400000,0x0000003cb9500000)]
  0x000001a737061000 JavaThread "Jenkins cron thread" [_thread_blocked, id=264, stack(0x0000003cbce00000,0x0000003cbcf00000)]
  0x000001a73827f000 JavaThread "jenkins.util.Timer [#1]" daemon [_thread_blocked, id=76188, stack(0x0000003cbcf00000,0x0000003cbd000000)]
  0x000001a738281800 JavaThread "pool-7-thread-1" daemon [_thread_blocked, id=12076, stack(0x0000003cbd000000,0x0000003cbd100000)]
  0x000001a738283000 JavaThread "pool-7-thread-2" daemon [_thread_blocked, id=31784, stack(0x0000003cbd100000,0x0000003cbd200000)]
  0x000001a73827e800 JavaThread "pool-7-thread-3" daemon [_thread_blocked, id=42396, stack(0x0000003cbd200000,0x0000003cbd300000)]
  0x000001a738282800 JavaThread "pool-7-thread-4" daemon [_thread_blocked, id=47480, stack(0x0000003cbd300000,0x0000003cbd400000)]
  0x000001a738280800 JavaThread "pool-7-thread-5" daemon [_thread_blocked, id=74476, stack(0x0000003cbd400000,0x0000003cbd500000)]
  0x000001a738284000 JavaThread "pool-7-thread-6" daemon [_thread_blocked, id=76080, stack(0x0000003cbd500000,0x0000003cbd600000)]
  0x000001a738285000 JavaThread "pool-7-thread-7" daemon [_thread_blocked, id=76964, stack(0x0000003cbd600000,0x0000003cbd700000)]
  0x000001a738280000 JavaThread "pool-7-thread-8" daemon [_thread_blocked, id=69336, stack(0x0000003cbd700000,0x0000003cbd800000)]
  0x000001a738289000 JavaThread "pool-7-thread-9" daemon [_thread_blocked, id=76256, stack(0x0000003cbd800000,0x0000003cbd900000)]
  0x000001a73828b800 JavaThread "Discovering plugin initialization tasks" daemon [_thread_blocked, id=32076, stack(0x0000003cbd900000,0x0000003cbda00000)]
  0x000001a73828a800 JavaThread "pool-7-thread-11" daemon [_thread_blocked, id=53308, stack(0x0000003cbda00000,0x0000003cbdb00000)]
  0x000001a738287000 JavaThread "pool-7-thread-12" daemon [_thread_blocked, id=78016, stack(0x0000003cbdb00000,0x0000003cbdc00000)]
  0x000001a738289800 JavaThread "pool-7-thread-13" daemon [_thread_blocked, id=24696, stack(0x0000003cbdc00000,0x0000003cbdd00000)]
  0x000001a738285800 JavaThread "pool-7-thread-14" daemon [_thread_blocked, id=74084, stack(0x0000003cbdd00000,0x0000003cbde00000)]
  0x000001a738286800 JavaThread "pool-7-thread-15" daemon [_thread_blocked, id=58668, stack(0x0000003cbde00000,0x0000003cbdf00000)]
  0x000001a73828c000 JavaThread "pool-7-thread-16" daemon [_thread_blocked, id=56656, stack(0x0000003cbdf00000,0x0000003cbe000000)]
  0x000001a73828d000 JavaThread "pool-7-thread-17" daemon [_thread_blocked, id=11628, stack(0x0000003cbe000000,0x0000003cbe100000)]
  0x000001a738288000 JavaThread "pool-7-thread-18" daemon [_thread_blocked, id=50860, stack(0x0000003cbe100000,0x0000003cbe200000)]
  0x000001a736f7e000 JavaThread "pool-7-thread-19" daemon [_thread_blocked, id=75012, stack(0x0000003cbe200000,0x0000003cbe300000)]
  0x000001a736f7d800 JavaThread "pool-7-thread-20" daemon [_thread_blocked, id=75568, stack(0x0000003cbe300000,0x0000003cbe400000)]
  0x000001a736f80800 JavaThread "pool-7-thread-21" daemon [_thread_blocked, id=53952, stack(0x0000003cbe400000,0x0000003cbe500000)]
  0x000001a736f80000 JavaThread "pool-7-thread-22" daemon [_thread_blocked, id=77140, stack(0x0000003cbe500000,0x0000003cbe600000)]
  0x000001a736f81800 JavaThread "pool-7-thread-23" daemon [_thread_blocked, id=77980, stack(0x0000003cbe600000,0x0000003cbe700000)]
  0x000001a736f7f000 JavaThread "pool-7-thread-24" daemon [_thread_blocked, id=74112, stack(0x0000003cbe700000,0x0000003cbe800000)]
  0x000001a736f82000 JavaThread "pool-7-thread-25" daemon [_thread_blocked, id=21004, stack(0x0000003cbe800000,0x0000003cbe900000)]
  0x000001a736f7c800 JavaThread "pool-7-thread-26" daemon [_thread_blocked, id=28264, stack(0x0000003cbe900000,0x0000003cbea00000)]
  0x000001a736f83000 JavaThread "pool-7-thread-27" daemon [_thread_blocked, id=19772, stack(0x0000003cbea00000,0x0000003cbeb00000)]
  0x000001a736f88000 JavaThread "pool-7-thread-28" daemon [_thread_blocked, id=78684, stack(0x0000003cbeb00000,0x0000003cbec00000)]
  0x000001a736f84000 JavaThread "pool-7-thread-29" daemon [_thread_blocked, id=75856, stack(0x0000003cbec00000,0x0000003cbed00000)]
  0x000001a736f89000 JavaThread "pool-7-thread-30" daemon [_thread_blocked, id=78000, stack(0x0000003cbed00000,0x0000003cbee00000)]
  0x000001a736f89800 JavaThread "pool-7-thread-31" daemon [_thread_blocked, id=2816, stack(0x0000003cbee00000,0x0000003cbef00000)]
  0x000001a736f8a800 JavaThread "pool-7-thread-32" daemon [_thread_blocked, id=52200, stack(0x0000003cbef00000,0x0000003cbf000000)]
  0x000001a736f86800 JavaThread "pool-7-thread-33" daemon [_thread_blocked, id=73984, stack(0x0000003cbf000000,0x0000003cbf100000)]
  0x000001a736f85800 JavaThread "pool-7-thread-34" daemon [_thread_blocked, id=69576, stack(0x0000003cbf100000,0x0000003cbf200000)]
  0x000001a736f87000 JavaThread "pool-7-thread-35" daemon [_thread_blocked, id=60232, stack(0x0000003cbf200000,0x0000003cbf300000)]
  0x000001a736f84800 JavaThread "pool-7-thread-36" daemon [_thread_blocked, id=72064, stack(0x0000003cbf300000,0x0000003cbf400000)]
  0x000001a736f8b000 JavaThread "pool-7-thread-37" daemon [_thread_blocked, id=26988, stack(0x0000003cbf400000,0x0000003cbf500000)]
  0x000001a736dd8800 JavaThread "pool-7-thread-38" daemon [_thread_blocked, id=46348, stack(0x0000003cbf500000,0x0000003cbf600000)]
  0x000001a736dd7800 JavaThread "pool-7-thread-39" daemon [_thread_blocked, id=49568, stack(0x0000003cbf600000,0x0000003cbf700000)]
  0x000001a736dd9000 JavaThread "pool-7-thread-40" daemon [_thread_blocked, id=59268, stack(0x0000003cbf700000,0x0000003cbf800000)]

Other Threads:
=>0x000001a734238800 VMThread "VM Thread" [stack: 0x0000003cb9a00000,0x0000003cb9b00000] [id=54740]
  0x000001a734459800 WatcherThread [stack: 0x0000003cba400000,0x0000003cba500000] [id=77844]
  0x000001a70ee2b800 GCTaskThread "GC Thread#0" [stack: 0x0000003cb9500000,0x0000003cb9600000] [id=75912]
  0x000001a734f14800 GCTaskThread "GC Thread#1" [stack: 0x0000003cbab00000,0x0000003cbac00000] [id=74520]
  0x000001a73523a000 GCTaskThread "GC Thread#2" [stack: 0x0000003cbac00000,0x0000003cbad00000] [id=73692]
  0x000001a734f18000 GCTaskThread "GC Thread#3" [stack: 0x0000003cbad00000,0x0000003cbae00000] [id=34944]
  0x000001a734e4d000 GCTaskThread "GC Thread#4" [stack: 0x0000003cbae00000,0x0000003cbaf00000] [id=47656]
  0x000001a734e9b000 GCTaskThread "GC Thread#5" [stack: 0x0000003cbaf00000,0x0000003cbb000000] [id=71712]
  0x000001a73571e000 GCTaskThread "GC Thread#6" [stack: 0x0000003cbba00000,0x0000003cbbb00000] [id=56604]
  0x000001a73571e800 GCTaskThread "GC Thread#7" [stack: 0x0000003cbbb00000,0x0000003cbbc00000] [id=71704]
  0x000001a735a9f000 GCTaskThread "GC Thread#8" [stack: 0x0000003cbbc00000,0x0000003cbbd00000] [id=77888]
  0x000001a735aa0000 GCTaskThread "GC Thread#9" [stack: 0x0000003cbbd00000,0x0000003cbbe00000] [id=46188]
  0x000001a735701000 GCTaskThread "GC Thread#10" [stack: 0x0000003cbbe00000,0x0000003cbbf00000] [id=65700]
  0x000001a735702000 GCTaskThread "GC Thread#11" [stack: 0x0000003cbbf00000,0x0000003cbc000000] [id=78356]
  0x000001a736be2800 GCTaskThread "GC Thread#12" [stack: 0x0000003cbc000000,0x0000003cbc100000] [id=50872]
  0x000001a736be3000 GCTaskThread "GC Thread#13" [stack: 0x0000003cbc100000,0x0000003cbc200000] [id=51436]
  0x000001a7353b0800 GCTaskThread "GC Thread#14" [stack: 0x0000003cbc200000,0x0000003cbc300000] [id=76716]
  0x000001a70ee87800 ConcurrentGCThread "G1 Main Marker" [stack: 0x0000003cb9600000,0x0000003cb9700000] [id=73484]
  0x000001a70ee8a000 ConcurrentGCThread "G1 Conc#0" [stack: 0x0000003cb9700000,0x0000003cb9800000] [id=78800]
  0x000001a7354c1800 ConcurrentGCThread "G1 Conc#1" [stack: 0x0000003cbc300000,0x0000003cbc400000] [id=77304]
  0x000001a735a3d800 ConcurrentGCThread "G1 Conc#2" [stack: 0x0000003cbc500000,0x0000003cbc600000] [id=56728]
  0x000001a735a3f000 ConcurrentGCThread "G1 Conc#3" [stack: 0x0000003cbc600000,0x0000003cbc700000] [id=9308]
  0x000001a73389b800 ConcurrentGCThread "G1 Refine#0" [stack: 0x0000003cb9800000,0x0000003cb9900000] [id=73768]
  0x000001a734fd0800 ConcurrentGCThread "G1 Refine#1" [stack: 0x0000003cbc400000,0x0000003cbc500000] [id=73592]
  0x000001a73389c800 ConcurrentGCThread "G1 Young RemSet Sampling" [stack: 0x0000003cb9900000,0x0000003cb9a00000] [id=47696]

Threads with active compile tasks:
C2 CompilerThread0     2381 3923   !   4       java.util.concurrent.ConcurrentHashMap::transfer (828 bytes)

VM state:at safepoint (normal execution)

VM Mutex/Monitor currently owned by a thread:  ([mutex/lock_event])
[0x000001a70ee0f800] Threads_lock - owner thread: 0x000001a734238800
[0x000001a70ee0f890] Heap_lock - owner thread: 0x000001a73828b800

Heap address: 0x0000000704200000, size: 4030 MB, Compressed Oops mode: Zero based, Oop shift amount: 3
Narrow klass base: 0x0000000800000000, Narrow klass shift: 0
Compressed class space size: 1073741824 Address: 0x0000000800000000

Heap:
 garbage-first heap   total 310272K, used 31639K [0x0000000704200000, 0x0000000800000000)
  region size 1024K, 16 young (16384K), 16 survivors (16384K)
 Metaspace       used 34466K, capacity 35760K, committed 35840K, reserved 1081344K
  class space    used 3712K, capacity 4162K, committed 4224K, reserved 1048576K
Heap Regions: E=young(eden), S=young(survivor), O=old, HS=humongous(starts), HC=humongous(continues), CS=collection set, F=free, A=archive, TAMS=top-at-mark-start (previous, next)
|   0|0x0000000704200000, 0x0000000704300000, 0x0000000704300000|100%| O|  |TAMS 0x0000000704300000, 0x0000000704300000| Untracked 
|   1|0x0000000704300000, 0x0000000704400000, 0x0000000704400000|100%| O|  |TAMS 0x00000007043fee00, 0x0000000704400000| Untracked 
|   2|0x0000000704400000, 0x0000000704500000, 0x0000000704500000|100%|HS|  |TAMS 0x0000000704500000, 0x0000000704500000| Complete 
|   3|0x0000000704500000, 0x0000000704600000, 0x0000000704600000|100%|HC|  |TAMS 0x0000000704600000, 0x0000000704600000| Complete 
|   4|0x0000000704600000, 0x0000000704700000, 0x0000000704700000|100%| O|  |TAMS 0x0000000704600000, 0x0000000704700000| Untracked 
|   5|0x0000000704700000, 0x0000000704800000, 0x0000000704800000|100%| O|  |TAMS 0x0000000704700000, 0x0000000704800000| Untracked 
|   6|0x0000000704800000, 0x0000000704900000, 0x0000000704900000|100%| O|  |TAMS 0x0000000704800000, 0x0000000704900000| Untracked 
|   7|0x0000000704900000, 0x0000000704a00000, 0x0000000704a00000|100%| O|  |TAMS 0x0000000704900000, 0x0000000704a00000| Untracked 
|   8|0x0000000704a00000, 0x0000000704b00000, 0x0000000704b00000|100%| O|  |TAMS 0x0000000704a00000, 0x0000000704b00000| Untracked 
|   9|0x0000000704b00000, 0x0000000704c00000, 0x0000000704c00000|100%| O|  |TAMS 0x0000000704b00000, 0x0000000704c00000| Untracked 
|  10|0x0000000704c00000, 0x0000000704d00000, 0x0000000704d00000|100%| O|  |TAMS 0x0000000704c00000, 0x0000000704d00000| Untracked 
|  11|0x0000000704d00000, 0x0000000704e00000, 0x0000000704e00000|100%| O|  |TAMS 0x0000000704d00000, 0x0000000704e00000| Untracked 
|  12|0x0000000704e00000, 0x0000000704f00000, 0x0000000704f00000|100%| O|  |TAMS 0x0000000704e00000, 0x0000000704f00000| Untracked 
|  13|0x0000000704f00000, 0x0000000704fe5c00, 0x0000000705000000| 89%| O|  |TAMS 0x0000000704f00000, 0x0000000704fe5c00| Untracked 
|  14|0x0000000705000000, 0x0000000705100000, 0x0000000705100000|100%|HS|  |TAMS 0x0000000705000000, 0x0000000705100000| Complete 
|  15|0x0000000705100000, 0x0000000705100000, 0x0000000705200000|  0%| F|  |TAMS 0x0000000705100000, 0x0000000705100000| Untracked 
|  16|0x0000000705200000, 0x0000000705200000, 0x0000000705300000|  0%| F|  |TAMS 0x0000000705200000, 0x0000000705200000| Untracked 
|  17|0x0000000705300000, 0x0000000705300000, 0x0000000705400000|  0%| F|  |TAMS 0x0000000705300000, 0x0000000705300000| Untracked 
|  18|0x0000000705400000, 0x0000000705400000, 0x0000000705500000|  0%| F|  |TAMS 0x0000000705400000, 0x0000000705400000| Untracked 
|  19|0x0000000705500000, 0x0000000705500000, 0x0000000705600000|  0%| F|  |TAMS 0x0000000705500000, 0x0000000705500000| Untracked 
|  20|0x0000000705600000, 0x0000000705600000, 0x0000000705700000|  0%| F|  |TAMS 0x0000000705600000, 0x0000000705600000| Untracked 
|  21|0x0000000705700000, 0x0000000705700000, 0x0000000705800000|  0%| F|  |TAMS 0x0000000705700000, 0x0000000705700000| Untracked 
|  22|0x0000000705800000, 0x0000000705800000, 0x0000000705900000|  0%| F|  |TAMS 0x0000000705800000, 0x0000000705800000| Untracked 
|  23|0x0000000705900000, 0x0000000705900000, 0x0000000705a00000|  0%| F|  |TAMS 0x0000000705900000, 0x0000000705900000| Untracked 
|  24|0x0000000705a00000, 0x0000000705a00000, 0x0000000705b00000|  0%| F|  |TAMS 0x0000000705a00000, 0x0000000705a00000| Untracked 
|  25|0x0000000705b00000, 0x0000000705b00000, 0x0000000705c00000|  0%| F|  |TAMS 0x0000000705b00000, 0x0000000705b00000| Untracked 
|  26|0x0000000705c00000, 0x0000000705c00000, 0x0000000705d00000|  0%| F|  |TAMS 0x0000000705c00000, 0x0000000705c00000| Untracked 
|  27|0x0000000705d00000, 0x0000000705d00000, 0x0000000705e00000|  0%| F|  |TAMS 0x0000000705d00000, 0x0000000705d00000| Untracked 
|  28|0x0000000705e00000, 0x0000000705e00000, 0x0000000705f00000|  0%| F|  |TAMS 0x0000000705e00000, 0x0000000705e00000| Untracked 
|  29|0x0000000705f00000, 0x0000000705f00000, 0x0000000706000000|  0%| F|  |TAMS 0x0000000705f00000, 0x0000000705f00000| Untracked 
|  30|0x0000000706000000, 0x0000000706000000, 0x0000000706100000|  0%| F|  |TAMS 0x0000000706000000, 0x0000000706000000| Untracked 
|  31|0x0000000706100000, 0x0000000706100000, 0x0000000706200000|  0%| F|  |TAMS 0x0000000706100000, 0x0000000706100000| Untracked 
|  32|0x0000000706200000, 0x0000000706200000, 0x0000000706300000|  0%| F|  |TAMS 0x0000000706200000, 0x0000000706200000| Untracked 
|  33|0x0000000706300000, 0x0000000706300000, 0x0000000706400000|  0%| F|  |TAMS 0x0000000706300000, 0x0000000706300000| Untracked 
|  34|0x0000000706400000, 0x0000000706400000, 0x0000000706500000|  0%| F|  |TAMS 0x0000000706400000, 0x0000000706400000| Untracked 
|  35|0x0000000706500000, 0x0000000706500000, 0x0000000706600000|  0%| F|  |TAMS 0x0000000706500000, 0x0000000706500000| Untracked 
|  36|0x0000000706600000, 0x0000000706600000, 0x0000000706700000|  0%| F|  |TAMS 0x0000000706600000, 0x0000000706600000| Untracked 
|  37|0x0000000706700000, 0x0000000706700000, 0x0000000706800000|  0%| F|  |TAMS 0x0000000706700000, 0x0000000706700000| Untracked 
|  38|0x0000000706800000, 0x0000000706800000, 0x0000000706900000|  0%| F|  |TAMS 0x0000000706800000, 0x0000000706800000| Untracked 
|  39|0x0000000706900000, 0x0000000706900000, 0x0000000706a00000|  0%| F|  |TAMS 0x0000000706900000, 0x0000000706900000| Untracked 
|  40|0x0000000706a00000, 0x0000000706a00000, 0x0000000706b00000|  0%| F|  |TAMS 0x0000000706a00000, 0x0000000706a00000| Untracked 
|  41|0x0000000706b00000, 0x0000000706b00000, 0x0000000706c00000|  0%| F|  |TAMS 0x0000000706b00000, 0x0000000706b00000| Untracked 
|  42|0x0000000706c00000, 0x0000000706c00000, 0x0000000706d00000|  0%| F|  |TAMS 0x0000000706c00000, 0x0000000706c00000| Untracked 
|  43|0x0000000706d00000, 0x0000000706d00000, 0x0000000706e00000|  0%| F|  |TAMS 0x0000000706d00000, 0x0000000706d00000| Untracked 
|  44|0x0000000706e00000, 0x0000000706e00000, 0x0000000706f00000|  0%| F|  |TAMS 0x0000000706e00000, 0x0000000706e00000| Untracked 
|  45|0x0000000706f00000, 0x0000000706f00000, 0x0000000707000000|  0%| F|  |TAMS 0x0000000706f00000, 0x0000000706f00000| Untracked 
|  46|0x0000000707000000, 0x0000000707000000, 0x0000000707100000|  0%| F|  |TAMS 0x0000000707000000, 0x0000000707000000| Untracked 
|  47|0x0000000707100000, 0x0000000707100000, 0x0000000707200000|  0%| F|  |TAMS 0x0000000707100000, 0x0000000707100000| Untracked 
|  48|0x0000000707200000, 0x0000000707200000, 0x0000000707300000|  0%| F|  |TAMS 0x0000000707200000, 0x0000000707200000| Untracked 
|  49|0x0000000707300000, 0x0000000707300000, 0x0000000707400000|  0%| F|  |TAMS 0x0000000707300000, 0x0000000707300000| Untracked 
|  50|0x0000000707400000, 0x0000000707400000, 0x0000000707500000|  0%| F|  |TAMS 0x0000000707400000, 0x0000000707400000| Untracked 
|  51|0x0000000707500000, 0x0000000707500000, 0x0000000707600000|  0%| F|  |TAMS 0x0000000707500000, 0x0000000707500000| Untracked 
|  52|0x0000000707600000, 0x0000000707600000, 0x0000000707700000|  0%| F|  |TAMS 0x0000000707600000, 0x0000000707600000| Untracked 
|  53|0x0000000707700000, 0x0000000707700000, 0x0000000707800000|  0%| F|  |TAMS 0x0000000707700000, 0x0000000707700000| Untracked 
|  54|0x0000000707800000, 0x0000000707800000, 0x0000000707900000|  0%| F|  |TAMS 0x0000000707800000, 0x0000000707800000| Untracked 
|  55|0x0000000707900000, 0x0000000707900000, 0x0000000707a00000|  0%| F|  |TAMS 0x0000000707900000, 0x0000000707900000| Untracked 
|  56|0x0000000707a00000, 0x0000000707a00000, 0x0000000707b00000|  0%| F|  |TAMS 0x0000000707a00000, 0x0000000707a00000| Untracked 
|  57|0x0000000707b00000, 0x0000000707b00000, 0x0000000707c00000|  0%| F|  |TAMS 0x0000000707b00000, 0x0000000707b00000| Untracked 
|  58|0x0000000707c00000, 0x0000000707c00000, 0x0000000707d00000|  0%| F|  |TAMS 0x0000000707c00000, 0x0000000707c00000| Untracked 
|  59|0x0000000707d00000, 0x0000000707d00000, 0x0000000707e00000|  0%| F|  |TAMS 0x0000000707d00000, 0x0000000707d00000| Untracked 
|  60|0x0000000707e00000, 0x0000000707e00000, 0x0000000707f00000|  0%| F|  |TAMS 0x0000000707e00000, 0x0000000707e00000| Untracked 
|  61|0x0000000707f00000, 0x0000000707f00000, 0x0000000708000000|  0%| F|  |TAMS 0x0000000707f00000, 0x0000000707f00000| Untracked 
|  62|0x0000000708000000, 0x0000000708000000, 0x0000000708100000|  0%| F|  |TAMS 0x0000000708000000, 0x0000000708000000| Untracked 
|  63|0x0000000708100000, 0x0000000708100000, 0x0000000708200000|  0%| F|  |TAMS 0x0000000708100000, 0x0000000708100000| Untracked 
|  64|0x0000000708200000, 0x0000000708200000, 0x0000000708300000|  0%| F|  |TAMS 0x0000000708200000, 0x0000000708200000| Untracked 
|  65|0x0000000708300000, 0x0000000708300000, 0x0000000708400000|  0%| F|  |TAMS 0x0000000708300000, 0x0000000708300000| Untracked 
|  66|0x0000000708400000, 0x0000000708400000, 0x0000000708500000|  0%| F|  |TAMS 0x0000000708400000, 0x0000000708400000| Untracked 
|  67|0x0000000708500000, 0x0000000708500000, 0x0000000708600000|  0%| F|  |TAMS 0x0000000708500000, 0x0000000708500000| Untracked 
|  68|0x0000000708600000, 0x0000000708600000, 0x0000000708700000|  0%| F|  |TAMS 0x0000000708600000, 0x0000000708600000| Untracked 
|  69|0x0000000708700000, 0x0000000708700000, 0x0000000708800000|  0%| F|  |TAMS 0x0000000708700000, 0x0000000708700000| Untracked 
|  70|0x0000000708800000, 0x0000000708800000, 0x0000000708900000|  0%| F|  |TAMS 0x0000000708800000, 0x0000000708800000| Untracked 
|  71|0x0000000708900000, 0x0000000708900000, 0x0000000708a00000|  0%| F|  |TAMS 0x0000000708900000, 0x0000000708900000| Untracked 
|  72|0x0000000708a00000, 0x0000000708a00000, 0x0000000708b00000|  0%| F|  |TAMS 0x0000000708a00000, 0x0000000708a00000| Untracked 
|  73|0x0000000708b00000, 0x0000000708b00000, 0x0000000708c00000|  0%| F|  |TAMS 0x0000000708b00000, 0x0000000708b00000| Untracked 
|  74|0x0000000708c00000, 0x0000000708c00000, 0x0000000708d00000|  0%| F|  |TAMS 0x0000000708c00000, 0x0000000708c00000| Untracked 
|  75|0x0000000708d00000, 0x0000000708d00000, 0x0000000708e00000|  0%| F|  |TAMS 0x0000000708d00000, 0x0000000708d00000| Untracked 
|  76|0x0000000708e00000, 0x0000000708e00000, 0x0000000708f00000|  0%| F|  |TAMS 0x0000000708e00000, 0x0000000708e00000| Untracked 
|  77|0x0000000708f00000, 0x0000000708f00000, 0x0000000709000000|  0%| F|  |TAMS 0x0000000708f00000, 0x0000000708f00000| Untracked 
|  78|0x0000000709000000, 0x0000000709000000, 0x0000000709100000|  0%| F|  |TAMS 0x0000000709000000, 0x0000000709000000| Untracked 
|  79|0x0000000709100000, 0x0000000709100000, 0x0000000709200000|  0%| F|  |TAMS 0x0000000709100000, 0x0000000709100000| Untracked 
|  80|0x0000000709200000, 0x0000000709200000, 0x0000000709300000|  0%| F|  |TAMS 0x0000000709200000, 0x0000000709200000| Untracked 
|  81|0x0000000709300000, 0x0000000709300000, 0x0000000709400000|  0%| F|  |TAMS 0x0000000709300000, 0x0000000709300000| Untracked 
|  82|0x0000000709400000, 0x0000000709400000, 0x0000000709500000|  0%| F|  |TAMS 0x0000000709400000, 0x0000000709400000| Untracked 
|  83|0x0000000709500000, 0x0000000709500000, 0x0000000709600000|  0%| F|  |TAMS 0x0000000709500000, 0x0000000709500000| Untracked 
|  84|0x0000000709600000, 0x0000000709600000, 0x0000000709700000|  0%| F|  |TAMS 0x0000000709600000, 0x0000000709600000| Untracked 
|  85|0x0000000709700000, 0x0000000709700000, 0x0000000709800000|  0%| F|  |TAMS 0x0000000709700000, 0x0000000709700000| Untracked 
|  86|0x0000000709800000, 0x0000000709800000, 0x0000000709900000|  0%| F|  |TAMS 0x0000000709800000, 0x0000000709800000| Untracked 
|  87|0x0000000709900000, 0x0000000709900000, 0x0000000709a00000|  0%| F|  |TAMS 0x0000000709900000, 0x0000000709900000| Untracked 
|  88|0x0000000709a00000, 0x0000000709a00000, 0x0000000709b00000|  0%| F|  |TAMS 0x0000000709a00000, 0x0000000709a00000| Untracked 
|  89|0x0000000709b00000, 0x0000000709b00000, 0x0000000709c00000|  0%| F|  |TAMS 0x0000000709b00000, 0x0000000709b00000| Untracked 
|  90|0x0000000709c00000, 0x0000000709c00000, 0x0000000709d00000|  0%| F|  |TAMS 0x0000000709c00000, 0x0000000709c00000| Untracked 
|  91|0x0000000709d00000, 0x0000000709d00000, 0x0000000709e00000|  0%| F|  |TAMS 0x0000000709d00000, 0x0000000709d00000| Untracked 
|  92|0x0000000709e00000, 0x0000000709e00000, 0x0000000709f00000|  0%| F|  |TAMS 0x0000000709e00000, 0x0000000709e00000| Untracked 
|  93|0x0000000709f00000, 0x0000000709f00000, 0x000000070a000000|  0%| F|  |TAMS 0x0000000709f00000, 0x0000000709f00000| Untracked 
|  94|0x000000070a000000, 0x000000070a000000, 0x000000070a100000|  0%| F|  |TAMS 0x000000070a000000, 0x000000070a000000| Untracked 
|  95|0x000000070a100000, 0x000000070a100000, 0x000000070a200000|  0%| F|  |TAMS 0x000000070a100000, 0x000000070a100000| Untracked 
|  96|0x000000070a200000, 0x000000070a200000, 0x000000070a300000|  0%| F|  |TAMS 0x000000070a200000, 0x000000070a200000| Untracked 
|  97|0x000000070a300000, 0x000000070a300000, 0x000000070a400000|  0%| F|  |TAMS 0x000000070a300000, 0x000000070a300000| Untracked 
|  98|0x000000070a400000, 0x000000070a400000, 0x000000070a500000|  0%| F|  |TAMS 0x000000070a400000, 0x000000070a400000| Untracked 
|  99|0x000000070a500000, 0x000000070a500000, 0x000000070a600000|  0%| F|  |TAMS 0x000000070a500000, 0x000000070a500000| Untracked 
| 100|0x000000070a600000, 0x000000070a600000, 0x000000070a700000|  0%| F|  |TAMS 0x000000070a600000, 0x000000070a600000| Untracked 
| 101|0x000000070a700000, 0x000000070a700000, 0x000000070a800000|  0%| F|  |TAMS 0x000000070a700000, 0x000000070a700000| Untracked 
| 102|0x000000070a800000, 0x000000070a800000, 0x000000070a900000|  0%| F|  |TAMS 0x000000070a800000, 0x000000070a800000| Untracked 
| 103|0x000000070a900000, 0x000000070a900000, 0x000000070aa00000|  0%| F|  |TAMS 0x000000070a900000, 0x000000070a900000| Untracked 
| 104|0x000000070aa00000, 0x000000070aa00000, 0x000000070ab00000|  0%| F|  |TAMS 0x000000070aa00000, 0x000000070aa00000| Untracked 
| 105|0x000000070ab00000, 0x000000070ab00000, 0x000000070ac00000|  0%| F|  |TAMS 0x000000070ab00000, 0x000000070ab00000| Untracked 
| 106|0x000000070ac00000, 0x000000070ac00000, 0x000000070ad00000|  0%| F|  |TAMS 0x000000070ac00000, 0x000000070ac00000| Untracked 
| 107|0x000000070ad00000, 0x000000070ad00000, 0x000000070ae00000|  0%| F|  |TAMS 0x000000070ad00000, 0x000000070ad00000| Untracked 
| 108|0x000000070ae00000, 0x000000070ae00000, 0x000000070af00000|  0%| F|  |TAMS 0x000000070ae00000, 0x000000070ae00000| Untracked 
| 109|0x000000070af00000, 0x000000070af00000, 0x000000070b000000|  0%| F|  |TAMS 0x000000070af00000, 0x000000070af00000| Untracked 
| 110|0x000000070b000000, 0x000000070b000000, 0x000000070b100000|  0%| F|  |TAMS 0x000000070b000000, 0x000000070b000000| Untracked 
| 111|0x000000070b100000, 0x000000070b100000, 0x000000070b200000|  0%| F|  |TAMS 0x000000070b100000, 0x000000070b100000| Untracked 
| 112|0x000000070b200000, 0x000000070b200000, 0x000000070b300000|  0%| F|  |TAMS 0x000000070b200000, 0x000000070b200000| Untracked 
| 113|0x000000070b300000, 0x000000070b300000, 0x000000070b400000|  0%| F|  |TAMS 0x000000070b300000, 0x000000070b300000| Untracked 
| 114|0x000000070b400000, 0x000000070b400000, 0x000000070b500000|  0%| F|  |TAMS 0x000000070b400000, 0x000000070b400000| Untracked 
| 115|0x000000070b500000, 0x000000070b500000, 0x000000070b600000|  0%| F|  |TAMS 0x000000070b500000, 0x000000070b500000| Untracked 
| 116|0x000000070b600000, 0x000000070b600000, 0x000000070b700000|  0%| F|  |TAMS 0x000000070b600000, 0x000000070b600000| Untracked 
| 117|0x000000070b700000, 0x000000070b700000, 0x000000070b800000|  0%| F|  |TAMS 0x000000070b700000, 0x000000070b700000| Untracked 
| 118|0x000000070b800000, 0x000000070b800000, 0x000000070b900000|  0%| F|  |TAMS 0x000000070b800000, 0x000000070b800000| Untracked 
| 119|0x000000070b900000, 0x000000070b900000, 0x000000070ba00000|  0%| F|  |TAMS 0x000000070b900000, 0x000000070b900000| Untracked 
| 120|0x000000070ba00000, 0x000000070ba00000, 0x000000070bb00000|  0%| F|  |TAMS 0x000000070ba00000, 0x000000070ba00000| Untracked 
| 121|0x000000070bb00000, 0x000000070bb00000, 0x000000070bc00000|  0%| F|  |TAMS 0x000000070bb00000, 0x000000070bb00000| Untracked 
| 122|0x000000070bc00000, 0x000000070bc00000, 0x000000070bd00000|  0%| F|  |TAMS 0x000000070bc00000, 0x000000070bc00000| Untracked 
| 123|0x000000070bd00000, 0x000000070bd00000, 0x000000070be00000|  0%| F|  |TAMS 0x000000070bd00000, 0x000000070bd00000| Untracked 
| 124|0x000000070be00000, 0x000000070be00000, 0x000000070bf00000|  0%| F|  |TAMS 0x000000070be00000, 0x000000070be00000| Untracked 
| 125|0x000000070bf00000, 0x000000070bf00000, 0x000000070c000000|  0%| F|  |TAMS 0x000000070bf00000, 0x000000070bf00000| Untracked 
| 126|0x000000070c000000, 0x000000070c000000, 0x000000070c100000|  0%| F|  |TAMS 0x000000070c000000, 0x000000070c000000| Untracked 
| 127|0x000000070c100000, 0x000000070c100000, 0x000000070c200000|  0%| F|  |TAMS 0x000000070c100000, 0x000000070c100000| Untracked 
| 128|0x000000070c200000, 0x000000070c200000, 0x000000070c300000|  0%| F|  |TAMS 0x000000070c200000, 0x000000070c200000| Untracked 
| 129|0x000000070c300000, 0x000000070c300000, 0x000000070c400000|  0%| F|  |TAMS 0x000000070c300000, 0x000000070c300000| Untracked 
| 130|0x000000070c400000, 0x000000070c400000, 0x000000070c500000|  0%| F|  |TAMS 0x000000070c400000, 0x000000070c400000| Untracked 
| 131|0x000000070c500000, 0x000000070c500000, 0x000000070c600000|  0%| F|  |TAMS 0x000000070c500000, 0x000000070c500000| Untracked 
| 132|0x000000070c600000, 0x000000070c600000, 0x000000070c700000|  0%| F|  |TAMS 0x000000070c600000, 0x000000070c600000| Untracked 
| 133|0x000000070c700000, 0x000000070c700000, 0x000000070c800000|  0%| F|  |TAMS 0x000000070c700000, 0x000000070c700000| Untracked 
| 134|0x000000070c800000, 0x000000070c800000, 0x000000070c900000|  0%| F|  |TAMS 0x000000070c800000, 0x000000070c800000| Untracked 
| 135|0x000000070c900000, 0x000000070c900000, 0x000000070ca00000|  0%| F|  |TAMS 0x000000070c900000, 0x000000070c900000| Untracked 
| 136|0x000000070ca00000, 0x000000070ca00000, 0x000000070cb00000|  0%| F|  |TAMS 0x000000070ca00000, 0x000000070ca00000| Untracked 
| 137|0x000000070cb00000, 0x000000070cb00000, 0x000000070cc00000|  0%| F|  |TAMS 0x000000070cb00000, 0x000000070cb00000| Untracked 
| 138|0x000000070cc00000, 0x000000070cc00000, 0x000000070cd00000|  0%| F|  |TAMS 0x000000070cc00000, 0x000000070cc00000| Untracked 
| 139|0x000000070cd00000, 0x000000070cd00000, 0x000000070ce00000|  0%| F|  |TAMS 0x000000070cd00000, 0x000000070cd00000| Untracked 
| 140|0x000000070ce00000, 0x000000070ce00000, 0x000000070cf00000|  0%| F|  |TAMS 0x000000070ce00000, 0x000000070ce00000| Untracked 
| 141|0x000000070cf00000, 0x000000070cf00000, 0x000000070d000000|  0%| F|  |TAMS 0x000000070cf00000, 0x000000070cf00000| Untracked 
| 142|0x000000070d000000, 0x000000070d000000, 0x000000070d100000|  0%| F|  |TAMS 0x000000070d000000, 0x000000070d000000| Untracked 
| 143|0x000000070d100000, 0x000000070d100000, 0x000000070d200000|  0%| F|  |TAMS 0x000000070d100000, 0x000000070d100000| Untracked 
| 144|0x000000070d200000, 0x000000070d200000, 0x000000070d300000|  0%| F|  |TAMS 0x000000070d200000, 0x000000070d200000| Untracked 
| 145|0x000000070d300000, 0x000000070d300000, 0x000000070d400000|  0%| F|  |TAMS 0x000000070d300000, 0x000000070d300000| Untracked 
| 146|0x000000070d400000, 0x000000070d400000, 0x000000070d500000|  0%| F|  |TAMS 0x000000070d400000, 0x000000070d400000| Untracked 
| 147|0x000000070d500000, 0x000000070d500000, 0x000000070d600000|  0%| F|  |TAMS 0x000000070d500000, 0x000000070d500000| Untracked 
| 148|0x000000070d600000, 0x000000070d600000, 0x000000070d700000|  0%| F|  |TAMS 0x000000070d600000, 0x000000070d600000| Untracked 
| 149|0x000000070d700000, 0x000000070d700000, 0x000000070d800000|  0%| F|  |TAMS 0x000000070d700000, 0x000000070d700000| Untracked 
| 150|0x000000070d800000, 0x000000070d800000, 0x000000070d900000|  0%| F|  |TAMS 0x000000070d800000, 0x000000070d800000| Untracked 
| 151|0x000000070d900000, 0x000000070d900000, 0x000000070da00000|  0%| F|  |TAMS 0x000000070d900000, 0x000000070d900000| Untracked 
| 152|0x000000070da00000, 0x000000070da00000, 0x000000070db00000|  0%| F|  |TAMS 0x000000070da00000, 0x000000070da00000| Untracked 
| 153|0x000000070db00000, 0x000000070db00000, 0x000000070dc00000|  0%| F|  |TAMS 0x000000070db00000, 0x000000070db00000| Untracked 
| 154|0x000000070dc00000, 0x000000070dc00000, 0x000000070dd00000|  0%| F|  |TAMS 0x000000070dc00000, 0x000000070dc00000| Untracked 
| 155|0x000000070dd00000, 0x000000070dd00000, 0x000000070de00000|  0%| F|  |TAMS 0x000000070dd00000, 0x000000070dd00000| Untracked 
| 156|0x000000070de00000, 0x000000070de00000, 0x000000070df00000|  0%| F|  |TAMS 0x000000070de00000, 0x000000070de00000| Untracked 
| 157|0x000000070df00000, 0x000000070df00000, 0x000000070e000000|  0%| F|  |TAMS 0x000000070df00000, 0x000000070df00000| Untracked 
| 158|0x000000070e000000, 0x000000070e000000, 0x000000070e100000|  0%| F|  |TAMS 0x000000070e000000, 0x000000070e000000| Untracked 
| 159|0x000000070e100000, 0x000000070e100000, 0x000000070e200000|  0%| F|  |TAMS 0x000000070e100000, 0x000000070e100000| Untracked 
| 160|0x000000070e200000, 0x000000070e300000, 0x000000070e300000|100%| S|CS|TAMS 0x000000070e200000, 0x000000070e200000| Complete 
| 161|0x000000070e300000, 0x000000070e400000, 0x000000070e400000|100%| S|CS|TAMS 0x000000070e300000, 0x000000070e300000| Complete 
| 162|0x000000070e400000, 0x000000070e500000, 0x000000070e500000|100%| S|CS|TAMS 0x000000070e400000, 0x000000070e400000| Complete 
| 163|0x000000070e500000, 0x000000070e600000, 0x000000070e600000|100%| S|CS|TAMS 0x000000070e500000, 0x000000070e500000| Complete 
| 164|0x000000070e600000, 0x000000070e700000, 0x000000070e700000|100%| S|CS|TAMS 0x000000070e600000, 0x000000070e600000| Complete 
| 165|0x000000070e700000, 0x000000070e800000, 0x000000070e800000|100%| S|CS|TAMS 0x000000070e700000, 0x000000070e700000| Complete 
| 166|0x000000070e800000, 0x000000070e900000, 0x000000070e900000|100%| S|CS|TAMS 0x000000070e800000, 0x000000070e800000| Complete 
| 167|0x000000070e900000, 0x000000070ea00000, 0x000000070ea00000|100%| S|CS|TAMS 0x000000070e900000, 0x000000070e900000| Complete 
| 168|0x000000070ea00000, 0x000000070eb00000, 0x000000070eb00000|100%| S|CS|TAMS 0x000000070ea00000, 0x000000070ea00000| Complete 
| 169|0x000000070eb00000, 0x000000070ec00000, 0x000000070ec00000|100%| S|CS|TAMS 0x000000070eb00000, 0x000000070eb00000| Complete 
| 170|0x000000070ec00000, 0x000000070ed00000, 0x000000070ed00000|100%| S|CS|TAMS 0x000000070ec00000, 0x000000070ec00000| Complete 
| 171|0x000000070ed00000, 0x000000070ee00000, 0x000000070ee00000|100%| S|CS|TAMS 0x000000070ed00000, 0x000000070ed00000| Complete 
| 172|0x000000070ee00000, 0x000000070ef00000, 0x000000070ef00000|100%| S|CS|TAMS 0x000000070ee00000, 0x000000070ee00000| Complete 
| 173|0x000000070ef00000, 0x000000070f000000, 0x000000070f000000|100%| S|CS|TAMS 0x000000070ef00000, 0x000000070ef00000| Complete 
| 174|0x000000070f000000, 0x000000070f100000, 0x000000070f100000|100%| S|CS|TAMS 0x000000070f000000, 0x000000070f000000| Complete 
| 175|0x000000070f100000, 0x000000070f200000, 0x000000070f200000|100%| S|CS|TAMS 0x000000070f100000, 0x000000070f100000| Complete 
| 176|0x000000070f200000, 0x000000070f200000, 0x000000070f300000|  0%| F|  |TAMS 0x000000070f200000, 0x000000070f200000| Untracked 
| 177|0x000000070f300000, 0x000000070f300000, 0x000000070f400000|  0%| F|  |TAMS 0x000000070f300000, 0x000000070f300000| Untracked 
| 178|0x000000070f400000, 0x000000070f400000, 0x000000070f500000|  0%| F|  |TAMS 0x000000070f400000, 0x000000070f400000| Untracked 
| 179|0x000000070f500000, 0x000000070f500000, 0x000000070f600000|  0%| F|  |TAMS 0x000000070f500000, 0x000000070f500000| Untracked 
| 180|0x000000070f600000, 0x000000070f600000, 0x000000070f700000|  0%| F|  |TAMS 0x000000070f600000, 0x000000070f600000| Untracked 
| 181|0x000000070f700000, 0x000000070f700000, 0x000000070f800000|  0%| F|  |TAMS 0x000000070f700000, 0x000000070f700000| Untracked 
| 182|0x000000070f800000, 0x000000070f800000, 0x000000070f900000|  0%| F|  |TAMS 0x000000070f800000, 0x000000070f800000| Untracked 
| 183|0x000000070f900000, 0x000000070f900000, 0x000000070fa00000|  0%| F|  |TAMS 0x000000070f900000, 0x000000070f900000| Untracked 
| 184|0x000000070fa00000, 0x000000070fa00000, 0x000000070fb00000|  0%| F|  |TAMS 0x000000070fa00000, 0x000000070fa00000| Untracked 
| 185|0x000000070fb00000, 0x000000070fb00000, 0x000000070fc00000|  0%| F|  |TAMS 0x000000070fb00000, 0x000000070fb00000| Untracked 
| 186|0x000000070fc00000, 0x000000070fc00000, 0x000000070fd00000|  0%| F|  |TAMS 0x000000070fc00000, 0x000000070fc00000| Untracked 
| 187|0x000000070fd00000, 0x000000070fd00000, 0x000000070fe00000|  0%| F|  |TAMS 0x000000070fd00000, 0x000000070fd00000| Untracked 
| 188|0x000000070fe00000, 0x000000070fe00000, 0x000000070ff00000|  0%| F|  |TAMS 0x000000070fe00000, 0x000000070fe00000| Untracked 
| 189|0x000000070ff00000, 0x000000070ff00000, 0x0000000710000000|  0%| F|  |TAMS 0x000000070ff00000, 0x000000070ff00000| Untracked 
| 190|0x0000000710000000, 0x0000000710000000, 0x0000000710100000|  0%| F|  |TAMS 0x0000000710000000, 0x0000000710000000| Untracked 
| 191|0x0000000710100000, 0x0000000710100000, 0x0000000710200000|  0%| F|  |TAMS 0x0000000710100000, 0x0000000710100000| Untracked 
| 192|0x0000000710200000, 0x0000000710200000, 0x0000000710300000|  0%| F|  |TAMS 0x0000000710200000, 0x0000000710200000| Untracked 
| 193|0x0000000710300000, 0x0000000710300000, 0x0000000710400000|  0%| F|  |TAMS 0x0000000710300000, 0x0000000710300000| Untracked 
| 194|0x0000000710400000, 0x0000000710400000, 0x0000000710500000|  0%| F|  |TAMS 0x0000000710400000, 0x0000000710400000| Untracked 
| 195|0x0000000710500000, 0x0000000710500000, 0x0000000710600000|  0%| F|  |TAMS 0x0000000710500000, 0x0000000710500000| Untracked 
| 196|0x0000000710600000, 0x0000000710600000, 0x0000000710700000|  0%| F|  |TAMS 0x0000000710600000, 0x0000000710600000| Untracked 
| 197|0x0000000710700000, 0x0000000710700000, 0x0000000710800000|  0%| F|  |TAMS 0x0000000710700000, 0x0000000710700000| Untracked 
| 198|0x0000000710800000, 0x0000000710800000, 0x0000000710900000|  0%| F|  |TAMS 0x0000000710800000, 0x0000000710800000| Untracked 
| 199|0x0000000710900000, 0x0000000710900000, 0x0000000710a00000|  0%| F|  |TAMS 0x0000000710900000, 0x0000000710900000| Untracked 
| 200|0x0000000710a00000, 0x0000000710a00000, 0x0000000710b00000|  0%| F|  |TAMS 0x0000000710a00000, 0x0000000710a00000| Untracked 
| 201|0x0000000710b00000, 0x0000000710b00000, 0x0000000710c00000|  0%| F|  |TAMS 0x0000000710b00000, 0x0000000710b00000| Untracked 
| 202|0x0000000710c00000, 0x0000000710c00000, 0x0000000710d00000|  0%| F|  |TAMS 0x0000000710c00000, 0x0000000710c00000| Untracked 
| 203|0x0000000710d00000, 0x0000000710d00000, 0x0000000710e00000|  0%| F|  |TAMS 0x0000000710d00000, 0x0000000710d00000| Untracked 
| 204|0x0000000710e00000, 0x0000000710e00000, 0x0000000710f00000|  0%| F|  |TAMS 0x0000000710e00000, 0x0000000710e00000| Untracked 
| 205|0x0000000710f00000, 0x0000000710f00000, 0x0000000711000000|  0%| F|  |TAMS 0x0000000710f00000, 0x0000000710f00000| Untracked 
| 206|0x0000000711000000, 0x0000000711000000, 0x0000000711100000|  0%| F|  |TAMS 0x0000000711000000, 0x0000000711000000| Untracked 
| 207|0x0000000711100000, 0x0000000711100000, 0x0000000711200000|  0%| F|  |TAMS 0x0000000711100000, 0x0000000711100000| Untracked 
| 208|0x0000000711200000, 0x0000000711200000, 0x0000000711300000|  0%| F|  |TAMS 0x0000000711200000, 0x0000000711200000| Untracked 
| 209|0x0000000711300000, 0x0000000711300000, 0x0000000711400000|  0%| F|  |TAMS 0x0000000711300000, 0x0000000711300000| Untracked 
| 210|0x0000000711400000, 0x0000000711400000, 0x0000000711500000|  0%| F|  |TAMS 0x0000000711400000, 0x0000000711400000| Untracked 
| 211|0x0000000711500000, 0x0000000711500000, 0x0000000711600000|  0%| F|  |TAMS 0x0000000711500000, 0x0000000711500000| Untracked 
| 212|0x0000000711600000, 0x0000000711600000, 0x0000000711700000|  0%| F|  |TAMS 0x0000000711600000, 0x0000000711600000| Untracked 
| 213|0x0000000711700000, 0x0000000711700000, 0x0000000711800000|  0%| F|  |TAMS 0x0000000711700000, 0x0000000711700000| Untracked 
| 214|0x0000000711800000, 0x0000000711800000, 0x0000000711900000|  0%| F|  |TAMS 0x0000000711800000, 0x0000000711800000| Untracked 
| 215|0x0000000711900000, 0x0000000711900000, 0x0000000711a00000|  0%| F|  |TAMS 0x0000000711900000, 0x0000000711900000| Untracked 
| 216|0x0000000711a00000, 0x0000000711a00000, 0x0000000711b00000|  0%| F|  |TAMS 0x0000000711a00000, 0x0000000711a00000| Untracked 
| 217|0x0000000711b00000, 0x0000000711b00000, 0x0000000711c00000|  0%| F|  |TAMS 0x0000000711b00000, 0x0000000711b00000| Untracked 
| 218|0x0000000711c00000, 0x0000000711c00000, 0x0000000711d00000|  0%| F|  |TAMS 0x0000000711c00000, 0x0000000711c00000| Untracked 
| 219|0x0000000711d00000, 0x0000000711d00000, 0x0000000711e00000|  0%| F|  |TAMS 0x0000000711d00000, 0x0000000711d00000| Untracked 
| 220|0x0000000711e00000, 0x0000000711e00000, 0x0000000711f00000|  0%| F|  |TAMS 0x0000000711e00000, 0x0000000711e00000| Untracked 
| 221|0x0000000711f00000, 0x0000000711f00000, 0x0000000712000000|  0%| F|  |TAMS 0x0000000711f00000, 0x0000000711f00000| Untracked 
| 222|0x0000000712000000, 0x0000000712000000, 0x0000000712100000|  0%| F|  |TAMS 0x0000000712000000, 0x0000000712000000| Untracked 
| 223|0x0000000712100000, 0x0000000712100000, 0x0000000712200000|  0%| F|  |TAMS 0x0000000712100000, 0x0000000712100000| Untracked 
| 224|0x0000000712200000, 0x0000000712200000, 0x0000000712300000|  0%| F|  |TAMS 0x0000000712200000, 0x0000000712200000| Untracked 
| 225|0x0000000712300000, 0x0000000712300000, 0x0000000712400000|  0%| F|  |TAMS 0x0000000712300000, 0x0000000712300000| Untracked 
| 226|0x0000000712400000, 0x0000000712400000, 0x0000000712500000|  0%| F|  |TAMS 0x0000000712400000, 0x0000000712400000| Untracked 
| 227|0x0000000712500000, 0x0000000712500000, 0x0000000712600000|  0%| F|  |TAMS 0x0000000712500000, 0x0000000712500000| Untracked 
| 228|0x0000000712600000, 0x0000000712600000, 0x0000000712700000|  0%| F|  |TAMS 0x0000000712600000, 0x0000000712600000| Untracked 
| 229|0x0000000712700000, 0x0000000712700000, 0x0000000712800000|  0%| F|  |TAMS 0x0000000712700000, 0x0000000712700000| Untracked 
| 230|0x0000000712800000, 0x0000000712800000, 0x0000000712900000|  0%| F|  |TAMS 0x0000000712800000, 0x0000000712800000| Untracked 
| 231|0x0000000712900000, 0x0000000712900000, 0x0000000712a00000|  0%| F|  |TAMS 0x0000000712900000, 0x0000000712900000| Untracked 
| 232|0x0000000712a00000, 0x0000000712a00000, 0x0000000712b00000|  0%| F|  |TAMS 0x0000000712a00000, 0x0000000712a00000| Untracked 
| 233|0x0000000712b00000, 0x0000000712b00000, 0x0000000712c00000|  0%| F|  |TAMS 0x0000000712b00000, 0x0000000712b00000| Untracked 
| 234|0x0000000712c00000, 0x0000000712c00000, 0x0000000712d00000|  0%| F|  |TAMS 0x0000000712c00000, 0x0000000712c00000| Untracked 
| 235|0x0000000712d00000, 0x0000000712d00000, 0x0000000712e00000|  0%| F|  |TAMS 0x0000000712d00000, 0x0000000712d00000| Untracked 
| 236|0x0000000712e00000, 0x0000000712e00000, 0x0000000712f00000|  0%| F|  |TAMS 0x0000000712e00000, 0x0000000712e00000| Untracked 
| 237|0x0000000712f00000, 0x0000000712f00000, 0x0000000713000000|  0%| F|  |TAMS 0x0000000712f00000, 0x0000000712f00000| Untracked 
| 238|0x0000000713000000, 0x0000000713000000, 0x0000000713100000|  0%| F|  |TAMS 0x0000000713000000, 0x0000000713000000| Untracked 
| 239|0x0000000713100000, 0x0000000713100000, 0x0000000713200000|  0%| F|  |TAMS 0x0000000713100000, 0x0000000713100000| Untracked 
| 240|0x0000000713200000, 0x0000000713200000, 0x0000000713300000|  0%| F|  |TAMS 0x0000000713200000, 0x0000000713200000| Untracked 
| 241|0x0000000713300000, 0x0000000713300000, 0x0000000713400000|  0%| F|  |TAMS 0x0000000713300000, 0x0000000713300000| Untracked 
| 242|0x0000000713400000, 0x0000000713400000, 0x0000000713500000|  0%| F|  |TAMS 0x0000000713400000, 0x0000000713400000| Untracked 
| 243|0x0000000713500000, 0x0000000713500000, 0x0000000713600000|  0%| F|  |TAMS 0x0000000713500000, 0x0000000713500000| Untracked 
| 244|0x0000000713600000, 0x0000000713600000, 0x0000000713700000|  0%| F|  |TAMS 0x0000000713600000, 0x0000000713600000| Untracked 
| 245|0x0000000713700000, 0x0000000713700000, 0x0000000713800000|  0%| F|  |TAMS 0x0000000713700000, 0x0000000713700000| Untracked 
| 246|0x0000000713800000, 0x0000000713800000, 0x0000000713900000|  0%| F|  |TAMS 0x0000000713800000, 0x0000000713800000| Untracked 
| 247|0x0000000713900000, 0x0000000713900000, 0x0000000713a00000|  0%| F|  |TAMS 0x0000000713900000, 0x0000000713900000| Untracked 
| 248|0x0000000713a00000, 0x0000000713a00000, 0x0000000713b00000|  0%| F|  |TAMS 0x0000000713a00000, 0x0000000713a00000| Untracked 
| 249|0x0000000713b00000, 0x0000000713b00000, 0x0000000713c00000|  0%| F|  |TAMS 0x0000000713b00000, 0x0000000713b00000| Untracked 
| 250|0x0000000713c00000, 0x0000000713c00000, 0x0000000713d00000|  0%| F|  |TAMS 0x0000000713c00000, 0x0000000713c00000| Untracked 
| 251|0x0000000713d00000, 0x0000000713d00000, 0x0000000713e00000|  0%| F|  |TAMS 0x0000000713d00000, 0x0000000713d00000| Untracked 

Card table byte_map: [0x000001a7277f0000,0x000001a727fd0000] _byte_map_base: 0x000001a723fcf000

Marking Bits (Prev, Next): (CMBitMap*) 0x000001a70ee76ef0, (CMBitMap*) 0x000001a70ee76eb8
 Prev Bits: [0x000001a72c6b0000, 0x000001a7305a8000)
 Next Bits: [0x000001a7287b0000, 0x000001a72c6a8000)

Polling page: 0x000001a70cd40000

Metaspace:

Usage:
  Non-class:     30.86 MB capacity,    30.03 MB ( 97%) used,   738.56 KB (  2%) free+waste,   105.88 KB ( <1%) overhead. 
      Class:      4.06 MB capacity,     3.63 MB ( 89%) used,   399.67 KB ( 10%) free+waste,    49.88 KB (  1%) overhead. 
       Both:     34.92 MB capacity,    33.66 MB ( 96%) used,     1.11 MB (  3%) free+waste,   155.75 KB ( <1%) overhead. 

Virtual space:
  Non-class space:       32.00 MB reserved,      30.88 MB ( 96%) committed 
      Class space:        1.00 GB reserved,       4.13 MB ( <1%) committed 
             Both:        1.03 GB reserved,      35.00 MB (  3%) committed 

Chunk freelists:
   Non-Class:  18.00 KB
       Class:  0 bytes
        Both:  18.00 KB

MaxMetaspaceSize: 17179869184.00 GB
CompressedClassSpaceSize: 1.00 GB
Initial GC threshold: 20.80 MB
Current GC threshold: 35.00 MB
CDS: off

CodeHeap 'non-profiled nmethods': size=119168Kb used=2109Kb max_used=2109Kb free=117058Kb
 bounds [0x000001a71f100000, 0x000001a71f370000, 0x000001a726560000]
CodeHeap 'profiled nmethods': size=119168Kb used=9281Kb max_used=9281Kb free=109886Kb
 bounds [0x000001a717ca0000, 0x000001a7185c0000, 0x000001a71f100000]
CodeHeap 'non-nmethods': size=7424Kb used=2967Kb max_used=3016Kb free=4456Kb
 bounds [0x000001a717560000, 0x000001a717860000, 0x000001a717ca0000]
 total_blobs=4492 nmethods=3926 adapters=474
 compilation: enabled
              stopped_count=0, restarted_count=0
 full_count=0

Compilation events (20 events):
Event: 2.351 Thread 0x000001a7342dd000 3918       3       java.lang.reflect.Field::getAnnotation (23 bytes)
Event: 2.351 Thread 0x000001a7342d8000 3919       3       jdk.internal.reflect.ReflectionFactory::copyField (10 bytes)
Event: 2.351 Thread 0x000001a7342db800 3920       3       java.lang.reflect.ReflectAccess::copyField (5 bytes)
Event: 2.351 Thread 0x000001a7342de000 nmethod 3916 0x000001a7185ab590 code [0x000001a7185ab8a0, 0x000001a7185acfa8]
Event: 2.351 Thread 0x000001a7342de000 3921       3       java.lang.reflect.Field::copy (76 bytes)
Event: 2.351 Thread 0x000001a7342db800 nmethod 3920 0x000001a7185ad590 code [0x000001a7185ad740, 0x000001a7185ad868]
Event: 2.351 Thread 0x000001a7342db800 3922       3       java.lang.reflect.Field::<init> (44 bytes)
Event: 2.351 Thread 0x000001a7342dd000 nmethod 3918 0x000001a7185ad910 code [0x000001a7185adb40, 0x000001a7185ae1e8]
Event: 2.351 Thread 0x000001a7342d8000 nmethod 3919 0x000001a7185ae410 code [0x000001a7185ae600, 0x000001a7185ae928]
Event: 2.351 Thread 0x000001a7342db800 nmethod 3922 0x000001a7185aea90 code [0x000001a7185aec60, 0x000001a7185af038]
Event: 2.351 Thread 0x000001a7342de000 nmethod 3921 0x000001a7185af110 code [0x000001a7185af300, 0x000001a7185af738]
Event: 2.352 Thread 0x000001a7342d6000 3923   !   4       java.util.concurrent.ConcurrentHashMap::transfer (828 bytes)
Event: 2.352 Thread 0x000001a7342dd000 3924       1       java.util.LinkedList::size (5 bytes)
Event: 2.352 Thread 0x000001a7342dd000 nmethod 3924 0x000001a71f30e590 code [0x000001a71f30e740, 0x000001a71f30e7f8]
Event: 2.353 Thread 0x000001a7342d9800 3925       4       org.eclipse.jetty.webapp.ClassMatcher$ByPackageOrName::size (8 bytes)
Event: 2.354 Thread 0x000001a7342da800 3926       4       org.eclipse.jetty.webapp.ClassMatcher$ByLocationOrModule::size (16 bytes)
Event: 2.355 Thread 0x000001a7342d8000 3927       3       sun.reflect.generics.parser.SignatureParser::current (59 bytes)
Event: 2.355 Thread 0x000001a7342d9800 nmethod 3925 0x000001a71f30e890 code [0x000001a71f30ea60, 0x000001a71f30ed48]
Event: 2.356 Thread 0x000001a7342d8000 nmethod 3927 0x000001a7185af890 code [0x000001a7185afac0, 0x000001a7185b01f8]
Event: 2.357 Thread 0x000001a7342da800 nmethod 3926 0x000001a71f30ef90 code [0x000001a71f30f180, 0x000001a71f30f4c8]

GC Heap History (9 events):
Event: 0.652 GC heap before
{Heap before GC invocations=0 (full 0):
 garbage-first heap   total 258048K, used 23552K [0x0000000704200000, 0x0000000800000000)
  region size 1024K, 24 young (24576K), 0 survivors (0K)
 Metaspace       used 13153K, capacity 13510K, committed 13696K, reserved 1060864K
  class space    used 1230K, capacity 1340K, committed 1408K, reserved 1048576K
}
Event: 0.655 GC heap after
{Heap after GC invocations=1 (full 0):
 garbage-first heap   total 258048K, used 5115K [0x0000000704200000, 0x0000000800000000)
  region size 1024K, 3 young (3072K), 3 survivors (3072K)
 Metaspace       used 13153K, capacity 13510K, committed 13696K, reserved 1060864K
  class space    used 1230K, capacity 1340K, committed 1408K, reserved 1048576K
}
Event: 1.250 GC heap before
{Heap before GC invocations=1 (full 0):
 garbage-first heap   total 258048K, used 54267K [0x0000000704200000, 0x0000000800000000)
  region size 1024K, 50 young (51200K), 3 survivors (3072K)
 Metaspace       used 20561K, capacity 21185K, committed 21248K, reserved 1069056K
  class space    used 2039K, capacity 2289K, committed 2304K, reserved 1048576K
}
Event: 1.256 GC heap after
{Heap after GC invocations=2 (full 0):
 garbage-first heap   total 258048K, used 14686K [0x0000000704200000, 0x0000000800000000)
  region size 1024K, 11 young (11264K), 11 survivors (11264K)
 Metaspace       used 20561K, capacity 21185K, committed 21248K, reserved 1069056K
  class space    used 2039K, capacity 2289K, committed 2304K, reserved 1048576K
}
Event: 1.402 GC heap before
{Heap before GC invocations=3 (full 0):
 garbage-first heap   total 258048K, used 36190K [0x0000000704200000, 0x0000000800000000)
  region size 1024K, 32 young (32768K), 11 survivors (11264K)
 Metaspace       used 23500K, capacity 24153K, committed 24448K, reserved 1071104K
  class space    used 2364K, capacity 2620K, committed 2688K, reserved 1048576K
}
Event: 1.407 GC heap after
{Heap after GC invocations=4 (full 0):
 garbage-first heap   total 258048K, used 15252K [0x0000000704200000, 0x0000000800000000)
  region size 1024K, 2 young (2048K), 2 survivors (2048K)
 Metaspace       used 23500K, capacity 24153K, committed 24448K, reserved 1071104K
  class space    used 2364K, capacity 2620K, committed 2688K, reserved 1048576K
}
Event: 1.944 GC heap before
{Heap before GC invocations=4 (full 0):
 garbage-first heap   total 258048K, used 86932K [0x0000000704200000, 0x0000000800000000)
  region size 1024K, 69 young (70656K), 2 survivors (2048K)
 Metaspace       used 31520K, capacity 32492K, committed 32640K, reserved 1079296K
  class space    used 3320K, capacity 3659K, committed 3712K, reserved 1048576K
}
Event: 1.949 GC heap after
{Heap after GC invocations=5 (full 0):
 garbage-first heap   total 258048K, used 20724K [0x0000000704200000, 0x0000000800000000)
  region size 1024K, 5 young (5120K), 5 survivors (5120K)
 Metaspace       used 31520K, capacity 32492K, committed 32640K, reserved 1079296K
  class space    used 3320K, capacity 3659K, committed 3712K, reserved 1048576K
}
Event: 2.358 GC heap before
{Heap before GC invocations=5 (full 0):
 garbage-first heap   total 258048K, used 95476K [0x0000000704200000, 0x0000000800000000)
  region size 1024K, 76 young (77824K), 5 survivors (5120K)
 Metaspace       used 34466K, capacity 35760K, committed 35840K, reserved 1081344K
  class space    used 3712K, capacity 4162K, committed 4224K, reserved 1048576K
}

Deoptimization events (20 events):
Event: 2.249 Thread 0x000001a736f7e000 DEOPT PACKING pc=0x000001a718474fbd sp=0x0000003cbe2fdb40
Event: 2.249 Thread 0x000001a736f7e000 DEOPT UNPACKING pc=0x000001a7175aa95e sp=0x0000003cbe2fd060 mode 0
Event: 2.255 Thread 0x000001a736dd9000 Uncommon trap: trap_request=0xffffff4d fr.pc=0x000001a71f2dc17c relative=0x000000000000269c
Event: 2.255 Thread 0x000001a736dd9000 Uncommon trap: reason=unstable_if action=reinterpret pc=0x000001a71f2dc17c method=java.lang.Long.getChars(JI[B)I @ 29 c2
Event: 2.255 Thread 0x000001a736dd9000 DEOPT PACKING pc=0x000001a71f2dc17c sp=0x0000003cbf7fed80
Event: 2.255 Thread 0x000001a736dd9000 DEOPT UNPACKING pc=0x000001a7175aa1af sp=0x0000003cbf7fea78 mode 2
Event: 2.255 Thread 0x000001a736dd9000 Uncommon trap: trap_request=0xffffff4d fr.pc=0x000001a71f2e1a3c relative=0x00000000000026dc
Event: 2.255 Thread 0x000001a736dd9000 Uncommon trap: reason=unstable_if action=reinterpret pc=0x000001a71f2e1a3c method=java.lang.Long.getChars(JI[B)I @ 29 c2
Event: 2.255 Thread 0x000001a736dd9000 DEOPT PACKING pc=0x000001a71f2e1a3c sp=0x0000003cbf7fed20
Event: 2.255 Thread 0x000001a736dd9000 DEOPT UNPACKING pc=0x000001a7175aa1af sp=0x0000003cbf7fea70 mode 2
Event: 2.276 Thread 0x000001a73828b800 DEOPT PACKING pc=0x000001a71833de9e sp=0x0000003cbd9f8e30
Event: 2.276 Thread 0x000001a73828b800 DEOPT UNPACKING pc=0x000001a7175aa95e sp=0x0000003cbd9f83b8 mode 0
Event: 2.283 Thread 0x000001a73828b800 DEOPT PACKING pc=0x000001a71833de9e sp=0x0000003cbd9f8e30
Event: 2.283 Thread 0x000001a73828b800 DEOPT UNPACKING pc=0x000001a7175aa95e sp=0x0000003cbd9f83b8 mode 0
Event: 2.352 Thread 0x000001a73828b800 DEOPT PACKING pc=0x000001a718474fbd sp=0x0000003cbd9fe170
Event: 2.352 Thread 0x000001a73828b800 DEOPT UNPACKING pc=0x000001a7175aa95e sp=0x0000003cbd9fd690 mode 0
Event: 2.355 Thread 0x000001a736dd7800 Uncommon trap: trap_request=0xffffff4d fr.pc=0x000001a71f277454 relative=0x0000000000000094
Event: 2.355 Thread 0x000001a736dd7800 Uncommon trap: reason=unstable_if action=reinterpret pc=0x000001a71f277454 method=sun.reflect.generics.parser.SignatureParser.current()C @ 39 c2
Event: 2.355 Thread 0x000001a736dd7800 DEOPT PACKING pc=0x000001a71f277454 sp=0x0000003cbf6fcde0
Event: 2.355 Thread 0x000001a736dd7800 DEOPT UNPACKING pc=0x000001a7175aa1af sp=0x0000003cbf6fcd78 mode 2

Classes redefined (0 events):
No events

Internal exceptions (20 events):
Event: 1.897 Thread 0x000001a736f8b000 Exception <a 'sun/nio/fs/WindowsException'{0x000000070feaca18}> (0x000000070feaca18) thrown at [./src/hotspot/share/prims/jni.cpp, line 617]
Event: 1.899 Thread 0x000001a738285800 Exception <a 'sun/nio/fs/WindowsException'{0x0000000710a01068}> (0x0000000710a01068) thrown at [./src/hotspot/share/prims/jni.cpp, line 617]
Event: 1.900 Thread 0x000001a738285800 Exception <a 'sun/nio/fs/WindowsException'{0x0000000710a15f40}> (0x0000000710a15f40) thrown at [./src/hotspot/share/prims/jni.cpp, line 617]
Event: 1.901 Thread 0x000001a738285800 Exception <a 'sun/nio/fs/WindowsException'{0x0000000710a2ab20}> (0x0000000710a2ab20) thrown at [./src/hotspot/share/prims/jni.cpp, line 617]
Event: 1.901 Thread 0x000001a738284000 Exception <a 'sun/nio/fs/WindowsException'{0x0000000710abd788}> (0x0000000710abd788) thrown at [./src/hotspot/share/prims/jni.cpp, line 617]
Event: 1.902 Thread 0x000001a738284000 Exception <a 'sun/nio/fs/WindowsException'{0x0000000710acf328}> (0x0000000710acf328) thrown at [./src/hotspot/share/prims/jni.cpp, line 617]
Event: 1.903 Thread 0x000001a73828c000 Exception <a 'sun/nio/fs/WindowsException'{0x00000007108992d0}> (0x00000007108992d0) thrown at [./src/hotspot/share/prims/jni.cpp, line 617]
Event: 1.904 Thread 0x000001a73828c000 Exception <a 'sun/nio/fs/WindowsException'{0x000000070fd02f30}> (0x000000070fd02f30) thrown at [./src/hotspot/share/prims/jni.cpp, line 617]
Event: 1.904 Thread 0x000001a73828c000 Exception <a 'sun/nio/fs/WindowsException'{0x000000070fd18fb0}> (0x000000070fd18fb0) thrown at [./src/hotspot/share/prims/jni.cpp, line 617]
Event: 1.905 Thread 0x000001a73828c000 Exception <a 'sun/nio/fs/WindowsException'{0x000000070fd2c580}> (0x000000070fd2c580) thrown at [./src/hotspot/share/prims/jni.cpp, line 617]
Event: 1.906 Thread 0x000001a73828c000 Exception <a 'sun/nio/fs/WindowsException'{0x000000070fd455e8}> (0x000000070fd455e8) thrown at [./src/hotspot/share/prims/jni.cpp, line 617]
Event: 1.907 Thread 0x000001a736f7c800 Exception <a 'sun/nio/fs/WindowsException'{0x00000007105167a0}> (0x00000007105167a0) thrown at [./src/hotspot/share/prims/jni.cpp, line 617]
Event: 1.908 Thread 0x000001a736f88000 Exception <a 'sun/nio/fs/WindowsException'{0x0000000710588260}> (0x0000000710588260) thrown at [./src/hotspot/share/prims/jni.cpp, line 617]
Event: 1.909 Thread 0x000001a73828a800 Exception <a 'sun/nio/fs/WindowsException'{0x000000071003eb28}> (0x000000071003eb28) thrown at [./src/hotspot/share/prims/jni.cpp, line 617]
Event: 1.909 Thread 0x000001a73828a800 Exception <a 'sun/nio/fs/WindowsException'{0x0000000710055168}> (0x0000000710055168) thrown at [./src/hotspot/share/prims/jni.cpp, line 617]
Event: 1.910 Thread 0x000001a73828a800 Exception <a 'sun/nio/fs/WindowsException'{0x0000000710067700}> (0x0000000710067700) thrown at [./src/hotspot/share/prims/jni.cpp, line 617]
Event: 1.911 Thread 0x000001a73828a800 Exception <a 'sun/nio/fs/WindowsException'{0x000000070fdeff80}> (0x000000070fdeff80) thrown at [./src/hotspot/share/prims/jni.cpp, line 617]
Event: 1.913 Thread 0x000001a73828a800 Exception <a 'sun/nio/fs/WindowsException'{0x000000070fc04428}> (0x000000070fc04428) thrown at [./src/hotspot/share/prims/jni.cpp, line 617]
Event: 1.914 Thread 0x000001a73828a800 Exception <a 'sun/nio/fs/WindowsException'{0x000000070fc185d0}> (0x000000070fc185d0) thrown at [./src/hotspot/share/prims/jni.cpp, line 617]
Event: 1.914 Thread 0x000001a73828a800 Exception <a 'sun/nio/fs/WindowsException'{0x000000070fc2ed20}> (0x000000070fc2ed20) thrown at [./src/hotspot/share/prims/jni.cpp, line 617]

Events (20 events):
Event: 2.355 loading class sun/reflect/generics/tree/Signature
Event: 2.355 loading class sun/reflect/generics/tree/Signature done
Event: 2.355 loading class sun/reflect/generics/tree/ClassSignature done
Event: 2.355 loading class sun/reflect/generics/reflectiveObjects/ParameterizedTypeImpl
Event: 2.355 loading class sun/reflect/generics/reflectiveObjects/ParameterizedTypeImpl done
Event: 2.355 loading class sun/reflect/generics/tree/TypeVariableSignature
Event: 2.355 loading class sun/reflect/generics/tree/TypeVariableSignature done
Event: 2.355 loading class sun/reflect/generics/reflectiveObjects/TypeVariableImpl
Event: 2.356 loading class sun/reflect/generics/reflectiveObjects/LazyReflectiveObjectGenerator
Event: 2.356 loading class sun/reflect/generics/reflectiveObjects/LazyReflectiveObjectGenerator done
Event: 2.356 loading class sun/reflect/generics/reflectiveObjects/TypeVariableImpl done
Event: 2.356 loading class hudson/plugins/emailext/ExtendedEmailPublisherContext
Event: 2.356 loading class hudson/plugins/emailext/ExtendedEmailPublisherContext done
Event: 2.356 loading class java/lang/reflect/WildcardType
Event: 2.357 loading class java/lang/reflect/WildcardType done
Event: 2.357 loading class java/lang/reflect/MalformedParameterizedTypeException
Event: 2.357 loading class java/lang/reflect/MalformedParameterizedTypeException done
Event: 2.357 loading class jakarta/mail/Session
Event: 2.357 loading class jakarta/mail/Session done
Event: 2.358 Executing VM operation: CollectForMetadataAllocation


Dynamic libraries:
0x00007ff73d820000 - 0x00007ff73d82d000 	C:\Program Files\Microsoft\jdk-11.0.16.101-hotspot\bin\java.exe
0x00007ffcc2590000 - 0x00007ffcc27a6000 	C:\Windows\SYSTEM32\ntdll.dll
0x00007ffcc1a60000 - 0x00007ffcc1b24000 	C:\Windows\System32\KERNEL32.DLL
0x00007ffcbff10000 - 0x00007ffcc02b7000 	C:\Windows\System32\KERNELBASE.dll
0x00007ffcbfa50000 - 0x00007ffcbfb61000 	C:\Windows\System32\ucrtbase.dll
0x00007ffcb2de0000 - 0x00007ffcb2df5000 	C:\Program Files\Microsoft\jdk-11.0.16.101-hotspot\bin\VCRUNTIME140.dll
0x00007ffcb2e00000 - 0x00007ffcb2e17000 	C:\Program Files\Microsoft\jdk-11.0.16.101-hotspot\bin\jli.dll
0x00007ffcc10a0000 - 0x00007ffcc124e000 	C:\Windows\System32\USER32.dll
0x00007ffcbfe20000 - 0x00007ffcbfe46000 	C:\Windows\System32\win32u.dll
0x00007ffca3f90000 - 0x00007ffca4223000 	C:\Windows\WinSxS\amd64_microsoft.windows.common-controls_6595b64144ccf1df_6.0.22621.3235_none_270f74e173860f98\COMCTL32.dll
0x00007ffcc1910000 - 0x00007ffcc1939000 	C:\Windows\System32\GDI32.dll
0x00007ffcc1810000 - 0x00007ffcc18b7000 	C:\Windows\System32\msvcrt.dll
0x00007ffcbf8b0000 - 0x00007ffcbf9c9000 	C:\Windows\System32\gdi32full.dll
0x00007ffcbfd80000 - 0x00007ffcbfe1a000 	C:\Windows\System32\msvcp_win.dll
0x00007ffcc18c0000 - 0x00007ffcc18f1000 	C:\Windows\System32\IMM32.DLL
0x00007ffc561f0000 - 0x00007ffc5628b000 	C:\Program Files\Microsoft\jdk-11.0.16.101-hotspot\bin\msvcp140.dll
0x00007ffbfe590000 - 0x00007ffbff11a000 	C:\Program Files\Microsoft\jdk-11.0.16.101-hotspot\bin\server\jvm.dll
0x00007ffcc0fe0000 - 0x00007ffcc1092000 	C:\Windows\System32\ADVAPI32.dll
0x00007ffcc1b50000 - 0x00007ffcc1bf8000 	C:\Windows\System32\sechost.dll
0x00007ffcbfb70000 - 0x00007ffcbfb98000 	C:\Windows\System32\bcrypt.dll
0x00007ffcc1940000 - 0x00007ffcc1a55000 	C:\Windows\System32\RPCRT4.dll
0x00007ffcc1c00000 - 0x00007ffcc1c08000 	C:\Windows\System32\PSAPI.DLL
0x00007ffcb8c10000 - 0x00007ffcb8c44000 	C:\Windows\SYSTEM32\WINMM.dll
0x00007ffcba290000 - 0x00007ffcba299000 	C:\Windows\SYSTEM32\WSOCK32.dll
0x00007ffcc0d60000 - 0x00007ffcc0dd1000 	C:\Windows\System32\WS2_32.dll
0x00007ffcb7420000 - 0x00007ffcb742a000 	C:\Windows\SYSTEM32\VERSION.dll
0x00007ffcbe850000 - 0x00007ffcbe868000 	C:\Windows\SYSTEM32\kernel.appcore.dll
0x00007ffcb9f20000 - 0x00007ffcb9f30000 	C:\Program Files\Microsoft\jdk-11.0.16.101-hotspot\bin\verify.dll
0x00007ffcbca70000 - 0x00007ffcbcca3000 	C:\Windows\SYSTEM32\DBGHELP.DLL
0x00007ffcc1470000 - 0x00007ffcc17f8000 	C:\Windows\System32\combase.dll
0x00007ffcc0c80000 - 0x00007ffcc0d57000 	C:\Windows\System32\OLEAUT32.dll
0x00007ffc95ad0000 - 0x00007ffc95b02000 	C:\Windows\SYSTEM32\dbgcore.DLL
0x00007ffcbf9d0000 - 0x00007ffcbfa49000 	C:\Windows\System32\bcryptPrimitives.dll
0x00007ffca46b0000 - 0x00007ffca46d8000 	C:\Program Files\Microsoft\jdk-11.0.16.101-hotspot\bin\java.dll
0x00007ffcb8d20000 - 0x00007ffcb8d2a000 	C:\Program Files\Microsoft\jdk-11.0.16.101-hotspot\bin\jimage.dll
0x00007ffca4690000 - 0x00007ffca46a8000 	C:\Program Files\Microsoft\jdk-11.0.16.101-hotspot\bin\zip.dll
0x00007ffcc0320000 - 0x00007ffcc0b7c000 	C:\Windows\System32\SHELL32.dll
0x00007ffcbd7c0000 - 0x00007ffcbe0b9000 	C:\Windows\SYSTEM32\windows.storage.dll
0x00007ffcbd680000 - 0x00007ffcbd7be000 	C:\Windows\SYSTEM32\wintypes.dll
0x00007ffcc1c10000 - 0x00007ffcc1d03000 	C:\Windows\System32\SHCORE.dll
0x00007ffcc02c0000 - 0x00007ffcc031e000 	C:\Windows\System32\shlwapi.dll
0x00007ffcbf7e0000 - 0x00007ffcbf801000 	C:\Windows\SYSTEM32\profapi.dll
0x00007ffca4670000 - 0x00007ffca4689000 	C:\Program Files\Microsoft\jdk-11.0.16.101-hotspot\bin\net.dll
0x00007ffcbaa20000 - 0x00007ffcbab56000 	C:\Windows\SYSTEM32\WINHTTP.dll
0x00007ffcbed10000 - 0x00007ffcbed79000 	C:\Windows\system32\mswsock.dll
0x00007ffc8aea0000 - 0x00007ffc8aeb3000 	C:\Program Files\Microsoft\jdk-11.0.16.101-hotspot\bin\nio.dll
0x00007ffcbf020000 - 0x00007ffcbf03b000 	C:\Windows\SYSTEM32\CRYPTSP.dll
0x00007ffcbe810000 - 0x00007ffcbe845000 	C:\Windows\system32\rsaenh.dll
0x00007ffcbedb0000 - 0x00007ffcbedd8000 	C:\Windows\SYSTEM32\USERENV.dll
0x00007ffcbef80000 - 0x00007ffcbef8c000 	C:\Windows\SYSTEM32\CRYPTBASE.dll
0x00007ffcbe320000 - 0x00007ffcbe34d000 	C:\Windows\SYSTEM32\IPHLPAPI.DLL
0x00007ffcc1340000 - 0x00007ffcc1349000 	C:\Windows\System32\NSI.dll
0x00007ffcba6a0000 - 0x00007ffcba6b9000 	C:\Windows\SYSTEM32\dhcpcsvc6.DLL
0x00007ffcba680000 - 0x00007ffcba69f000 	C:\Windows\SYSTEM32\dhcpcsvc.DLL
0x00007ffcbe350000 - 0x00007ffcbe449000 	C:\Windows\SYSTEM32\DNSAPI.dll
0x00007ffc83810000 - 0x00007ffc83835000 	C:\Program Files\Microsoft\jdk-11.0.16.101-hotspot\bin\sunec.dll
0x00007ffcb6f00000 - 0x00007ffcb6f0e000 	C:\Program Files\Microsoft\jdk-11.0.16.101-hotspot\bin\sunmscapi.dll
0x00007ffcbfc10000 - 0x00007ffcbfd77000 	C:\Windows\System32\CRYPT32.dll
0x00007ffcbf250000 - 0x00007ffcbf27e000 	C:\Windows\SYSTEM32\ncrypt.dll
0x00007ffcbf210000 - 0x00007ffcbf247000 	C:\Windows\SYSTEM32\NTASN1.dll
0x00007ffc133c0000 - 0x00007ffc1355a000 	C:\Program Files\Microsoft\jdk-11.0.16.101-hotspot\bin\awt.dll
0x00007ffcb7450000 - 0x00007ffcb74e7000 	C:\Windows\SYSTEM32\apphelp.dll
0x00007ffc55c10000 - 0x00007ffc55c93000 	C:\Program Files\Microsoft\jdk-11.0.16.101-hotspot\bin\freetype.dll
0x00007ffc42a60000 - 0x00007ffc42b05000 	C:\Program Files\Microsoft\jdk-11.0.16.101-hotspot\bin\fontmanager.dll
0x00007ffcb5710000 - 0x00007ffcb5719000 	C:\Program Files\Microsoft\jdk-11.0.16.101-hotspot\bin\management.dll
0x00007ffca2200000 - 0x00007ffca220b000 	C:\Program Files\Microsoft\jdk-11.0.16.101-hotspot\bin\management_ext.dll

dbghelp: loaded successfully - version: 4.0.5 - missing functions: none
symbol engine: initialized successfully - sym options: 0x614 - pdb path: .;C:\Program Files\Microsoft\jdk-11.0.16.101-hotspot\bin;C:\Windows\SYSTEM32;C:\Windows\WinSxS\amd64_microsoft.windows.common-controls_6595b64144ccf1df_6.0.22621.3235_none_270f74e173860f98;C:\Program Files\Microsoft\jdk-11.0.16.101-hotspot\bin\server

VM Arguments:
java_command: jenkins.war --httpPort=8080
java_class_path (initial): jenkins.war
Launcher Type: SUN_STANDARD

[Global flags]
     intx CICompilerCount                          = 12                                        {product} {ergonomic}
     uint ConcGCThreads                            = 4                                         {product} {ergonomic}
     uint G1ConcRefinementThreads                  = 15                                        {product} {ergonomic}
   size_t G1HeapRegionSize                         = 1048576                                   {product} {ergonomic}
    uintx GCDrainStackTargetSize                   = 64                                        {product} {ergonomic}
   size_t InitialHeapSize                          = 264241152                                 {product} {ergonomic}
   size_t MarkStackSize                            = 4194304                                   {product} {ergonomic}
   size_t MaxHeapSize                              = 4225761280                                {product} {ergonomic}
   size_t MaxNewSize                               = 2535456768                                {product} {ergonomic}
   size_t MinHeapDeltaBytes                        = 1048576                                   {product} {ergonomic}
    uintx NonNMethodCodeHeapSize                   = 7594288                                {pd product} {ergonomic}
    uintx NonProfiledCodeHeapSize                  = 122031976                              {pd product} {ergonomic}
    uintx ProfiledCodeHeapSize                     = 122031976                              {pd product} {ergonomic}
    uintx ReservedCodeCacheSize                    = 251658240                              {pd product} {ergonomic}
     bool SegmentedCodeCache                       = true                                      {product} {ergonomic}
     bool UseCompressedClassPointers               = true                                 {lp64_product} {ergonomic}
     bool UseCompressedOops                        = true                                 {lp64_product} {ergonomic}
     bool UseG1GC                                  = true                                      {product} {ergonomic}
     bool UseLargePagesIndividualAllocation        = false                                  {pd product} {ergonomic}

Logging:
Log output configuration:
 #0: stdout all=warning uptime,level,tags
 #1: stderr all=off uptime,level,tags

Environment Variables:
PATH=C:\Program Files\NVIDIA GPU Computing Toolkit\CUDA\v12.4\bin;C:\Program Files\NVIDIA GPU Computing Toolkit\CUDA\v12.4\libnvvp;D:\Program Files (x86)\VMware\VMware Workstation\bin\;C:\Program Files (x86)\Common Files\Intel\Shared Libraries\redist\intel64\compiler;C:\Program Files\Microsoft\jdk-11.0.16.101-hotspot\bin;C:\Windows\system32;C:\Windows;C:\Windows\System32\Wbem;C:\Windows\System32\WindowsPowerShell\v1.0\;C:\Windows\System32\OpenSSH\;C:\Program Files (x86)\NVIDIA Corporation\PhysX\Common;C:\Program Files\NVIDIA Corporation\NVIDIA NvDLISR;C:\Program Files\dotnet\;C:\Windows\System32\WindowsPowerShell\v1.0;D:\Git\cmd;C:\Program Files\Docker\Docker\resources\bin;D:\Program Files (x86)\NetSarang\Xshell 7\;D:\Program Files (x86)\NetSarang\Xftp 7\;D:\nodejs\;D:\download\apache-maven-3.9.6-bin\apache-maven-3.9.6\bin;C:\Program Files\NVIDIA Corporation\Nsight Compute 2024.1.1\;C:\Users\Bryan\scoop\shims;C:\Users\Bryan\AppData\Local\Microsoft\WindowsApps;C:\Users\Bryan\AppData\Local\Programs\Microsoft VS Code\bin;D:\flutter_windows_3.10.4-stable\flutter\bin;D:\JetBrains\DataGrip 2023.1.2\bin;;D:\flutter_windows_3.10.4-stable\flutter\bin\cache\dart-sdk\bin;C:\Users\Bryan\AppData\Local\Pub\Cache\bin;D:\Users\Bryan\AppData\Local\Programs\Python\Python311;D:\Users\Bryan\AppData\Local\Programs\Python\Python311\Scripts;D:\Program Files\JetBrains\PyCharm Community Edition 2023.2.1\bin;;D:\Program Files\PostgreSQL\15\bin;D:\Program Files (x86)\ISC BIND 9\bin;D:\Program Files (x86)\Nmap;D:\Program Files\JetBrains\IntelliJ IDEA 2023.3.1\bin;;C:\Users\Bryan\AppData\Roaming\npm;D:\download\apache-maven-3.9.6-bin\apache-maven-3.9.6\bin;D:\download\pmd-dist-7.0.0-bin\pmd-bin-7.0.0\bin;
USERNAME=Bryan
OS=Windows_NT
PROCESSOR_IDENTIFIER=Intel64 Family 6 Model 154 Stepping 3, GenuineIntel
TMP=C:\Users\Bryan\AppData\Local\Temp
TEMP=C:\Users\Bryan\AppData\Local\Temp



---------------  S Y S T E M  ---------------

OS: Windows 11 , 64 bit Build 22621 (10.0.22621.3374)
OS uptime: 1 days 18:40 hours
Hyper-V role detected

CPU:total 20 (initial active 20) (10 cores per cpu, 2 threads per core) family 6 model 154 stepping 3 microcode 0x424, cmov, cx8, fxsr, mmx, sse, sse2, sse3, ssse3, sse4.1, sse4.2, popcnt, avx, avx2, aes, clmul, erms, 3dnowpref, lzcnt, ht, tsc, tscinvbit, bmi1, bmi2, adx, sha, fma

Memory: 4k page, system-wide physical 16115M (1889M free)
TotalPageFile size 40197M (AvailPageFile size 43M)
current process WorkingSet (physical memory assigned to process): 254M, peak: 254M
current process commit charge ("private bytes"): 456M, peak: 507M

vm_info: OpenJDK 64-Bit Server VM (11.0.16.1+1-LTS) for windows-amd64 JRE (11.0.16.1+1-LTS), built on Aug 20 2022 20:09:04 by "" with MS VC++ 15.9 (VS2017)

END.
