#
# There is insufficient memory for the Java Runtime Environment to continue.
# Native memory allocation (malloc) failed to allocate 972256 bytes for Chunk::new
# Possible reasons:
#   The system is out of physical RAM or swap space
#   The process is running with CompressedOops enabled, and the Java Heap may be blocking the growth of the native heap
# Possible solutions:
#   Reduce memory load on the system
#   Increase physical memory or swap space
#   Check if swap backing store is full
#   Decrease Java heap size (-Xmx/-Xms)
#   Decrease number of Java threads
#   Decrease Java thread stack sizes (-Xss)
#   Set larger code cache with -XX:ReservedCodeCacheSize=
#   JVM is running with Zero Based Compressed Oops mode in which the Java heap is
#     placed in the first 32GB address space. The Java Heap base address is the
#     maximum limit for the native heap growth. Please use -XX:HeapBaseMinAddress
#     to set the Java Heap base and to place the Java Heap above 32GB virtual address.
# This output file may be truncated or incomplete.
#
#  Out of Memory Error (./src/hotspot/share/memory/arena.cpp:197), pid=60184, tid=72896
#
# JRE version: OpenJDK Runtime Environment Microsoft-40648 (11.0.16.1+1) (build 11.0.16.1+1-LTS)
# Java VM: OpenJDK 64-Bit Server VM Microsoft-40648 (11.0.16.1+1-LTS, mixed mode, tiered, compressed oops, g1 gc, windows-amd64)
# No core dump will be written. Minidumps are not enabled by default on client versions of Windows
#

---------------  S U M M A R Y ------------

Command Line: jenkins.war --httpPort=8080

Host: 12th Gen Intel(R) Core(TM) i9-12900H, 20 cores, 15G,  Windows 11 , 64 bit Build 22621 (10.0.22621.3374)
Time: Tue May  7 10:09:00 2024  Windows 11 , 64 bit Build 22621 (10.0.22621.3374) elapsed time: 3.330464 seconds (0d 0h 0m 3s)

---------------  T H R E A D  ---------------

Current thread (0x00000252f0a2f800):  JavaThread "C2 CompilerThread2" daemon [_thread_in_native, id=72896, stack(0x000000e1c5d00000,0x000000e1c5e00000)]


Current CompileTask:
C2:   3330 3990       4       java.net.URLClassLoader$1::run (5 bytes)

Stack: [0x000000e1c5d00000,0x000000e1c5e00000]
Native frames: (J=compiled Java code, j=interpreted, Vv=VM code, C=native code)
V  [jvm.dll+0x62652a]
V  [jvm.dll+0x7b3249]
V  [jvm.dll+0x7b4938]
V  [jvm.dll+0x7b5013]
V  [jvm.dll+0x24fca8]
V  [jvm.dll+0xc262c]
V  [jvm.dll+0xc2bec]
V  [jvm.dll+0x2c1b24]
V  [jvm.dll+0x52e84c]
V  [jvm.dll+0x2111fb]
V  [jvm.dll+0x20ae44]
V  [jvm.dll+0x207fdb]
V  [jvm.dll+0x18a411]
V  [jvm.dll+0x217954]
V  [jvm.dll+0x215b9b]
V  [jvm.dll+0x775d50]
V  [jvm.dll+0x76ec84]
V  [jvm.dll+0x625395]
C  [ucrtbase.dll+0x29333]
C  [KERNEL32.DLL+0x1257d]
C  [ntdll.dll+0x5aa48]


---------------  P R O C E S S  ---------------

Threads class SMR info:
_java_thread_list=0x00000252f13bb400, length=74, elements={
0x00000252f033e000, 0x00000252f033f800, 0x00000252f039e000, 0x00000252f039f000,
0x00000252f03a0000, 0x00000252f03a3800, 0x00000252f03a4800, 0x00000252f03a7800,
0x00000252f04ea800, 0x00000252f054e800, 0x00000252f0567000, 0x00000252f05bd800,
0x00000252f0a5e800, 0x00000252f0a2f800, 0x00000252f1493800, 0x00000252f0ca5800,
0x00000252f1366000, 0x00000252f136f000, 0x00000252f1370000, 0x00000252f12dc800,
0x00000252f0c93000, 0x00000252f0c94000, 0x00000252f0c94800, 0x00000252f1db6000,
0x00000252f3158000, 0x00000252f3155800, 0x00000252f3156800, 0x00000252f3157800,
0x00000252f3155000, 0x00000252f3154000, 0x00000252f3152800, 0x00000252f3159000,
0x00000252f1b0b000, 0x00000252f1b0d800, 0x00000252f1b0c000, 0x00000252f1b0f000,
0x00000252f1b0a800, 0x00000252f1b10000, 0x00000252f1b12800, 0x00000252f1b11800,
0x00000252f1b11000, 0x00000252f1b0e800, 0x00000252f1b0d000, 0x00000252f1b16800,
0x00000252f1b13800, 0x00000252f1b17800, 0x00000252f1b15000, 0x00000252f1b16000,
0x00000252f1b18000, 0x00000252f1b14000, 0x00000252f1b19000, 0x00000252f1d8e000,
0x00000252f1d94800, 0x00000252f1d90800, 0x00000252f1d8f000, 0x00000252f1d93000,
0x00000252f1d92000, 0x00000252f1d91000, 0x00000252f1d93800, 0x00000252f1d95800,
0x00000252f1d8f800, 0x00000252f1d9a000, 0x00000252f1d9b000, 0x00000252f1d9c000,
0x00000252f1d98800, 0x00000252f1d99800, 0x00000252f1d97000, 0x00000252f1d98000,
0x00000252f1d96000, 0x00000252f1d9c800, 0x00000252f352d000, 0x00000252f352c800,
0x00000252f3527800, 0x00000252f352b800
}

Java Threads: ( => current thread )
  0x00000252f033e000 JavaThread "Reference Handler" daemon [_thread_blocked, id=77676, stack(0x000000e1c4f00000,0x000000e1c5000000)]
  0x00000252f033f800 JavaThread "Finalizer" daemon [_thread_blocked, id=76184, stack(0x000000e1c5000000,0x000000e1c5100000)]
  0x00000252f039e000 JavaThread "Signal Dispatcher" daemon [_thread_blocked, id=77968, stack(0x000000e1c5100000,0x000000e1c5200000)]
  0x00000252f039f000 JavaThread "Attach Listener" daemon [_thread_blocked, id=77816, stack(0x000000e1c5200000,0x000000e1c5300000)]
  0x00000252f03a0000 JavaThread "Service Thread" daemon [_thread_blocked, id=73472, stack(0x000000e1c5300000,0x000000e1c5400000)]
  0x00000252f03a3800 JavaThread "C2 CompilerThread0" daemon [_thread_in_native, id=69700, stack(0x000000e1c5400000,0x000000e1c5500000)]
  0x00000252f03a4800 JavaThread "C1 CompilerThread0" daemon [_thread_in_native, id=46452, stack(0x000000e1c5500000,0x000000e1c5600000)]
  0x00000252f03a7800 JavaThread "Sweeper thread" daemon [_thread_blocked, id=44696, stack(0x000000e1c5600000,0x000000e1c5700000)]
  0x00000252f04ea800 JavaThread "C1 CompilerThread1" daemon [_thread_blocked, id=69472, stack(0x000000e1c5700000,0x000000e1c5800000)]
  0x00000252f054e800 JavaThread "Common-Cleaner" daemon [_thread_blocked, id=32500, stack(0x000000e1c5900000,0x000000e1c5a00000)]
  0x00000252f0567000 JavaThread "C1 CompilerThread2" daemon [_thread_blocked, id=76476, stack(0x000000e1c5a00000,0x000000e1c5b00000)]
  0x00000252f05bd800 JavaThread "C1 CompilerThread3" daemon [_thread_in_native, id=47428, stack(0x000000e1c5b00000,0x000000e1c5c00000)]
  0x00000252f0a5e800 JavaThread "C2 CompilerThread1" daemon [_thread_in_native, id=76732, stack(0x000000e1c5c00000,0x000000e1c5d00000)]
=>0x00000252f0a2f800 JavaThread "C2 CompilerThread2" daemon [_thread_in_native, id=72896, stack(0x000000e1c5d00000,0x000000e1c5e00000)]
  0x00000252f1493800 JavaThread "Jetty (winstone)-22" [_thread_in_native, id=50364, stack(0x000000e1c6400000,0x000000e1c6500000)]
  0x00000252f0ca5800 JavaThread "Jetty (winstone)-23" [_thread_in_native, id=51936, stack(0x000000e1c6500000,0x000000e1c6600000)]
  0x00000252f1366000 JavaThread "Jetty (winstone)-24" [_thread_in_native, id=50448, stack(0x000000e1c6600000,0x000000e1c6700000)]
  0x00000252f136f000 JavaThread "Jetty (winstone)-25" [_thread_in_native, id=24140, stack(0x000000e1c6700000,0x000000e1c6800000)]
  0x00000252f1370000 JavaThread "Jetty (winstone)-26" [_thread_in_native, id=72156, stack(0x000000e1c6800000,0x000000e1c6900000)]
  0x00000252f12dc800 JavaThread "Jetty (winstone)-27" [_thread_in_native, id=14332, stack(0x000000e1c6900000,0x000000e1c6a00000)]
  0x00000252f0c93000 JavaThread "Jetty (winstone)-28" [_thread_in_native, id=30312, stack(0x000000e1c6a00000,0x000000e1c6b00000)]
  0x00000252f0c94000 JavaThread "Jetty (winstone)-29" [_thread_in_native, id=3588, stack(0x000000e1c6b00000,0x000000e1c6c00000)]
  0x00000252f0c94800 JavaThread "Scheduler-1944201789-1" [_thread_blocked, id=71236, stack(0x000000e1c6c00000,0x000000e1c6d00000)]
  0x00000252f1db6000 JavaThread "Session-HouseKeeper-545b995e-1" [_thread_blocked, id=76724, stack(0x000000e1c6d00000,0x000000e1c6e00000)]
  0x00000252f3158000 JavaThread "Java2D Disposer" daemon [_thread_blocked, id=73900, stack(0x000000e1c7b00000,0x000000e1c7c00000)]
  0x00000252f3155800 JavaThread "Jenkins initialization thread" [_thread_blocked, id=78640, stack(0x000000e1c7c00000,0x000000e1c7d00000)]
  0x00000252f3156800 JavaThread "Jetty (winstone)-34" [_thread_in_native, id=10328, stack(0x000000e1c7d00000,0x000000e1c7e00000)]
  0x00000252f3157800 JavaThread "Jetty (winstone)-35" [_thread_in_native, id=73404, stack(0x000000e1c7e00000,0x000000e1c7f00000)]
  0x00000252f3155000 JavaThread "Jetty (winstone)-36-acceptor-0@740f70ec-ServerConnector@2898ac89{HTTP/1.1, (http/1.1)}{0.0.0.0:8080}" [_thread_blocked, id=61596, stack(0x000000e1c7f00000,0x000000e1c8000000)]
  0x00000252f3154000 JavaThread "Jetty (winstone)-37-acceptor-1@1ee8b5eb-ServerConnector@2898ac89{HTTP/1.1, (http/1.1)}{0.0.0.0:8080}" [_thread_in_native, id=77636, stack(0x000000e1c8000000,0x000000e1c8100000)]
  0x00000252f3152800 JavaThread "LauncherControlThread[ControlPort=-1]" [_thread_blocked, id=30208, stack(0x000000e1c8100000,0x000000e1c8200000)]
  0x00000252f3159000 JavaThread "DestroyJavaVM" [_thread_blocked, id=78676, stack(0x000000e1c4800000,0x000000e1c4900000)]
  0x00000252f1b0b000 JavaThread "Jenkins cron thread" [_thread_blocked, id=72332, stack(0x000000e1c8200000,0x000000e1c8300000)]
  0x00000252f1b0d800 JavaThread "jenkins.util.Timer [#1]" daemon [_thread_blocked, id=78384, stack(0x000000e1c8300000,0x000000e1c8400000)]
  0x00000252f1b0c000 JavaThread "AbstractFolder.loadJobTotal" daemon [_thread_blocked, id=51272, stack(0x000000e1c8400000,0x000000e1c8500000)]
  0x00000252f1b0f000 JavaThread "pool-7-thread-2" daemon [_thread_blocked, id=77520, stack(0x000000e1c8500000,0x000000e1c8600000)]
  0x00000252f1b0a800 JavaThread "pool-7-thread-3" daemon [_thread_blocked, id=74292, stack(0x000000e1c8600000,0x000000e1c8700000)]
  0x00000252f1b10000 JavaThread "pool-7-thread-4" daemon [_thread_blocked, id=61432, stack(0x000000e1c8700000,0x000000e1c8800000)]
  0x00000252f1b12800 JavaThread "WorkflowJob.alias" daemon [_thread_blocked, id=46420, stack(0x000000e1c8800000,0x000000e1c8900000)]
  0x00000252f1b11800 JavaThread "pool-7-thread-6" daemon [_thread_blocked, id=9904, stack(0x000000e1c8900000,0x000000e1c8a00000)]
  0x00000252f1b11000 JavaThread "pool-7-thread-7" daemon [_thread_blocked, id=57740, stack(0x000000e1c8a00000,0x000000e1c8b00000)]
  0x00000252f1b0e800 JavaThread "pool-7-thread-8" daemon [_thread_blocked, id=53596, stack(0x000000e1c8b00000,0x000000e1c8c00000)]
  0x00000252f1b0d000 JavaThread "pool-7-thread-9" daemon [_thread_blocked, id=58896, stack(0x000000e1c8c00000,0x000000e1c8d00000)]
  0x00000252f1b16800 JavaThread "pool-7-thread-10" daemon [_thread_blocked, id=61088, stack(0x000000e1c8d00000,0x000000e1c8e00000)]
  0x00000252f1b13800 JavaThread "pool-7-thread-11" daemon [_thread_blocked, id=58580, stack(0x000000e1c8e00000,0x000000e1c8f00000)]
  0x00000252f1b17800 JavaThread "pool-7-thread-12" daemon [_thread_blocked, id=69904, stack(0x000000e1c8f00000,0x000000e1c9000000)]
  0x00000252f1b15000 JavaThread "pool-7-thread-13" daemon [_thread_blocked, id=78552, stack(0x000000e1c9000000,0x000000e1c9100000)]
  0x00000252f1b16000 JavaThread "pool-7-thread-14" daemon [_thread_blocked, id=7844, stack(0x000000e1c9100000,0x000000e1c9200000)]
  0x00000252f1b18000 JavaThread "MatrixProject.alias" daemon [_thread_in_native, id=77944, stack(0x000000e1c9200000,0x000000e1c9300000)]
  0x00000252f1b14000 JavaThread "pool-7-thread-16" daemon [_thread_blocked, id=36376, stack(0x000000e1c9300000,0x000000e1c9400000)]
  0x00000252f1b19000 JavaThread "pool-7-thread-17" daemon [_thread_blocked, id=76592, stack(0x000000e1c9400000,0x000000e1c9500000)]
  0x00000252f1d8e000 JavaThread "pool-7-thread-18" daemon [_thread_blocked, id=45268, stack(0x000000e1c9500000,0x000000e1c9600000)]
  0x00000252f1d94800 JavaThread "pool-7-thread-19" daemon [_thread_blocked, id=74064, stack(0x000000e1c9600000,0x000000e1c9700000)]
  0x00000252f1d90800 JavaThread "pool-7-thread-20" daemon [_thread_blocked, id=77912, stack(0x000000e1c9700000,0x000000e1c9800000)]
  0x00000252f1d8f000 JavaThread "pool-7-thread-21" daemon [_thread_in_native, id=72360, stack(0x000000e1c9800000,0x000000e1c9900000)]
  0x00000252f1d93000 JavaThread "pool-7-thread-22" daemon [_thread_blocked, id=64036, stack(0x000000e1c9900000,0x000000e1c9a00000)]
  0x00000252f1d92000 JavaThread "pool-7-thread-23" daemon [_thread_blocked, id=9936, stack(0x000000e1c9a00000,0x000000e1c9b00000)]
  0x00000252f1d91000 JavaThread "pool-7-thread-24" daemon [_thread_blocked, id=31408, stack(0x000000e1c9b00000,0x000000e1c9c00000)]
  0x00000252f1d93800 JavaThread "pool-7-thread-25" daemon [_thread_blocked, id=77376, stack(0x000000e1c9c00000,0x000000e1c9d00000)]
  0x00000252f1d95800 JavaThread "pool-7-thread-26" daemon [_thread_blocked, id=77688, stack(0x000000e1c9d00000,0x000000e1c9e00000)]
  0x00000252f1d8f800 JavaThread "pool-7-thread-27" daemon [_thread_blocked, id=68272, stack(0x000000e1c9e00000,0x000000e1c9f00000)]
  0x00000252f1d9a000 JavaThread "pool-7-thread-28" daemon [_thread_blocked, id=73816, stack(0x000000e1c9f00000,0x000000e1ca000000)]
  0x00000252f1d9b000 JavaThread "pool-7-thread-29" daemon [_thread_in_native, id=43940, stack(0x000000e1ca000000,0x000000e1ca100000)]
  0x00000252f1d9c000 JavaThread "pool-7-thread-30" daemon [_thread_blocked, id=74784, stack(0x000000e1ca100000,0x000000e1ca200000)]
  0x00000252f1d98800 JavaThread "pool-7-thread-31" daemon [_thread_blocked, id=5996, stack(0x000000e1ca200000,0x000000e1ca300000)]
  0x00000252f1d99800 JavaThread "pool-7-thread-32" daemon [_thread_blocked, id=75396, stack(0x000000e1ca300000,0x000000e1ca400000)]
  0x00000252f1d97000 JavaThread "pool-7-thread-33" daemon [_thread_blocked, id=74588, stack(0x000000e1ca400000,0x000000e1ca500000)]
  0x00000252f1d98000 JavaThread "pool-7-thread-34" daemon [_thread_blocked, id=74340, stack(0x000000e1ca500000,0x000000e1ca600000)]
  0x00000252f1d96000 JavaThread "pool-7-thread-35" daemon [_thread_blocked, id=51776, stack(0x000000e1ca600000,0x000000e1ca700000)]
  0x00000252f1d9c800 JavaThread "pool-7-thread-36" daemon [_thread_blocked, id=32452, stack(0x000000e1ca700000,0x000000e1ca800000)]
  0x00000252f352d000 JavaThread "pool-7-thread-37" daemon [_thread_blocked, id=74688, stack(0x000000e1ca800000,0x000000e1ca900000)]
  0x00000252f352c800 JavaThread "GitSCM.configureXtream" daemon [_thread_in_vm, id=9516, stack(0x000000e1ca900000,0x000000e1caa00000)]
  0x00000252f3527800 JavaThread "pool-7-thread-39" daemon [_thread_blocked, id=50508, stack(0x000000e1caa00000,0x000000e1cab00000)]
  0x00000252f352b800 JavaThread "pool-7-thread-40" daemon [_thread_blocked, id=10936, stack(0x000000e1cab00000,0x000000e1cac00000)]

Other Threads:
  0x00000252f0307000 VMThread "VM Thread" [stack: 0x000000e1c4e00000,0x000000e1c4f00000] [id=2652]
  0x00000252f054d800 WatcherThread [stack: 0x000000e1c5800000,0x000000e1c5900000] [id=52248]
  0x00000252caefa800 GCTaskThread "GC Thread#0" [stack: 0x000000e1c4900000,0x000000e1c4a00000] [id=2504]
  0x00000252f0d38800 GCTaskThread "GC Thread#1" [stack: 0x000000e1c5f00000,0x000000e1c6000000] [id=11108]
  0x00000252f0d39000 GCTaskThread "GC Thread#2" [stack: 0x000000e1c6000000,0x000000e1c6100000] [id=73628]
  0x00000252f0dcf800 GCTaskThread "GC Thread#3" [stack: 0x000000e1c6100000,0x000000e1c6200000] [id=78068]
  0x00000252f0dd0000 GCTaskThread "GC Thread#4" [stack: 0x000000e1c6200000,0x000000e1c6300000] [id=68600]
  0x00000252f0d2c800 GCTaskThread "GC Thread#5" [stack: 0x000000e1c6300000,0x000000e1c6400000] [id=48204]
  0x00000252f1e34800 GCTaskThread "GC Thread#6" [stack: 0x000000e1c6e00000,0x000000e1c6f00000] [id=57904]
  0x00000252f301c800 GCTaskThread "GC Thread#7" [stack: 0x000000e1c6f00000,0x000000e1c7000000] [id=15248]
  0x00000252f2f93800 GCTaskThread "GC Thread#8" [stack: 0x000000e1c7000000,0x000000e1c7100000] [id=49328]
  0x00000252f3710000 GCTaskThread "GC Thread#9" [stack: 0x000000e1c7100000,0x000000e1c7200000] [id=76640]
  0x00000252f188c800 GCTaskThread "GC Thread#10" [stack: 0x000000e1c7200000,0x000000e1c7300000] [id=37960]
  0x00000252f2ebc000 GCTaskThread "GC Thread#11" [stack: 0x000000e1c7300000,0x000000e1c7400000] [id=76960]
  0x00000252f1b6f800 GCTaskThread "GC Thread#12" [stack: 0x000000e1c7400000,0x000000e1c7500000] [id=46024]
  0x00000252f1b6b000 GCTaskThread "GC Thread#13" [stack: 0x000000e1c7500000,0x000000e1c7600000] [id=6200]
  0x00000252f1b6a800 GCTaskThread "GC Thread#14" [stack: 0x000000e1c7600000,0x000000e1c7700000] [id=78560]
  0x00000252caf57800 ConcurrentGCThread "G1 Main Marker" [stack: 0x000000e1c4a00000,0x000000e1c4b00000] [id=76444]
  0x00000252caf59000 ConcurrentGCThread "G1 Conc#0" [stack: 0x000000e1c4b00000,0x000000e1c4c00000] [id=75056]
  0x00000252f1b6d800 ConcurrentGCThread "G1 Conc#1" [stack: 0x000000e1c7800000,0x000000e1c7900000] [id=42532]
  0x00000252f1b71000 ConcurrentGCThread "G1 Conc#2" [stack: 0x000000e1c7900000,0x000000e1c7a00000] [id=73736]
  0x00000252f1b6c800 ConcurrentGCThread "G1 Conc#3" [stack: 0x000000e1c7a00000,0x000000e1c7b00000] [id=50376]
  0x00000252ef96c800 ConcurrentGCThread "G1 Refine#0" [stack: 0x000000e1c4c00000,0x000000e1c4d00000] [id=69036]
  0x00000252f332a800 ConcurrentGCThread "G1 Refine#1" [stack: 0x000000e1c7700000,0x000000e1c7800000] [id=75384]
  0x00000252ef96d800 ConcurrentGCThread "G1 Young RemSet Sampling" [stack: 0x000000e1c4d00000,0x000000e1c4e00000] [id=50920]

Threads with active compile tasks:
C2 CompilerThread0     3357 3991   !   4       java.net.URLClassLoader$1::run (81 bytes)
C1 CompilerThread0     3357 4019       3       java.lang.invoke.StringConcatFactory$MethodHandleInlineCopyStrategy::generate (602 bytes)
C2 CompilerThread1     3357 3917   !   4       java.io.ObjectInputStream::readObject0 (671 bytes)
C2 CompilerThread2     3358 3990       4       java.net.URLClassLoader$1::run (5 bytes)

VM state:not at safepoint (normal execution)

VM Mutex/Monitor currently owned by a thread: None

Heap address: 0x0000000704200000, size: 4030 MB, Compressed Oops mode: Zero based, Oop shift amount: 3
Narrow klass base: 0x0000000800000000, Narrow klass shift: 0
Compressed class space size: 1073741824 Address: 0x0000000800000000

Heap:
 garbage-first heap   total 258048K, used 68733K [0x0000000704200000, 0x0000000800000000)
  region size 1024K, 50 young (51200K), 12 survivors (12288K)
 Metaspace       used 36949K, capacity 38867K, committed 39040K, reserved 1083392K
  class space    used 4054K, capacity 4692K, committed 4736K, reserved 1048576K
Heap Regions: E=young(eden), S=young(survivor), O=old, HS=humongous(starts), HC=humongous(continues), CS=collection set, F=free, A=archive, TAMS=top-at-mark-start (previous, next)
|   0|0x0000000704200000, 0x0000000704300000, 0x0000000704300000|100%| O|  |TAMS 0x0000000704300000, 0x0000000704200000| Untracked 
|   1|0x0000000704300000, 0x0000000704400000, 0x0000000704400000|100%| O|  |TAMS 0x0000000704400000, 0x0000000704300000| Untracked 
|   2|0x0000000704400000, 0x0000000704500000, 0x0000000704500000|100%| O|  |TAMS 0x0000000704500000, 0x0000000704400000| Untracked 
|   3|0x0000000704500000, 0x0000000704600000, 0x0000000704600000|100%|HS|  |TAMS 0x0000000704600000, 0x0000000704500000| Complete 
|   4|0x0000000704600000, 0x0000000704700000, 0x0000000704700000|100%|HC|  |TAMS 0x0000000704700000, 0x0000000704600000| Complete 
|   5|0x0000000704700000, 0x0000000704800000, 0x0000000704800000|100%| O|  |TAMS 0x0000000704800000, 0x0000000704700000| Untracked 
|   6|0x0000000704800000, 0x0000000704900000, 0x0000000704900000|100%| O|  |TAMS 0x0000000704900000, 0x0000000704800000| Untracked 
|   7|0x0000000704900000, 0x0000000704a00000, 0x0000000704a00000|100%| O|  |TAMS 0x0000000704a00000, 0x0000000704900000| Untracked 
|   8|0x0000000704a00000, 0x0000000704b00000, 0x0000000704b00000|100%| O|  |TAMS 0x0000000704b00000, 0x0000000704a00000| Untracked 
|   9|0x0000000704b00000, 0x0000000704c00000, 0x0000000704c00000|100%| O|  |TAMS 0x0000000704c00000, 0x0000000704b00000| Untracked 
|  10|0x0000000704c00000, 0x0000000704d00000, 0x0000000704d00000|100%| O|  |TAMS 0x0000000704d00000, 0x0000000704c00000| Untracked 
|  11|0x0000000704d00000, 0x0000000704e00000, 0x0000000704e00000|100%| O|  |TAMS 0x0000000704e00000, 0x0000000704d00000| Untracked 
|  12|0x0000000704e00000, 0x0000000704f00000, 0x0000000704f00000|100%| O|  |TAMS 0x0000000704f00000, 0x0000000704e00000| Untracked 
|  13|0x0000000704f00000, 0x0000000705000000, 0x0000000705000000|100%| O|  |TAMS 0x0000000705000000, 0x0000000704f00000| Untracked 
|  14|0x0000000705000000, 0x0000000705100000, 0x0000000705100000|100%|HS|  |TAMS 0x0000000705100000, 0x0000000705000000| Complete 
|  15|0x0000000705100000, 0x0000000705100000, 0x0000000705200000|  0%| F|  |TAMS 0x0000000705100000, 0x0000000705100000| Untracked 
|  16|0x0000000705200000, 0x0000000705200000, 0x0000000705300000|  0%| F|  |TAMS 0x0000000705200000, 0x0000000705200000| Untracked 
|  17|0x0000000705300000, 0x0000000705300000, 0x0000000705400000|  0%| F|  |TAMS 0x0000000705300000, 0x0000000705300000| Untracked 
|  18|0x0000000705400000, 0x0000000705400000, 0x0000000705500000|  0%| F|  |TAMS 0x0000000705400000, 0x0000000705400000| Untracked 
|  19|0x0000000705500000, 0x0000000705500000, 0x0000000705600000|  0%| F|  |TAMS 0x0000000705500000, 0x0000000705500000| Untracked 
|  20|0x0000000705600000, 0x0000000705600000, 0x0000000705700000|  0%| F|  |TAMS 0x0000000705600000, 0x0000000705600000| Untracked 
|  21|0x0000000705700000, 0x0000000705800000, 0x0000000705800000|100%| O|  |TAMS 0x0000000705800000, 0x0000000705700000| Untracked 
|  22|0x0000000705800000, 0x0000000705900000, 0x0000000705900000|100%| O|  |TAMS 0x0000000705900000, 0x0000000705800000| Untracked 
|  23|0x0000000705900000, 0x0000000705a00000, 0x0000000705a00000|100%| O|  |TAMS 0x0000000705a00000, 0x0000000705900000| Untracked 
|  24|0x0000000705a00000, 0x0000000705b00000, 0x0000000705b00000|100%| O|  |TAMS 0x0000000705b00000, 0x0000000705a00000| Untracked 
|  25|0x0000000705b00000, 0x0000000705b1f400, 0x0000000705c00000| 12%| O|  |TAMS 0x0000000705b1f400, 0x0000000705b00000| Untracked 
|  26|0x0000000705c00000, 0x0000000705c00000, 0x0000000705d00000|  0%| F|  |TAMS 0x0000000705c00000, 0x0000000705c00000| Untracked 
|  27|0x0000000705d00000, 0x0000000705d00000, 0x0000000705e00000|  0%| F|  |TAMS 0x0000000705d00000, 0x0000000705d00000| Untracked 
|  28|0x0000000705e00000, 0x0000000705e00000, 0x0000000705f00000|  0%| F|  |TAMS 0x0000000705e00000, 0x0000000705e00000| Untracked 
|  29|0x0000000705f00000, 0x0000000705f00000, 0x0000000706000000|  0%| F|  |TAMS 0x0000000705f00000, 0x0000000705f00000| Untracked 
|  30|0x0000000706000000, 0x0000000706000000, 0x0000000706100000|  0%| F|  |TAMS 0x0000000706000000, 0x0000000706000000| Untracked 
|  31|0x0000000706100000, 0x0000000706100000, 0x0000000706200000|  0%| F|  |TAMS 0x0000000706100000, 0x0000000706100000| Untracked 
|  32|0x0000000706200000, 0x0000000706200000, 0x0000000706300000|  0%| F|  |TAMS 0x0000000706200000, 0x0000000706200000| Untracked 
|  33|0x0000000706300000, 0x0000000706300000, 0x0000000706400000|  0%| F|  |TAMS 0x0000000706300000, 0x0000000706300000| Untracked 
|  34|0x0000000706400000, 0x0000000706400000, 0x0000000706500000|  0%| F|  |TAMS 0x0000000706400000, 0x0000000706400000| Untracked 
|  35|0x0000000706500000, 0x0000000706500000, 0x0000000706600000|  0%| F|  |TAMS 0x0000000706500000, 0x0000000706500000| Untracked 
|  36|0x0000000706600000, 0x0000000706600000, 0x0000000706700000|  0%| F|  |TAMS 0x0000000706600000, 0x0000000706600000| Untracked 
|  37|0x0000000706700000, 0x0000000706700000, 0x0000000706800000|  0%| F|  |TAMS 0x0000000706700000, 0x0000000706700000| Untracked 
|  38|0x0000000706800000, 0x0000000706800000, 0x0000000706900000|  0%| F|  |TAMS 0x0000000706800000, 0x0000000706800000| Untracked 
|  39|0x0000000706900000, 0x0000000706900000, 0x0000000706a00000|  0%| F|  |TAMS 0x0000000706900000, 0x0000000706900000| Untracked 
|  40|0x0000000706a00000, 0x0000000706a00000, 0x0000000706b00000|  0%| F|  |TAMS 0x0000000706a00000, 0x0000000706a00000| Untracked 
|  41|0x0000000706b00000, 0x0000000706b00000, 0x0000000706c00000|  0%| F|  |TAMS 0x0000000706b00000, 0x0000000706b00000| Untracked 
|  42|0x0000000706c00000, 0x0000000706c00000, 0x0000000706d00000|  0%| F|  |TAMS 0x0000000706c00000, 0x0000000706c00000| Untracked 
|  43|0x0000000706d00000, 0x0000000706d00000, 0x0000000706e00000|  0%| F|  |TAMS 0x0000000706d00000, 0x0000000706d00000| Untracked 
|  44|0x0000000706e00000, 0x0000000706e00000, 0x0000000706f00000|  0%| F|  |TAMS 0x0000000706e00000, 0x0000000706e00000| Untracked 
|  45|0x0000000706f00000, 0x0000000706f00000, 0x0000000707000000|  0%| F|  |TAMS 0x0000000706f00000, 0x0000000706f00000| Untracked 
|  46|0x0000000707000000, 0x0000000707000000, 0x0000000707100000|  0%| F|  |TAMS 0x0000000707000000, 0x0000000707000000| Untracked 
|  47|0x0000000707100000, 0x0000000707100000, 0x0000000707200000|  0%| F|  |TAMS 0x0000000707100000, 0x0000000707100000| Untracked 
|  48|0x0000000707200000, 0x0000000707200000, 0x0000000707300000|  0%| F|  |TAMS 0x0000000707200000, 0x0000000707200000| Untracked 
|  49|0x0000000707300000, 0x0000000707300000, 0x0000000707400000|  0%| F|  |TAMS 0x0000000707300000, 0x0000000707300000| Untracked 
|  50|0x0000000707400000, 0x0000000707400000, 0x0000000707500000|  0%| F|  |TAMS 0x0000000707400000, 0x0000000707400000| Untracked 
|  51|0x0000000707500000, 0x0000000707500000, 0x0000000707600000|  0%| F|  |TAMS 0x0000000707500000, 0x0000000707500000| Untracked 
|  52|0x0000000707600000, 0x0000000707600000, 0x0000000707700000|  0%| F|  |TAMS 0x0000000707600000, 0x0000000707600000| Untracked 
|  53|0x0000000707700000, 0x0000000707700000, 0x0000000707800000|  0%| F|  |TAMS 0x0000000707700000, 0x0000000707700000| Untracked 
|  54|0x0000000707800000, 0x0000000707800000, 0x0000000707900000|  0%| F|  |TAMS 0x0000000707800000, 0x0000000707800000| Untracked 
|  55|0x0000000707900000, 0x0000000707900000, 0x0000000707a00000|  0%| F|  |TAMS 0x0000000707900000, 0x0000000707900000| Untracked 
|  56|0x0000000707a00000, 0x0000000707a00000, 0x0000000707b00000|  0%| F|  |TAMS 0x0000000707a00000, 0x0000000707a00000| Untracked 
|  57|0x0000000707b00000, 0x0000000707b00000, 0x0000000707c00000|  0%| F|  |TAMS 0x0000000707b00000, 0x0000000707b00000| Untracked 
|  58|0x0000000707c00000, 0x0000000707c00000, 0x0000000707d00000|  0%| F|  |TAMS 0x0000000707c00000, 0x0000000707c00000| Untracked 
|  59|0x0000000707d00000, 0x0000000707d00000, 0x0000000707e00000|  0%| F|  |TAMS 0x0000000707d00000, 0x0000000707d00000| Untracked 
|  60|0x0000000707e00000, 0x0000000707e00000, 0x0000000707f00000|  0%| F|  |TAMS 0x0000000707e00000, 0x0000000707e00000| Untracked 
|  61|0x0000000707f00000, 0x0000000707f00000, 0x0000000708000000|  0%| F|  |TAMS 0x0000000707f00000, 0x0000000707f00000| Untracked 
|  62|0x0000000708000000, 0x0000000708000000, 0x0000000708100000|  0%| F|  |TAMS 0x0000000708000000, 0x0000000708000000| Untracked 
|  63|0x0000000708100000, 0x0000000708100000, 0x0000000708200000|  0%| F|  |TAMS 0x0000000708100000, 0x0000000708100000| Untracked 
|  64|0x0000000708200000, 0x0000000708200000, 0x0000000708300000|  0%| F|  |TAMS 0x0000000708200000, 0x0000000708200000| Untracked 
|  65|0x0000000708300000, 0x0000000708300000, 0x0000000708400000|  0%| F|  |TAMS 0x0000000708300000, 0x0000000708300000| Untracked 
|  66|0x0000000708400000, 0x0000000708400000, 0x0000000708500000|  0%| F|  |TAMS 0x0000000708400000, 0x0000000708400000| Untracked 
|  67|0x0000000708500000, 0x0000000708500000, 0x0000000708600000|  0%| F|  |TAMS 0x0000000708500000, 0x0000000708500000| Untracked 
|  68|0x0000000708600000, 0x0000000708600000, 0x0000000708700000|  0%| F|  |TAMS 0x0000000708600000, 0x0000000708600000| Untracked 
|  69|0x0000000708700000, 0x0000000708700000, 0x0000000708800000|  0%| F|  |TAMS 0x0000000708700000, 0x0000000708700000| Untracked 
|  70|0x0000000708800000, 0x0000000708800000, 0x0000000708900000|  0%| F|  |TAMS 0x0000000708800000, 0x0000000708800000| Untracked 
|  71|0x0000000708900000, 0x0000000708900000, 0x0000000708a00000|  0%| F|  |TAMS 0x0000000708900000, 0x0000000708900000| Untracked 
|  72|0x0000000708a00000, 0x0000000708a00000, 0x0000000708b00000|  0%| F|  |TAMS 0x0000000708a00000, 0x0000000708a00000| Untracked 
|  73|0x0000000708b00000, 0x0000000708b00000, 0x0000000708c00000|  0%| F|  |TAMS 0x0000000708b00000, 0x0000000708b00000| Untracked 
|  74|0x0000000708c00000, 0x0000000708c00000, 0x0000000708d00000|  0%| F|  |TAMS 0x0000000708c00000, 0x0000000708c00000| Untracked 
|  75|0x0000000708d00000, 0x0000000708d00000, 0x0000000708e00000|  0%| F|  |TAMS 0x0000000708d00000, 0x0000000708d00000| Untracked 
|  76|0x0000000708e00000, 0x0000000708e00000, 0x0000000708f00000|  0%| F|  |TAMS 0x0000000708e00000, 0x0000000708e00000| Untracked 
|  77|0x0000000708f00000, 0x0000000708f00000, 0x0000000709000000|  0%| F|  |TAMS 0x0000000708f00000, 0x0000000708f00000| Untracked 
|  78|0x0000000709000000, 0x0000000709000000, 0x0000000709100000|  0%| F|  |TAMS 0x0000000709000000, 0x0000000709000000| Untracked 
|  79|0x0000000709100000, 0x0000000709100000, 0x0000000709200000|  0%| F|  |TAMS 0x0000000709100000, 0x0000000709100000| Untracked 
|  80|0x0000000709200000, 0x0000000709200000, 0x0000000709300000|  0%| F|  |TAMS 0x0000000709200000, 0x0000000709200000| Untracked 
|  81|0x0000000709300000, 0x0000000709300000, 0x0000000709400000|  0%| F|  |TAMS 0x0000000709300000, 0x0000000709300000| Untracked 
|  82|0x0000000709400000, 0x0000000709400000, 0x0000000709500000|  0%| F|  |TAMS 0x0000000709400000, 0x0000000709400000| Untracked 
|  83|0x0000000709500000, 0x0000000709500000, 0x0000000709600000|  0%| F|  |TAMS 0x0000000709500000, 0x0000000709500000| Untracked 
|  84|0x0000000709600000, 0x0000000709600000, 0x0000000709700000|  0%| F|  |TAMS 0x0000000709600000, 0x0000000709600000| Untracked 
|  85|0x0000000709700000, 0x0000000709700000, 0x0000000709800000|  0%| F|  |TAMS 0x0000000709700000, 0x0000000709700000| Untracked 
|  86|0x0000000709800000, 0x0000000709800000, 0x0000000709900000|  0%| F|  |TAMS 0x0000000709800000, 0x0000000709800000| Untracked 
|  87|0x0000000709900000, 0x0000000709900000, 0x0000000709a00000|  0%| F|  |TAMS 0x0000000709900000, 0x0000000709900000| Untracked 
|  88|0x0000000709a00000, 0x0000000709a00000, 0x0000000709b00000|  0%| F|  |TAMS 0x0000000709a00000, 0x0000000709a00000| Untracked 
|  89|0x0000000709b00000, 0x0000000709b00000, 0x0000000709c00000|  0%| F|  |TAMS 0x0000000709b00000, 0x0000000709b00000| Untracked 
|  90|0x0000000709c00000, 0x0000000709c00000, 0x0000000709d00000|  0%| F|  |TAMS 0x0000000709c00000, 0x0000000709c00000| Untracked 
|  91|0x0000000709d00000, 0x0000000709d00000, 0x0000000709e00000|  0%| F|  |TAMS 0x0000000709d00000, 0x0000000709d00000| Untracked 
|  92|0x0000000709e00000, 0x0000000709e00000, 0x0000000709f00000|  0%| F|  |TAMS 0x0000000709e00000, 0x0000000709e00000| Untracked 
|  93|0x0000000709f00000, 0x0000000709f00000, 0x000000070a000000|  0%| F|  |TAMS 0x0000000709f00000, 0x0000000709f00000| Untracked 
|  94|0x000000070a000000, 0x000000070a000000, 0x000000070a100000|  0%| F|  |TAMS 0x000000070a000000, 0x000000070a000000| Untracked 
|  95|0x000000070a100000, 0x000000070a100000, 0x000000070a200000|  0%| F|  |TAMS 0x000000070a100000, 0x000000070a100000| Untracked 
|  96|0x000000070a200000, 0x000000070a200000, 0x000000070a300000|  0%| F|  |TAMS 0x000000070a200000, 0x000000070a200000| Untracked 
|  97|0x000000070a300000, 0x000000070a300000, 0x000000070a400000|  0%| F|  |TAMS 0x000000070a300000, 0x000000070a300000| Untracked 
|  98|0x000000070a400000, 0x000000070a400000, 0x000000070a500000|  0%| F|  |TAMS 0x000000070a400000, 0x000000070a400000| Untracked 
|  99|0x000000070a500000, 0x000000070a500000, 0x000000070a600000|  0%| F|  |TAMS 0x000000070a500000, 0x000000070a500000| Untracked 
| 100|0x000000070a600000, 0x000000070a600000, 0x000000070a700000|  0%| F|  |TAMS 0x000000070a600000, 0x000000070a600000| Untracked 
| 101|0x000000070a700000, 0x000000070a700000, 0x000000070a800000|  0%| F|  |TAMS 0x000000070a700000, 0x000000070a700000| Untracked 
| 102|0x000000070a800000, 0x000000070a800000, 0x000000070a900000|  0%| F|  |TAMS 0x000000070a800000, 0x000000070a800000| Untracked 
| 103|0x000000070a900000, 0x000000070a900000, 0x000000070aa00000|  0%| F|  |TAMS 0x000000070a900000, 0x000000070a900000| Untracked 
| 104|0x000000070aa00000, 0x000000070aa00000, 0x000000070ab00000|  0%| F|  |TAMS 0x000000070aa00000, 0x000000070aa00000| Untracked 
| 105|0x000000070ab00000, 0x000000070ab00000, 0x000000070ac00000|  0%| F|  |TAMS 0x000000070ab00000, 0x000000070ab00000| Untracked 
| 106|0x000000070ac00000, 0x000000070ac00000, 0x000000070ad00000|  0%| F|  |TAMS 0x000000070ac00000, 0x000000070ac00000| Untracked 
| 107|0x000000070ad00000, 0x000000070ad00000, 0x000000070ae00000|  0%| F|  |TAMS 0x000000070ad00000, 0x000000070ad00000| Untracked 
| 108|0x000000070ae00000, 0x000000070ae00000, 0x000000070af00000|  0%| F|  |TAMS 0x000000070ae00000, 0x000000070ae00000| Untracked 
| 109|0x000000070af00000, 0x000000070af00000, 0x000000070b000000|  0%| F|  |TAMS 0x000000070af00000, 0x000000070af00000| Untracked 
| 110|0x000000070b000000, 0x000000070b000000, 0x000000070b100000|  0%| F|  |TAMS 0x000000070b000000, 0x000000070b000000| Untracked 
| 111|0x000000070b100000, 0x000000070b100000, 0x000000070b200000|  0%| F|  |TAMS 0x000000070b100000, 0x000000070b100000| Untracked 
| 112|0x000000070b200000, 0x000000070b200000, 0x000000070b300000|  0%| F|  |TAMS 0x000000070b200000, 0x000000070b200000| Untracked 
| 113|0x000000070b300000, 0x000000070b300000, 0x000000070b400000|  0%| F|  |TAMS 0x000000070b300000, 0x000000070b300000| Untracked 
| 114|0x000000070b400000, 0x000000070b400000, 0x000000070b500000|  0%| F|  |TAMS 0x000000070b400000, 0x000000070b400000| Untracked 
| 115|0x000000070b500000, 0x000000070b500000, 0x000000070b600000|  0%| F|  |TAMS 0x000000070b500000, 0x000000070b500000| Untracked 
| 116|0x000000070b600000, 0x000000070b600000, 0x000000070b700000|  0%| F|  |TAMS 0x000000070b600000, 0x000000070b600000| Untracked 
| 117|0x000000070b700000, 0x000000070b700000, 0x000000070b800000|  0%| F|  |TAMS 0x000000070b700000, 0x000000070b700000| Untracked 
| 118|0x000000070b800000, 0x000000070b800000, 0x000000070b900000|  0%| F|  |TAMS 0x000000070b800000, 0x000000070b800000| Untracked 
| 119|0x000000070b900000, 0x000000070b900000, 0x000000070ba00000|  0%| F|  |TAMS 0x000000070b900000, 0x000000070b900000| Untracked 
| 120|0x000000070ba00000, 0x000000070ba00000, 0x000000070bb00000|  0%| F|  |TAMS 0x000000070ba00000, 0x000000070ba00000| Untracked 
| 121|0x000000070bb00000, 0x000000070bb00000, 0x000000070bc00000|  0%| F|  |TAMS 0x000000070bb00000, 0x000000070bb00000| Untracked 
| 122|0x000000070bc00000, 0x000000070bc00000, 0x000000070bd00000|  0%| F|  |TAMS 0x000000070bc00000, 0x000000070bc00000| Untracked 
| 123|0x000000070bd00000, 0x000000070bd00000, 0x000000070be00000|  0%| F|  |TAMS 0x000000070bd00000, 0x000000070bd00000| Untracked 
| 124|0x000000070be00000, 0x000000070be00000, 0x000000070bf00000|  0%| F|  |TAMS 0x000000070be00000, 0x000000070be00000| Untracked 
| 125|0x000000070bf00000, 0x000000070bf00000, 0x000000070c000000|  0%| F|  |TAMS 0x000000070bf00000, 0x000000070bf00000| Untracked 
| 126|0x000000070c000000, 0x000000070c000000, 0x000000070c100000|  0%| F|  |TAMS 0x000000070c000000, 0x000000070c000000| Untracked 
| 127|0x000000070c100000, 0x000000070c100000, 0x000000070c200000|  0%| F|  |TAMS 0x000000070c100000, 0x000000070c100000| Untracked 
| 128|0x000000070c200000, 0x000000070c200000, 0x000000070c300000|  0%| F|  |TAMS 0x000000070c200000, 0x000000070c200000| Untracked 
| 129|0x000000070c300000, 0x000000070c300000, 0x000000070c400000|  0%| F|  |TAMS 0x000000070c300000, 0x000000070c300000| Untracked 
| 130|0x000000070c400000, 0x000000070c400000, 0x000000070c500000|  0%| F|  |TAMS 0x000000070c400000, 0x000000070c400000| Untracked 
| 131|0x000000070c500000, 0x000000070c500000, 0x000000070c600000|  0%| F|  |TAMS 0x000000070c500000, 0x000000070c500000| Untracked 
| 132|0x000000070c600000, 0x000000070c600000, 0x000000070c700000|  0%| F|  |TAMS 0x000000070c600000, 0x000000070c600000| Untracked 
| 133|0x000000070c700000, 0x000000070c700000, 0x000000070c800000|  0%| F|  |TAMS 0x000000070c700000, 0x000000070c700000| Untracked 
| 134|0x000000070c800000, 0x000000070c800000, 0x000000070c900000|  0%| F|  |TAMS 0x000000070c800000, 0x000000070c800000| Untracked 
| 135|0x000000070c900000, 0x000000070c900000, 0x000000070ca00000|  0%| F|  |TAMS 0x000000070c900000, 0x000000070c900000| Untracked 
| 136|0x000000070ca00000, 0x000000070ca00000, 0x000000070cb00000|  0%| F|  |TAMS 0x000000070ca00000, 0x000000070ca00000| Untracked 
| 137|0x000000070cb00000, 0x000000070cb00000, 0x000000070cc00000|  0%| F|  |TAMS 0x000000070cb00000, 0x000000070cb00000| Untracked 
| 138|0x000000070cc00000, 0x000000070cc00000, 0x000000070cd00000|  0%| F|  |TAMS 0x000000070cc00000, 0x000000070cc00000| Untracked 
| 139|0x000000070cd00000, 0x000000070cd00000, 0x000000070ce00000|  0%| F|  |TAMS 0x000000070cd00000, 0x000000070cd00000| Untracked 
| 140|0x000000070ce00000, 0x000000070ce00000, 0x000000070cf00000|  0%| F|  |TAMS 0x000000070ce00000, 0x000000070ce00000| Untracked 
| 141|0x000000070cf00000, 0x000000070cf00000, 0x000000070d000000|  0%| F|  |TAMS 0x000000070cf00000, 0x000000070cf00000| Untracked 
| 142|0x000000070d000000, 0x000000070d000000, 0x000000070d100000|  0%| F|  |TAMS 0x000000070d000000, 0x000000070d000000| Untracked 
| 143|0x000000070d100000, 0x000000070d100000, 0x000000070d200000|  0%| F|  |TAMS 0x000000070d100000, 0x000000070d100000| Untracked 
| 144|0x000000070d200000, 0x000000070d200000, 0x000000070d300000|  0%| F|  |TAMS 0x000000070d200000, 0x000000070d200000| Untracked 
| 145|0x000000070d300000, 0x000000070d300000, 0x000000070d400000|  0%| F|  |TAMS 0x000000070d300000, 0x000000070d300000| Untracked 
| 146|0x000000070d400000, 0x000000070d400000, 0x000000070d500000|  0%| F|  |TAMS 0x000000070d400000, 0x000000070d400000| Untracked 
| 147|0x000000070d500000, 0x000000070d500000, 0x000000070d600000|  0%| F|  |TAMS 0x000000070d500000, 0x000000070d500000| Untracked 
| 148|0x000000070d600000, 0x000000070d600000, 0x000000070d700000|  0%| F|  |TAMS 0x000000070d600000, 0x000000070d600000| Untracked 
| 149|0x000000070d700000, 0x000000070d700000, 0x000000070d800000|  0%| F|  |TAMS 0x000000070d700000, 0x000000070d700000| Untracked 
| 150|0x000000070d800000, 0x000000070d800000, 0x000000070d900000|  0%| F|  |TAMS 0x000000070d800000, 0x000000070d800000| Untracked 
| 151|0x000000070d900000, 0x000000070d900000, 0x000000070da00000|  0%| F|  |TAMS 0x000000070d900000, 0x000000070d900000| Untracked 
| 152|0x000000070da00000, 0x000000070db00000, 0x000000070db00000|100%| S|CS|TAMS 0x000000070da00000, 0x000000070da00000| Complete 
| 153|0x000000070db00000, 0x000000070dc00000, 0x000000070dc00000|100%| S|CS|TAMS 0x000000070db00000, 0x000000070db00000| Complete 
| 154|0x000000070dc00000, 0x000000070dd00000, 0x000000070dd00000|100%| S|CS|TAMS 0x000000070dc00000, 0x000000070dc00000| Complete 
| 155|0x000000070dd00000, 0x000000070de00000, 0x000000070de00000|100%| S|CS|TAMS 0x000000070dd00000, 0x000000070dd00000| Complete 
| 156|0x000000070de00000, 0x000000070df00000, 0x000000070df00000|100%| S|CS|TAMS 0x000000070de00000, 0x000000070de00000| Complete 
| 157|0x000000070df00000, 0x000000070e000000, 0x000000070e000000|100%| S|CS|TAMS 0x000000070df00000, 0x000000070df00000| Complete 
| 158|0x000000070e000000, 0x000000070e100000, 0x000000070e100000|100%| S|CS|TAMS 0x000000070e000000, 0x000000070e000000| Complete 
| 159|0x000000070e100000, 0x000000070e200000, 0x000000070e200000|100%| S|CS|TAMS 0x000000070e100000, 0x000000070e100000| Complete 
| 160|0x000000070e200000, 0x000000070e300000, 0x000000070e300000|100%| S|CS|TAMS 0x000000070e200000, 0x000000070e200000| Complete 
| 161|0x000000070e300000, 0x000000070e400000, 0x000000070e400000|100%| S|CS|TAMS 0x000000070e300000, 0x000000070e300000| Complete 
| 162|0x000000070e400000, 0x000000070e500000, 0x000000070e500000|100%| S|CS|TAMS 0x000000070e400000, 0x000000070e400000| Complete 
| 163|0x000000070e500000, 0x000000070e600000, 0x000000070e600000|100%| S|CS|TAMS 0x000000070e500000, 0x000000070e500000| Complete 
| 164|0x000000070e600000, 0x000000070e600000, 0x000000070e700000|  0%| F|  |TAMS 0x000000070e600000, 0x000000070e600000| Untracked 
| 165|0x000000070e700000, 0x000000070e700000, 0x000000070e800000|  0%| F|  |TAMS 0x000000070e700000, 0x000000070e700000| Untracked 
| 166|0x000000070e800000, 0x000000070e800000, 0x000000070e900000|  0%| F|  |TAMS 0x000000070e800000, 0x000000070e800000| Untracked 
| 167|0x000000070e900000, 0x000000070e900000, 0x000000070ea00000|  0%| F|  |TAMS 0x000000070e900000, 0x000000070e900000| Untracked 
| 168|0x000000070ea00000, 0x000000070ea00000, 0x000000070eb00000|  0%| F|  |TAMS 0x000000070ea00000, 0x000000070ea00000| Untracked 
| 169|0x000000070eb00000, 0x000000070eb00000, 0x000000070ec00000|  0%| F|  |TAMS 0x000000070eb00000, 0x000000070eb00000| Untracked 
| 170|0x000000070ec00000, 0x000000070ec00000, 0x000000070ed00000|  0%| F|  |TAMS 0x000000070ec00000, 0x000000070ec00000| Untracked 
| 171|0x000000070ed00000, 0x000000070ed00000, 0x000000070ee00000|  0%| F|  |TAMS 0x000000070ed00000, 0x000000070ed00000| Untracked 
| 172|0x000000070ee00000, 0x000000070ee00000, 0x000000070ef00000|  0%| F|  |TAMS 0x000000070ee00000, 0x000000070ee00000| Untracked 
| 173|0x000000070ef00000, 0x000000070ef00000, 0x000000070f000000|  0%| F|  |TAMS 0x000000070ef00000, 0x000000070ef00000| Untracked 
| 174|0x000000070f000000, 0x000000070f000000, 0x000000070f100000|  0%| F|  |TAMS 0x000000070f000000, 0x000000070f000000| Untracked 
| 175|0x000000070f100000, 0x000000070f100000, 0x000000070f200000|  0%| F|  |TAMS 0x000000070f100000, 0x000000070f100000| Untracked 
| 176|0x000000070f200000, 0x000000070f200000, 0x000000070f300000|  0%| F|  |TAMS 0x000000070f200000, 0x000000070f200000| Untracked 
| 177|0x000000070f300000, 0x000000070f300000, 0x000000070f400000|  0%| F|  |TAMS 0x000000070f300000, 0x000000070f300000| Untracked 
| 178|0x000000070f400000, 0x000000070f400000, 0x000000070f500000|  0%| F|  |TAMS 0x000000070f400000, 0x000000070f400000| Untracked 
| 179|0x000000070f500000, 0x000000070f500000, 0x000000070f600000|  0%| F|  |TAMS 0x000000070f500000, 0x000000070f500000| Untracked 
| 180|0x000000070f600000, 0x000000070f600000, 0x000000070f700000|  0%| F|  |TAMS 0x000000070f600000, 0x000000070f600000| Untracked 
| 181|0x000000070f700000, 0x000000070f700000, 0x000000070f800000|  0%| F|  |TAMS 0x000000070f700000, 0x000000070f700000| Untracked 
| 182|0x000000070f800000, 0x000000070f800000, 0x000000070f900000|  0%| F|  |TAMS 0x000000070f800000, 0x000000070f800000| Untracked 
| 183|0x000000070f900000, 0x000000070f900000, 0x000000070fa00000|  0%| F|  |TAMS 0x000000070f900000, 0x000000070f900000| Untracked 
| 184|0x000000070fa00000, 0x000000070fa00000, 0x000000070fb00000|  0%| F|  |TAMS 0x000000070fa00000, 0x000000070fa00000| Untracked 
| 185|0x000000070fb00000, 0x000000070fb00000, 0x000000070fc00000|  0%| F|  |TAMS 0x000000070fb00000, 0x000000070fb00000| Untracked 
| 186|0x000000070fc00000, 0x000000070fc00000, 0x000000070fd00000|  0%| F|  |TAMS 0x000000070fc00000, 0x000000070fc00000| Untracked 
| 187|0x000000070fd00000, 0x000000070fd00000, 0x000000070fe00000|  0%| F|  |TAMS 0x000000070fd00000, 0x000000070fd00000| Untracked 
| 188|0x000000070fe00000, 0x000000070fe00000, 0x000000070ff00000|  0%| F|  |TAMS 0x000000070fe00000, 0x000000070fe00000| Untracked 
| 189|0x000000070ff00000, 0x000000070ff00000, 0x0000000710000000|  0%| F|  |TAMS 0x000000070ff00000, 0x000000070ff00000| Untracked 
| 190|0x0000000710000000, 0x0000000710000000, 0x0000000710100000|  0%| F|  |TAMS 0x0000000710000000, 0x0000000710000000| Untracked 
| 191|0x0000000710100000, 0x0000000710100000, 0x0000000710200000|  0%| F|  |TAMS 0x0000000710100000, 0x0000000710100000| Untracked 
| 192|0x0000000710200000, 0x0000000710200000, 0x0000000710300000|  0%| F|  |TAMS 0x0000000710200000, 0x0000000710200000| Untracked 
| 193|0x0000000710300000, 0x0000000710300000, 0x0000000710400000|  0%| F|  |TAMS 0x0000000710300000, 0x0000000710300000| Untracked 
| 194|0x0000000710400000, 0x0000000710400000, 0x0000000710500000|  0%| F|  |TAMS 0x0000000710400000, 0x0000000710400000| Untracked 
| 195|0x0000000710500000, 0x0000000710500000, 0x0000000710600000|  0%| F|  |TAMS 0x0000000710500000, 0x0000000710500000| Untracked 
| 196|0x0000000710600000, 0x0000000710600000, 0x0000000710700000|  0%| F|  |TAMS 0x0000000710600000, 0x0000000710600000| Untracked 
| 197|0x0000000710700000, 0x0000000710700000, 0x0000000710800000|  0%| F|  |TAMS 0x0000000710700000, 0x0000000710700000| Untracked 
| 198|0x0000000710800000, 0x0000000710800000, 0x0000000710900000|  0%| F|  |TAMS 0x0000000710800000, 0x0000000710800000| Untracked 
| 199|0x0000000710900000, 0x0000000710900000, 0x0000000710a00000|  0%| F|  |TAMS 0x0000000710900000, 0x0000000710900000| Untracked 
| 200|0x0000000710a00000, 0x0000000710a00000, 0x0000000710b00000|  0%| F|  |TAMS 0x0000000710a00000, 0x0000000710a00000| Untracked 
| 201|0x0000000710b00000, 0x0000000710b00000, 0x0000000710c00000|  0%| F|  |TAMS 0x0000000710b00000, 0x0000000710b00000| Untracked 
| 202|0x0000000710c00000, 0x0000000710c00000, 0x0000000710d00000|  0%| F|  |TAMS 0x0000000710c00000, 0x0000000710c00000| Untracked 
| 203|0x0000000710d00000, 0x0000000710d00000, 0x0000000710e00000|  0%| F|  |TAMS 0x0000000710d00000, 0x0000000710d00000| Untracked 
| 204|0x0000000710e00000, 0x0000000710e00000, 0x0000000710f00000|  0%| F|  |TAMS 0x0000000710e00000, 0x0000000710e00000| Untracked 
| 205|0x0000000710f00000, 0x0000000710f00000, 0x0000000711000000|  0%| F|  |TAMS 0x0000000710f00000, 0x0000000710f00000| Untracked 
| 206|0x0000000711000000, 0x0000000711000000, 0x0000000711100000|  0%| F|  |TAMS 0x0000000711000000, 0x0000000711000000| Untracked 
| 207|0x0000000711100000, 0x0000000711100000, 0x0000000711200000|  0%| F|  |TAMS 0x0000000711100000, 0x0000000711100000| Untracked 
| 208|0x0000000711200000, 0x0000000711200000, 0x0000000711300000|  0%| F|  |TAMS 0x0000000711200000, 0x0000000711200000| Untracked 
| 209|0x0000000711300000, 0x0000000711300000, 0x0000000711400000|  0%| F|  |TAMS 0x0000000711300000, 0x0000000711300000| Untracked 
| 210|0x0000000711400000, 0x0000000711400000, 0x0000000711500000|  0%| F|  |TAMS 0x0000000711400000, 0x0000000711400000| Untracked 
| 211|0x0000000711500000, 0x0000000711500000, 0x0000000711600000|  0%| F|  |TAMS 0x0000000711500000, 0x0000000711500000| Untracked 
| 212|0x0000000711600000, 0x0000000711600000, 0x0000000711700000|  0%| F|  |TAMS 0x0000000711600000, 0x0000000711600000| Untracked 
| 213|0x0000000711700000, 0x0000000711716b10, 0x0000000711800000|  8%| E|  |TAMS 0x0000000711700000, 0x0000000711700000| Complete 
| 214|0x0000000711800000, 0x0000000711900000, 0x0000000711900000|100%| E|CS|TAMS 0x0000000711800000, 0x0000000711800000| Complete 
| 215|0x0000000711900000, 0x0000000711a00000, 0x0000000711a00000|100%| E|CS|TAMS 0x0000000711900000, 0x0000000711900000| Complete 
| 216|0x0000000711a00000, 0x0000000711b00000, 0x0000000711b00000|100%| E|CS|TAMS 0x0000000711a00000, 0x0000000711a00000| Complete 
| 217|0x0000000711b00000, 0x0000000711c00000, 0x0000000711c00000|100%| E|CS|TAMS 0x0000000711b00000, 0x0000000711b00000| Complete 
| 218|0x0000000711c00000, 0x0000000711d00000, 0x0000000711d00000|100%| E|CS|TAMS 0x0000000711c00000, 0x0000000711c00000| Complete 
| 219|0x0000000711d00000, 0x0000000711e00000, 0x0000000711e00000|100%| E|CS|TAMS 0x0000000711d00000, 0x0000000711d00000| Complete 
| 220|0x0000000711e00000, 0x0000000711f00000, 0x0000000711f00000|100%| E|CS|TAMS 0x0000000711e00000, 0x0000000711e00000| Complete 
| 221|0x0000000711f00000, 0x0000000712000000, 0x0000000712000000|100%| E|CS|TAMS 0x0000000711f00000, 0x0000000711f00000| Complete 
| 222|0x0000000712000000, 0x0000000712100000, 0x0000000712100000|100%| E|CS|TAMS 0x0000000712000000, 0x0000000712000000| Complete 
| 223|0x0000000712100000, 0x0000000712200000, 0x0000000712200000|100%| E|CS|TAMS 0x0000000712100000, 0x0000000712100000| Complete 
| 224|0x0000000712200000, 0x0000000712300000, 0x0000000712300000|100%| E|CS|TAMS 0x0000000712200000, 0x0000000712200000| Complete 
| 225|0x0000000712300000, 0x0000000712400000, 0x0000000712400000|100%| E|CS|TAMS 0x0000000712300000, 0x0000000712300000| Complete 
| 226|0x0000000712400000, 0x0000000712500000, 0x0000000712500000|100%| E|CS|TAMS 0x0000000712400000, 0x0000000712400000| Complete 
| 227|0x0000000712500000, 0x0000000712600000, 0x0000000712600000|100%| E|CS|TAMS 0x0000000712500000, 0x0000000712500000| Complete 
| 228|0x0000000712600000, 0x0000000712700000, 0x0000000712700000|100%| E|CS|TAMS 0x0000000712600000, 0x0000000712600000| Complete 
| 229|0x0000000712700000, 0x0000000712800000, 0x0000000712800000|100%| E|CS|TAMS 0x0000000712700000, 0x0000000712700000| Complete 
| 230|0x0000000712800000, 0x0000000712900000, 0x0000000712900000|100%| E|CS|TAMS 0x0000000712800000, 0x0000000712800000| Complete 
| 231|0x0000000712900000, 0x0000000712a00000, 0x0000000712a00000|100%| E|CS|TAMS 0x0000000712900000, 0x0000000712900000| Complete 
| 232|0x0000000712a00000, 0x0000000712b00000, 0x0000000712b00000|100%| E|CS|TAMS 0x0000000712a00000, 0x0000000712a00000| Complete 
| 233|0x0000000712b00000, 0x0000000712c00000, 0x0000000712c00000|100%| E|CS|TAMS 0x0000000712b00000, 0x0000000712b00000| Complete 
| 234|0x0000000712c00000, 0x0000000712d00000, 0x0000000712d00000|100%| E|CS|TAMS 0x0000000712c00000, 0x0000000712c00000| Complete 
| 235|0x0000000712d00000, 0x0000000712e00000, 0x0000000712e00000|100%| E|CS|TAMS 0x0000000712d00000, 0x0000000712d00000| Complete 
| 236|0x0000000712e00000, 0x0000000712f00000, 0x0000000712f00000|100%| E|CS|TAMS 0x0000000712e00000, 0x0000000712e00000| Complete 
| 237|0x0000000712f00000, 0x0000000713000000, 0x0000000713000000|100%| E|CS|TAMS 0x0000000712f00000, 0x0000000712f00000| Complete 
| 238|0x0000000713000000, 0x0000000713100000, 0x0000000713100000|100%| E|CS|TAMS 0x0000000713000000, 0x0000000713000000| Complete 
| 239|0x0000000713100000, 0x0000000713200000, 0x0000000713200000|100%| E|CS|TAMS 0x0000000713100000, 0x0000000713100000| Complete 
| 240|0x0000000713200000, 0x0000000713300000, 0x0000000713300000|100%| E|CS|TAMS 0x0000000713200000, 0x0000000713200000| Complete 
| 241|0x0000000713300000, 0x0000000713400000, 0x0000000713400000|100%| E|CS|TAMS 0x0000000713300000, 0x0000000713300000| Complete 
| 242|0x0000000713400000, 0x0000000713500000, 0x0000000713500000|100%| E|CS|TAMS 0x0000000713400000, 0x0000000713400000| Complete 
| 243|0x0000000713500000, 0x0000000713600000, 0x0000000713600000|100%| E|CS|TAMS 0x0000000713500000, 0x0000000713500000| Complete 
| 244|0x0000000713600000, 0x0000000713700000, 0x0000000713700000|100%| E|CS|TAMS 0x0000000713600000, 0x0000000713600000| Complete 
| 245|0x0000000713700000, 0x0000000713800000, 0x0000000713800000|100%| E|  |TAMS 0x0000000713700000, 0x0000000713700000| Complete 
| 246|0x0000000713800000, 0x0000000713900000, 0x0000000713900000|100%| E|CS|TAMS 0x0000000713800000, 0x0000000713800000| Complete 
| 247|0x0000000713900000, 0x0000000713a00000, 0x0000000713a00000|100%| E|CS|TAMS 0x0000000713900000, 0x0000000713900000| Complete 
| 248|0x0000000713a00000, 0x0000000713b00000, 0x0000000713b00000|100%| E|CS|TAMS 0x0000000713a00000, 0x0000000713a00000| Complete 
| 249|0x0000000713b00000, 0x0000000713c00000, 0x0000000713c00000|100%| E|CS|TAMS 0x0000000713b00000, 0x0000000713b00000| Complete 
| 250|0x0000000713c00000, 0x0000000713d00000, 0x0000000713d00000|100%| E|CS|TAMS 0x0000000713c00000, 0x0000000713c00000| Complete 
| 251|0x0000000713d00000, 0x0000000713e00000, 0x0000000713e00000|100%| E|CS|TAMS 0x0000000713d00000, 0x0000000713d00000| Complete 

Card table byte_map: [0x00000252e38b0000,0x00000252e4090000] _byte_map_base: 0x00000252e008f000

Marking Bits (Prev, Next): (CMBitMap*) 0x00000252caf46f08, (CMBitMap*) 0x00000252caf46f40
 Prev Bits: [0x00000252e4870000, 0x00000252e8768000)
 Next Bits: [0x00000252e8770000, 0x00000252ec668000)

Polling page: 0x00000252c8ef0000

Metaspace:

Usage:
  Non-class:     33.37 MB capacity,    32.16 MB ( 96%) used,     1.10 MB (  3%) free+waste,   111.50 KB ( <1%) overhead. 
      Class:      4.58 MB capacity,     3.96 MB ( 86%) used,   580.84 KB ( 12%) free+waste,    53.38 KB (  1%) overhead. 
       Both:     37.96 MB capacity,    36.12 MB ( 95%) used,     1.67 MB (  4%) free+waste,   164.88 KB ( <1%) overhead. 

Virtual space:
  Non-class space:       34.00 MB reserved,      33.50 MB ( 99%) committed 
      Class space:        1.00 GB reserved,       4.63 MB ( <1%) committed 
             Both:        1.03 GB reserved,      38.13 MB (  4%) committed 

Chunk freelists:
   Non-Class:  1.00 KB
       Class:  12.00 KB
        Both:  13.00 KB

MaxMetaspaceSize: 17179869184.00 GB
CompressedClassSpaceSize: 1.00 GB
Initial GC threshold: 20.80 MB
Current GC threshold: 58.75 MB
CDS: off

CodeHeap 'non-profiled nmethods': size=119168Kb used=2216Kb max_used=2216Kb free=116951Kb
 bounds [0x00000252db1d0000, 0x00000252db440000, 0x00000252e2630000]
CodeHeap 'profiled nmethods': size=119168Kb used=9531Kb max_used=9531Kb free=109636Kb
 bounds [0x00000252d3d70000, 0x00000252d46c0000, 0x00000252db1d0000]
CodeHeap 'non-nmethods': size=7424Kb used=2967Kb max_used=3001Kb free=4456Kb
 bounds [0x00000252d3630000, 0x00000252d3930000, 0x00000252d3d70000]
 total_blobs=4585 nmethods=4018 adapters=475
 compilation: enabled
              stopped_count=0, restarted_count=0
 full_count=0

Compilation events (20 events):
Event: 3.313 Thread 0x00000252f05bd800 4001       3       sun.reflect.annotation.AnnotationParser::parseAnnotations2 (135 bytes)
Event: 3.314 Thread 0x00000252f0567000 4002       3       java.util.logging.LogManager::checkPermission (16 bytes)
Event: 3.314 Thread 0x00000252f0567000 nmethod 4002 0x00000252d46a4a90 code [0x00000252d46a4c60, 0x00000252d46a4ee8]
Event: 3.314 Thread 0x00000252f05bd800 nmethod 4001 0x00000252d46a5010 code [0x00000252d46a5400, 0x00000252d46a6ed8]
Event: 3.314 Thread 0x00000252f05bd800 4003       3       java.lang.invoke.Invokers$Holder::invoke_MT (26 bytes)
Event: 3.314 Thread 0x00000252f04ea800 4004       3       java.nio.HeapByteBuffer::get (14 bytes)
Event: 3.314 Thread 0x00000252f0567000 4005       3       java.lang.invoke.DirectMethodHandle$Holder::invokeStatic (28 bytes)
Event: 3.314 Thread 0x00000252f03a4800 4006       3       java.lang.invoke.BoundMethodHandle$Species_LLLLLL::make (20 bytes)
Event: 3.314 Thread 0x00000252f04ea800 nmethod 4004 0x00000252d46a7a10 code [0x00000252d46a7be0, 0x00000252d46a7f28]
Event: 3.314 Thread 0x00000252f04ea800 4007       3       java.lang.invoke.BoundMethodHandle$Species_LLLLLL::<init> (42 bytes)
Event: 3.314 Thread 0x00000252f03a4800 nmethod 4006 0x00000252d46a8090 code [0x00000252d46a8240, 0x00000252d46a8428]
Event: 3.315 Thread 0x00000252f03a4800 4008       3       java.lang.invoke.BoundMethodHandle$Species_LLLLLL::speciesData (4 bytes)
Event: 3.315 Thread 0x00000252f0567000 nmethod 4005 0x00000252d46a8510 code [0x00000252d46a86e0, 0x00000252d46a8cb8]
Event: 3.315 Thread 0x00000252f05bd800 nmethod 4003 0x00000252d46a8e10 code [0x00000252d46a9040, 0x00000252d46a9b38]
Event: 3.315 Thread 0x00000252f03a4800 nmethod 4008 0x00000252d46a9e10 code [0x00000252d46a9fc0, 0x00000252d46aa0d8]
Event: 3.315 Thread 0x00000252f04ea800 nmethod 4007 0x00000252d46aa190 code [0x00000252d46aa360, 0x00000252d46aa7a8]
Event: 3.320 Thread 0x00000252f0567000 4010       3       java.lang.invoke.BoundMethodHandle$Species_LL::copyWithExtendL (25 bytes)
Event: 3.321 Thread 0x00000252f05bd800 4011       3       java.lang.invoke.BoundMethodHandle$Species_LLL::copyWithExtendL (29 bytes)
Event: 3.321 Thread 0x00000252f0567000 nmethod 4010 0x00000252d46aa910 code [0x00000252d46aab00, 0x00000252d46aaf88]
Event: 3.321 Thread 0x00000252f05bd800 nmethod 4011 0x00000252d46ab090 code [0x00000252d46ab280, 0x00000252d46ab728]

GC Heap History (10 events):
Event: 0.804 GC heap before
{Heap before GC invocations=0 (full 0):
 garbage-first heap   total 258048K, used 23552K [0x0000000704200000, 0x0000000800000000)
  region size 1024K, 24 young (24576K), 0 survivors (0K)
 Metaspace       used 14046K, capacity 14407K, committed 14592K, reserved 1062912K
  class space    used 1324K, capacity 1429K, committed 1536K, reserved 1048576K
}
Event: 0.810 GC heap after
{Heap after GC invocations=1 (full 0):
 garbage-first heap   total 258048K, used 5350K [0x0000000704200000, 0x0000000800000000)
  region size 1024K, 3 young (3072K), 3 survivors (3072K)
 Metaspace       used 14046K, capacity 14407K, committed 14592K, reserved 1062912K
  class space    used 1324K, capacity 1429K, committed 1536K, reserved 1048576K
}
Event: 1.496 GC heap before
{Heap before GC invocations=1 (full 0):
 garbage-first heap   total 258048K, used 54502K [0x0000000704200000, 0x0000000800000000)
  region size 1024K, 50 young (51200K), 3 survivors (3072K)
 Metaspace       used 20532K, capacity 21185K, committed 21248K, reserved 1069056K
  class space    used 2039K, capacity 2289K, committed 2304K, reserved 1048576K
}
Event: 1.503 GC heap after
{Heap after GC invocations=2 (full 0):
 garbage-first heap   total 258048K, used 14332K [0x0000000704200000, 0x0000000800000000)
  region size 1024K, 10 young (10240K), 10 survivors (10240K)
 Metaspace       used 20532K, capacity 21185K, committed 21248K, reserved 1069056K
  class space    used 2039K, capacity 2289K, committed 2304K, reserved 1048576K
}
Event: 1.612 GC heap before
{Heap before GC invocations=3 (full 0):
 garbage-first heap   total 258048K, used 24572K [0x0000000704200000, 0x0000000800000000)
  region size 1024K, 20 young (20480K), 10 survivors (10240K)
 Metaspace       used 21987K, capacity 22701K, committed 23040K, reserved 1069056K
  class space    used 2186K, capacity 2456K, committed 2560K, reserved 1048576K
}
Event: 1.617 GC heap after
{Heap after GC invocations=4 (full 0):
 garbage-first heap   total 258048K, used 14945K [0x0000000704200000, 0x0000000800000000)
  region size 1024K, 1 young (1024K), 1 survivors (1024K)
 Metaspace       used 21987K, capacity 22701K, committed 23040K, reserved 1069056K
  class space    used 2186K, capacity 2456K, committed 2560K, reserved 1048576K
}
Event: 2.239 GC heap before
{Heap before GC invocations=4 (full 0):
 garbage-first heap   total 258048K, used 73313K [0x0000000704200000, 0x0000000800000000)
  region size 1024K, 59 young (60416K), 1 survivors (1024K)
 Metaspace       used 30775K, capacity 31619K, committed 31872K, reserved 1077248K
  class space    used 3264K, capacity 3589K, committed 3712K, reserved 1048576K
}
Event: 2.242 GC heap after
{Heap after GC invocations=5 (full 0):
 garbage-first heap   total 258048K, used 16985K [0x0000000704200000, 0x0000000800000000)
  region size 1024K, 3 young (3072K), 3 survivors (3072K)
 Metaspace       used 30775K, capacity 31619K, committed 31872K, reserved 1077248K
  class space    used 3264K, capacity 3589K, committed 3712K, reserved 1048576K
}
Event: 3.194 GC heap before
{Heap before GC invocations=5 (full 0):
 garbage-first heap   total 258048K, used 109145K [0x0000000704200000, 0x0000000800000000)
  region size 1024K, 88 young (90112K), 3 survivors (3072K)
 Metaspace       used 34449K, capacity 35756K, committed 35840K, reserved 1081344K
  class space    used 3706K, capacity 4159K, committed 4224K, reserved 1048576K
}
Event: 3.208 GC heap after
{Heap after GC invocations=6 (full 0):
 garbage-first heap   total 258048K, used 31869K [0x0000000704200000, 0x0000000800000000)
  region size 1024K, 12 young (12288K), 12 survivors (12288K)
 Metaspace       used 34449K, capacity 35756K, committed 35840K, reserved 1081344K
  class space    used 3706K, capacity 4159K, committed 4224K, reserved 1048576K
}

Deoptimization events (20 events):
Event: 3.114 Thread 0x00000252f1d8f000 DEOPT PACKING pc=0x00000252d4400d9e sp=0x000000e1c98f9070
Event: 3.114 Thread 0x00000252f1d8f000 DEOPT UNPACKING pc=0x00000252d367a95e sp=0x000000e1c98f85f8 mode 0
Event: 3.192 Thread 0x00000252f1d9b000 Uncommon trap: trap_request=0xffffff4d fr.pc=0x00000252db347554 relative=0x0000000000000094
Event: 3.192 Thread 0x00000252f1d9b000 Uncommon trap: reason=unstable_if action=reinterpret pc=0x00000252db347554 method=sun.reflect.generics.parser.SignatureParser.current()C @ 39 c2
Event: 3.192 Thread 0x00000252f1d9b000 DEOPT PACKING pc=0x00000252db347554 sp=0x000000e1ca0fd140
Event: 3.192 Thread 0x00000252f1d9b000 DEOPT UNPACKING pc=0x00000252d367a1af sp=0x000000e1ca0fd0d8 mode 2
Event: 3.240 Thread 0x00000252f1d8f000 Uncommon trap: trap_request=0xffffff4d fr.pc=0x00000252db2862c8 relative=0x0000000000000188
Event: 3.240 Thread 0x00000252f1d8f000 Uncommon trap: reason=unstable_if action=reinterpret pc=0x00000252db2862c8 method=java.net.URI$Parser.scan(IIJJ)I @ 28 c2
Event: 3.240 Thread 0x00000252f1d8f000 DEOPT PACKING pc=0x00000252db2862c8 sp=0x000000e1c98f8c10
Event: 3.240 Thread 0x00000252f1d8f000 DEOPT UNPACKING pc=0x00000252d367a1af sp=0x000000e1c98f8bc8 mode 2
Event: 3.242 Thread 0x00000252f1d8f000 DEOPT PACKING pc=0x00000252d3e68cc5 sp=0x000000e1c98f9b00
Event: 3.242 Thread 0x00000252f1d8f000 DEOPT UNPACKING pc=0x00000252d367a95e sp=0x000000e1c98f8f80 mode 0
Event: 3.243 Thread 0x00000252f1d8f000 DEOPT PACKING pc=0x00000252d3e68cc5 sp=0x000000e1c98f9ac0
Event: 3.243 Thread 0x00000252f1d8f000 DEOPT UNPACKING pc=0x00000252d367a95e sp=0x000000e1c98f8f40 mode 0
Event: 3.243 Thread 0x00000252f1d8f000 DEOPT PACKING pc=0x00000252d44da3a2 sp=0x000000e1c98f9d40
Event: 3.243 Thread 0x00000252f1d8f000 DEOPT UNPACKING pc=0x00000252d367a95e sp=0x000000e1c98f91b8 mode 0
Event: 3.244 Thread 0x00000252f1d8f000 DEOPT PACKING pc=0x00000252d3e68cc5 sp=0x000000e1c98f9d60
Event: 3.244 Thread 0x00000252f1d8f000 DEOPT UNPACKING pc=0x00000252d367a95e sp=0x000000e1c98f91e0 mode 0
Event: 3.258 Thread 0x00000252f1d8f000 DEOPT PACKING pc=0x00000252d45478de sp=0x000000e1c98fd810
Event: 3.258 Thread 0x00000252f1d8f000 DEOPT UNPACKING pc=0x00000252d367a95e sp=0x000000e1c98fcd30 mode 0

Classes redefined (0 events):
No events

Internal exceptions (20 events):
Event: 2.518 Thread 0x00000252f1b16800 Exception <a 'sun/nio/fs/WindowsException'{0x0000000713ccfb50}> (0x0000000713ccfb50) thrown at [./src/hotspot/share/prims/jni.cpp, line 617]
Event: 2.520 Thread 0x00000252f1b15000 Exception <a 'sun/nio/fs/WindowsException'{0x00000007132155f0}> (0x00000007132155f0) thrown at [./src/hotspot/share/prims/jni.cpp, line 617]
Event: 2.523 Thread 0x00000252f1b0a800 Exception <a 'sun/nio/fs/WindowsException'{0x0000000713dacd70}> (0x0000000713dacd70) thrown at [./src/hotspot/share/prims/jni.cpp, line 617]
Event: 2.525 Thread 0x00000252f1b0a800 Exception <a 'sun/nio/fs/WindowsException'{0x0000000713dc1b48}> (0x0000000713dc1b48) thrown at [./src/hotspot/share/prims/jni.cpp, line 617]
Event: 2.527 Thread 0x00000252f1b12800 Exception <a 'sun/nio/fs/WindowsException'{0x0000000713baa9b8}> (0x0000000713baa9b8) thrown at [./src/hotspot/share/prims/jni.cpp, line 617]
Event: 2.530 Thread 0x00000252f1b11000 Exception <a 'sun/nio/fs/WindowsException'{0x00000007132460d0}> (0x00000007132460d0) thrown at [./src/hotspot/share/prims/jni.cpp, line 617]
Event: 2.533 Thread 0x00000252f1b14000 Exception <a 'sun/nio/fs/WindowsException'{0x0000000713826be8}> (0x0000000713826be8) thrown at [./src/hotspot/share/prims/jni.cpp, line 617]
Event: 2.536 Thread 0x00000252f1b19000 Exception <a 'sun/nio/fs/WindowsException'{0x0000000713860140}> (0x0000000713860140) thrown at [./src/hotspot/share/prims/jni.cpp, line 617]
Event: 2.539 Thread 0x00000252f1d94800 Exception <a 'sun/nio/fs/WindowsException'{0x000000071373b0e0}> (0x000000071373b0e0) thrown at [./src/hotspot/share/prims/jni.cpp, line 617]
Event: 2.542 Thread 0x00000252f1d93000 Exception <a 'sun/nio/fs/WindowsException'{0x000000071378c128}> (0x000000071378c128) thrown at [./src/hotspot/share/prims/jni.cpp, line 617]
Event: 2.545 Thread 0x00000252f1d93000 Exception <a 'sun/nio/fs/WindowsException'{0x0000000712fc2060}> (0x0000000712fc2060) thrown at [./src/hotspot/share/prims/jni.cpp, line 617]
Event: 2.549 Thread 0x00000252f1d95800 Exception <a 'sun/nio/fs/WindowsException'{0x00000007136161e0}> (0x00000007136161e0) thrown at [./src/hotspot/share/prims/jni.cpp, line 617]
Event: 2.552 Thread 0x00000252f1d95800 Exception <a 'sun/nio/fs/WindowsException'{0x0000000712fe62e8}> (0x0000000712fe62e8) thrown at [./src/hotspot/share/prims/jni.cpp, line 617]
Event: 2.555 Thread 0x00000252f1d9b000 Exception <a 'sun/nio/fs/WindowsException'{0x0000000713670d80}> (0x0000000713670d80) thrown at [./src/hotspot/share/prims/jni.cpp, line 617]
Event: 2.561 Thread 0x00000252f1d99800 Exception <a 'sun/nio/fs/WindowsException'{0x00000007136f4db0}> (0x00000007136f4db0) thrown at [./src/hotspot/share/prims/jni.cpp, line 617]
Event: 2.564 Thread 0x00000252f1d97000 Exception <a 'sun/nio/fs/WindowsException'{0x00000007133ba3e0}> (0x00000007133ba3e0) thrown at [./src/hotspot/share/prims/jni.cpp, line 617]
Event: 2.569 Thread 0x00000252f1d9c800 Exception <a 'sun/nio/fs/WindowsException'{0x0000000713560358}> (0x0000000713560358) thrown at [./src/hotspot/share/prims/jni.cpp, line 617]
Event: 2.572 Thread 0x00000252f1d98000 Exception <a 'sun/nio/fs/WindowsException'{0x0000000713135690}> (0x0000000713135690) thrown at [./src/hotspot/share/prims/jni.cpp, line 617]
Event: 2.574 Thread 0x00000252f1d98000 Exception <a 'sun/nio/fs/WindowsException'{0x0000000713149838}> (0x0000000713149838) thrown at [./src/hotspot/share/prims/jni.cpp, line 617]
Event: 2.577 Thread 0x00000252f352d000 Exception <a 'sun/nio/fs/WindowsException'{0x00000007133fca18}> (0x00000007133fca18) thrown at [./src/hotspot/share/prims/jni.cpp, line 617]

Events (20 events):
Event: 3.316 loading class org/jenkinsci/plugins/matrixauth/AuthorizationContainer
Event: 3.316 loading class org/jenkinsci/plugins/matrixauth/AuthorizationContainer done
Event: 3.317 loading class org/jenkinsci/plugins/pipeline/modeldefinition/DescriptorLookupCache
Event: 3.317 loading class org/jenkinsci/plugins/pipeline/modeldefinition/DescriptorLookupCache done
Event: 3.318 loading class org/jenkinsci/plugins/workflow/steps/StepDescriptor
Event: 3.318 loading class org/jenkinsci/plugins/workflow/steps/StepDescriptor done
Event: 3.319 loading class org/jenkinsci/plugins/structs/describable/DescribableModel
Event: 3.319 loading class org/jenkinsci/plugins/structs/describable/DescribableModel done
Event: 3.320 loading class org/jenkinsci/plugins/pipeline/modeldefinition/ModelStepLoader
Event: 3.320 loading class org/jenkinsci/plugins/pipeline/modeldefinition/ModelStepLoader done
Event: 3.321 loading class org/jenkinsci/plugins/workflow/cps/GlobalVariable
Event: 3.321 loading class org/jenkinsci/plugins/workflow/cps/GlobalVariable done
Event: 3.323 loading class org/jenkinsci/plugins/workflow/cps/CpsScript
Event: 3.323 loading class org/jenkinsci/plugins/workflow/cps/CpsScript done
Event: 3.323 loading class com/cloudbees/groovy/cps/SerializableScript
Event: 3.323 loading class com/cloudbees/groovy/cps/SerializableScript done
Event: 3.325 loading class org/jenkinsci/plugins/scriptsecurity/scripts/ClasspathEntry
Event: 3.325 loading class org/jenkinsci/plugins/scriptsecurity/scripts/ClasspathEntry done
Event: 3.327 loading class org/jenkinsci/plugins/workflow/cps/global/GrapeHack
Event: 3.327 loading class org/jenkinsci/plugins/workflow/cps/global/GrapeHack done


Dynamic libraries:
0x00007ff73d820000 - 0x00007ff73d82d000 	C:\Program Files\Microsoft\jdk-11.0.16.101-hotspot\bin\java.exe
0x00007ffcc2590000 - 0x00007ffcc27a6000 	C:\Windows\SYSTEM32\ntdll.dll
0x00007ffcc1a60000 - 0x00007ffcc1b24000 	C:\Windows\System32\KERNEL32.DLL
0x00007ffcbff10000 - 0x00007ffcc02b7000 	C:\Windows\System32\KERNELBASE.dll
0x00007ffcbfa50000 - 0x00007ffcbfb61000 	C:\Windows\System32\ucrtbase.dll
0x00007ffcb2e00000 - 0x00007ffcb2e15000 	C:\Program Files\Microsoft\jdk-11.0.16.101-hotspot\bin\VCRUNTIME140.dll
0x00007ffcb2de0000 - 0x00007ffcb2df7000 	C:\Program Files\Microsoft\jdk-11.0.16.101-hotspot\bin\jli.dll
0x00007ffcc10a0000 - 0x00007ffcc124e000 	C:\Windows\System32\USER32.dll
0x00007ffcbfe20000 - 0x00007ffcbfe46000 	C:\Windows\System32\win32u.dll
0x00007ffcc1910000 - 0x00007ffcc1939000 	C:\Windows\System32\GDI32.dll
0x00007ffca3f90000 - 0x00007ffca4223000 	C:\Windows\WinSxS\amd64_microsoft.windows.common-controls_6595b64144ccf1df_6.0.22621.3235_none_270f74e173860f98\COMCTL32.dll
0x00007ffcbf8b0000 - 0x00007ffcbf9c9000 	C:\Windows\System32\gdi32full.dll
0x00007ffcc1810000 - 0x00007ffcc18b7000 	C:\Windows\System32\msvcrt.dll
0x00007ffcbfd80000 - 0x00007ffcbfe1a000 	C:\Windows\System32\msvcp_win.dll
0x00007ffcc18c0000 - 0x00007ffcc18f1000 	C:\Windows\System32\IMM32.DLL
0x00007ffc561f0000 - 0x00007ffc5628b000 	C:\Program Files\Microsoft\jdk-11.0.16.101-hotspot\bin\msvcp140.dll
0x00007ffbfe590000 - 0x00007ffbff11a000 	C:\Program Files\Microsoft\jdk-11.0.16.101-hotspot\bin\server\jvm.dll
0x00007ffcc0fe0000 - 0x00007ffcc1092000 	C:\Windows\System32\ADVAPI32.dll
0x00007ffcc1b50000 - 0x00007ffcc1bf8000 	C:\Windows\System32\sechost.dll
0x00007ffcbfb70000 - 0x00007ffcbfb98000 	C:\Windows\System32\bcrypt.dll
0x00007ffcc1940000 - 0x00007ffcc1a55000 	C:\Windows\System32\RPCRT4.dll
0x00007ffcc1c00000 - 0x00007ffcc1c08000 	C:\Windows\System32\PSAPI.DLL
0x00007ffcb7420000 - 0x00007ffcb742a000 	C:\Windows\SYSTEM32\VERSION.dll
0x00007ffcb8c10000 - 0x00007ffcb8c44000 	C:\Windows\SYSTEM32\WINMM.dll
0x00007ffcba290000 - 0x00007ffcba299000 	C:\Windows\SYSTEM32\WSOCK32.dll
0x00007ffcc0d60000 - 0x00007ffcc0dd1000 	C:\Windows\System32\WS2_32.dll
0x00007ffcbe850000 - 0x00007ffcbe868000 	C:\Windows\SYSTEM32\kernel.appcore.dll
0x00007ffcb9f20000 - 0x00007ffcb9f30000 	C:\Program Files\Microsoft\jdk-11.0.16.101-hotspot\bin\verify.dll
0x00007ffcbca70000 - 0x00007ffcbcca3000 	C:\Windows\SYSTEM32\DBGHELP.DLL
0x00007ffcc1470000 - 0x00007ffcc17f8000 	C:\Windows\System32\combase.dll
0x00007ffcc0c80000 - 0x00007ffcc0d57000 	C:\Windows\System32\OLEAUT32.dll
0x00007ffc95ad0000 - 0x00007ffc95b02000 	C:\Windows\SYSTEM32\dbgcore.DLL
0x00007ffcbf9d0000 - 0x00007ffcbfa49000 	C:\Windows\System32\bcryptPrimitives.dll
0x00007ffc83810000 - 0x00007ffc83838000 	C:\Program Files\Microsoft\jdk-11.0.16.101-hotspot\bin\java.dll
0x00007ffcb8d20000 - 0x00007ffcb8d2a000 	C:\Program Files\Microsoft\jdk-11.0.16.101-hotspot\bin\jimage.dll
0x00007ffc8aea0000 - 0x00007ffc8aeb8000 	C:\Program Files\Microsoft\jdk-11.0.16.101-hotspot\bin\zip.dll
0x00007ffcc0320000 - 0x00007ffcc0b7c000 	C:\Windows\System32\SHELL32.dll
0x00007ffcbd7c0000 - 0x00007ffcbe0b9000 	C:\Windows\SYSTEM32\windows.storage.dll
0x00007ffcbd680000 - 0x00007ffcbd7be000 	C:\Windows\SYSTEM32\wintypes.dll
0x00007ffcc1c10000 - 0x00007ffcc1d03000 	C:\Windows\System32\SHCORE.dll
0x00007ffcc02c0000 - 0x00007ffcc031e000 	C:\Windows\System32\shlwapi.dll
0x00007ffcbf7e0000 - 0x00007ffcbf801000 	C:\Windows\SYSTEM32\profapi.dll
0x00007ffc7a730000 - 0x00007ffc7a749000 	C:\Program Files\Microsoft\jdk-11.0.16.101-hotspot\bin\net.dll
0x00007ffcbaa20000 - 0x00007ffcbab56000 	C:\Windows\SYSTEM32\WINHTTP.dll
0x00007ffcbed10000 - 0x00007ffcbed79000 	C:\Windows\system32\mswsock.dll
0x00007ffc7a710000 - 0x00007ffc7a723000 	C:\Program Files\Microsoft\jdk-11.0.16.101-hotspot\bin\nio.dll
0x00007ffcbf020000 - 0x00007ffcbf03b000 	C:\Windows\SYSTEM32\CRYPTSP.dll
0x00007ffcbe810000 - 0x00007ffcbe845000 	C:\Windows\system32\rsaenh.dll
0x00007ffcbedb0000 - 0x00007ffcbedd8000 	C:\Windows\SYSTEM32\USERENV.dll
0x00007ffcbef80000 - 0x00007ffcbef8c000 	C:\Windows\SYSTEM32\CRYPTBASE.dll
0x00007ffcbe320000 - 0x00007ffcbe34d000 	C:\Windows\SYSTEM32\IPHLPAPI.DLL
0x00007ffcc1340000 - 0x00007ffcc1349000 	C:\Windows\System32\NSI.dll
0x00007ffcba6a0000 - 0x00007ffcba6b9000 	C:\Windows\SYSTEM32\dhcpcsvc6.DLL
0x00007ffcba680000 - 0x00007ffcba69f000 	C:\Windows\SYSTEM32\dhcpcsvc.DLL
0x00007ffcbe350000 - 0x00007ffcbe449000 	C:\Windows\SYSTEM32\DNSAPI.dll
0x00007ffcb6f00000 - 0x00007ffcb6f0e000 	C:\Program Files\Microsoft\jdk-11.0.16.101-hotspot\bin\sunmscapi.dll
0x00007ffcbfc10000 - 0x00007ffcbfd77000 	C:\Windows\System32\CRYPT32.dll
0x00007ffcbf250000 - 0x00007ffcbf27e000 	C:\Windows\SYSTEM32\ncrypt.dll
0x00007ffcbf210000 - 0x00007ffcbf247000 	C:\Windows\SYSTEM32\NTASN1.dll
0x00007ffc777d0000 - 0x00007ffc777f5000 	C:\Program Files\Microsoft\jdk-11.0.16.101-hotspot\bin\sunec.dll
0x00007ffbfe3f0000 - 0x00007ffbfe58a000 	C:\Program Files\Microsoft\jdk-11.0.16.101-hotspot\bin\awt.dll
0x00007ffcb7450000 - 0x00007ffcb74e7000 	C:\Windows\SYSTEM32\apphelp.dll
0x00007ffc42a80000 - 0x00007ffc42b03000 	C:\Program Files\Microsoft\jdk-11.0.16.101-hotspot\bin\freetype.dll
0x00007ffc429d0000 - 0x00007ffc42a75000 	C:\Program Files\Microsoft\jdk-11.0.16.101-hotspot\bin\fontmanager.dll
0x00007ffcb5710000 - 0x00007ffcb5719000 	C:\Program Files\Microsoft\jdk-11.0.16.101-hotspot\bin\management.dll
0x00007ffca4670000 - 0x00007ffca467b000 	C:\Program Files\Microsoft\jdk-11.0.16.101-hotspot\bin\management_ext.dll

dbghelp: loaded successfully - version: 4.0.5 - missing functions: none
symbol engine: initialized successfully - sym options: 0x614 - pdb path: .;C:\Program Files\Microsoft\jdk-11.0.16.101-hotspot\bin;C:\Windows\SYSTEM32;C:\Windows\WinSxS\amd64_microsoft.windows.common-controls_6595b64144ccf1df_6.0.22621.3235_none_270f74e173860f98;C:\Program Files\Microsoft\jdk-11.0.16.101-hotspot\bin\server

VM Arguments:
java_command: jenkins.war --httpPort=8080
java_class_path (initial): jenkins.war
Launcher Type: SUN_STANDARD

[Global flags]
     intx CICompilerCount                          = 12                                        {product} {ergonomic}
     uint ConcGCThreads                            = 4                                         {product} {ergonomic}
     uint G1ConcRefinementThreads                  = 15                                        {product} {ergonomic}
   size_t G1HeapRegionSize                         = 1048576                                   {product} {ergonomic}
    uintx GCDrainStackTargetSize                   = 64                                        {product} {ergonomic}
   size_t InitialHeapSize                          = 264241152                                 {product} {ergonomic}
   size_t MarkStackSize                            = 4194304                                   {product} {ergonomic}
   size_t MaxHeapSize                              = 4225761280                                {product} {ergonomic}
   size_t MaxNewSize                               = 2535456768                                {product} {ergonomic}
   size_t MinHeapDeltaBytes                        = 1048576                                   {product} {ergonomic}
    uintx NonNMethodCodeHeapSize                   = 7594288                                {pd product} {ergonomic}
    uintx NonProfiledCodeHeapSize                  = 122031976                              {pd product} {ergonomic}
    uintx ProfiledCodeHeapSize                     = 122031976                              {pd product} {ergonomic}
    uintx ReservedCodeCacheSize                    = 251658240                              {pd product} {ergonomic}
     bool SegmentedCodeCache                       = true                                      {product} {ergonomic}
     bool UseCompressedClassPointers               = true                                 {lp64_product} {ergonomic}
     bool UseCompressedOops                        = true                                 {lp64_product} {ergonomic}
     bool UseG1GC                                  = true                                      {product} {ergonomic}
     bool UseLargePagesIndividualAllocation        = false                                  {pd product} {ergonomic}

Logging:
Log output configuration:
 #0: stdout all=warning uptime,level,tags
 #1: stderr all=off uptime,level,tags

Environment Variables:
PATH=C:\Program Files\NVIDIA GPU Computing Toolkit\CUDA\v12.4\bin;C:\Program Files\NVIDIA GPU Computing Toolkit\CUDA\v12.4\libnvvp;D:\Program Files (x86)\VMware\VMware Workstation\bin\;C:\Program Files (x86)\Common Files\Intel\Shared Libraries\redist\intel64\compiler;C:\Program Files\Microsoft\jdk-11.0.16.101-hotspot\bin;C:\Windows\system32;C:\Windows;C:\Windows\System32\Wbem;C:\Windows\System32\WindowsPowerShell\v1.0\;C:\Windows\System32\OpenSSH\;C:\Program Files (x86)\NVIDIA Corporation\PhysX\Common;C:\Program Files\NVIDIA Corporation\NVIDIA NvDLISR;C:\Program Files\dotnet\;C:\Windows\System32\WindowsPowerShell\v1.0;D:\Git\cmd;C:\Program Files\Docker\Docker\resources\bin;D:\Program Files (x86)\NetSarang\Xshell 7\;D:\Program Files (x86)\NetSarang\Xftp 7\;D:\nodejs\;D:\download\apache-maven-3.9.6-bin\apache-maven-3.9.6\bin;C:\Program Files\NVIDIA Corporation\Nsight Compute 2024.1.1\;C:\Users\Bryan\scoop\shims;C:\Users\Bryan\AppData\Local\Microsoft\WindowsApps;C:\Users\Bryan\AppData\Local\Programs\Microsoft VS Code\bin;D:\flutter_windows_3.10.4-stable\flutter\bin;D:\JetBrains\DataGrip 2023.1.2\bin;;D:\flutter_windows_3.10.4-stable\flutter\bin\cache\dart-sdk\bin;C:\Users\Bryan\AppData\Local\Pub\Cache\bin;D:\Users\Bryan\AppData\Local\Programs\Python\Python311;D:\Users\Bryan\AppData\Local\Programs\Python\Python311\Scripts;D:\Program Files\JetBrains\PyCharm Community Edition 2023.2.1\bin;;D:\Program Files\PostgreSQL\15\bin;D:\Program Files (x86)\ISC BIND 9\bin;D:\Program Files (x86)\Nmap;D:\Program Files\JetBrains\IntelliJ IDEA 2023.3.1\bin;;C:\Users\Bryan\AppData\Roaming\npm;D:\download\apache-maven-3.9.6-bin\apache-maven-3.9.6\bin;D:\download\pmd-dist-7.0.0-bin\pmd-bin-7.0.0\bin;
USERNAME=Bryan
OS=Windows_NT
PROCESSOR_IDENTIFIER=Intel64 Family 6 Model 154 Stepping 3, GenuineIntel
TMP=C:\Users\Bryan\AppData\Local\Temp
TEMP=C:\Users\Bryan\AppData\Local\Temp



---------------  S Y S T E M  ---------------

OS: Windows 11 , 64 bit Build 22621 (10.0.22621.3374)
OS uptime: 1 days 18:40 hours
Hyper-V role detected

CPU:total 20 (initial active 20) (10 cores per cpu, 2 threads per core) family 6 model 154 stepping 3 microcode 0x424, cmov, cx8, fxsr, mmx, sse, sse2, sse3, ssse3, sse4.1, sse4.2, popcnt, avx, avx2, aes, clmul, erms, 3dnowpref, lzcnt, ht, tsc, tscinvbit, bmi1, bmi2, adx, sha, fma

Memory: 4k page, system-wide physical 16115M (2340M free)
TotalPageFile size 40197M (AvailPageFile size 4M)
current process WorkingSet (physical memory assigned to process): 286M, peak: 286M
current process commit charge ("private bytes"): 478M, peak: 478M

vm_info: OpenJDK 64-Bit Server VM (11.0.16.1+1-LTS) for windows-amd64 JRE (11.0.16.1+1-LTS), built on Aug 20 2022 20:09:04 by "" with MS VC++ 15.9 (VS2017)

END.
